    Blocking waiting for file lock on package cache
    Blocking waiting for file lock on package cache
    Blocking waiting for file lock on package cache
   Compiling proc-macro2 v1.0.106
   Compiling quote v1.0.44
   Compiling unicode-ident v1.0.22
   Compiling libc v0.2.180
    Checking cfg-if v1.0.4
   Compiling serde_core v1.0.228
   Compiling version_check v0.9.5
   Compiling serde v1.0.228
   Compiling typenum v1.19.0
    Checking memchr v2.8.0
   Compiling shlex v1.3.0
   Compiling find-msvc-tools v0.1.9
    Checking bytes v1.11.1
    Checking log v0.4.29
   Compiling zerocopy v0.8.39
    Checking pin-project-lite v0.2.16
    Checking subtle v2.6.1
   Compiling hashbrown v0.16.1
   Compiling equivalent v1.0.2
    Checking futures-core v0.3.31
    Checking scopeguard v1.2.0
   Compiling portable-atomic v1.13.1
   Compiling generic-array v0.14.7
    Checking lock_api v0.4.14
    Checking futures-sink v0.3.31
   Compiling parking_lot_core v0.9.12
    Checking futures-io v0.3.31
    Checking critical-section v1.2.0
    Checking const-oid v0.9.6
    Checking slab v0.4.12
    Checking futures-channel v0.3.31
    Checking pin-utils v0.1.0
    Checking futures-task v0.3.31
   Compiling thiserror v1.0.69
    Checking cpufeatures v0.2.17
   Compiling anyhow v1.0.101
    Checking byteorder v1.5.0
   Compiling winnow v0.7.14
   Compiling rustversion v1.0.22
   Compiling toml_datetime v0.7.5+spec-1.1.0
   Compiling indexmap v2.13.0
   Compiling thiserror v2.0.18
   Compiling regex-syntax v0.8.9
    Checking itoa v1.0.17
    Checking arrayvec v0.7.6
   Compiling aho-corasick v1.1.4
   Compiling unicode-xid v0.2.6
    Checking static_assertions v1.1.0
    Checking once_cell v1.21.3
    Checking allocator-api2 v0.2.21
   Compiling syn v2.0.114
   Compiling libm v0.2.16
    Checking tracing-core v0.1.36
   Compiling autocfg v1.5.0
   Compiling jobserver v0.1.34
    Checking arrayref v0.3.9
    Checking either v1.15.0
    Checking foldhash v0.1.5
   Compiling heck v0.5.0
   Compiling getrandom v0.3.4
   Compiling const_format_proc_macros v0.2.34
    Checking hashbrown v0.15.5
   Compiling cc v1.2.55
   Compiling num-traits v0.2.19
   Compiling zmij v1.0.19
    Checking getrandom v0.2.17
    Checking errno v0.3.14
    Checking rand_core v0.6.4
    Checking signal-hook-registry v1.4.8
    Checking num_cpus v1.17.0
    Checking mio v1.1.1
    Checking socket2 v0.6.2
   Compiling parity-scale-codec v3.7.5
    Checking fnv v1.0.7
    Checking bs58 v0.5.1
    Checking byte-slice-cast v1.2.3
   Compiling toml_parser v1.0.6+spec-1.1.0
    Checking const_format v0.2.35
    Checking bitflags v2.10.0
   Compiling crunchy v0.2.4
   Compiling pkg-config v0.3.32
   Compiling crossbeam-utils v0.8.21
    Checking http v1.4.0
   Compiling regex-automata v0.4.14
   Compiling toml_edit v0.23.10+spec-1.0.0
    Checking tinyvec_macros v0.1.1
    Checking tinyvec v1.10.0
   Compiling semver v1.0.27
   Compiling paste v1.0.15
    Checking base64 v0.22.1
    Checking hex v0.4.3
   Compiling prettyplease v0.2.37
   Compiling termcolor v1.4.1
    Checking bitflags v1.3.2
    Checking keccak v0.1.6
   Compiling httparse v1.10.1
   Compiling rustc_version v0.4.1
   Compiling serde_json v1.0.149
   Compiling cranelift-srcgen v0.122.0
   Compiling lazy_static v1.5.0
   Compiling digest v0.9.0
    Checking integer-sqrt v0.1.5
   Compiling zstd-sys v2.0.16+zstd.1.5.7
   Compiling cranelift-isle v0.122.0
    Checking rustc-hash v2.1.1
   Compiling cranelift-bitset v0.122.0
   Compiling rustix v1.1.3
   Compiling cranelift-assembler-x64-meta v0.122.0
   Compiling curve25519-dalek v4.1.3
   Compiling proc-macro-crate v3.4.0
    Checking constant_time_eq v0.4.2
   Compiling libsecp256k1-core v0.3.0
    Checking crossbeam-epoch v0.9.18
   Compiling cranelift-codegen-shared v0.122.0
    Checking blake2b_simd v1.0.4
   Compiling ref-cast v1.0.25
   Compiling crc32fast v1.5.0
    Checking base16ct v0.2.0
    Checking opaque-debug v0.3.1
    Checking linux-raw-sys v0.11.0
   Compiling target-lexicon v0.13.4
    Checking uint v0.10.0
    Checking gimli v0.31.1
    Checking ff v0.13.1
   Compiling jam-codec v0.1.1
    Checking hash-db v0.16.0
    Checking ppv-lite86 v0.2.21
    Checking group v0.13.0
   Compiling secp256k1-sys v0.9.2
   Compiling crypto-common v0.1.7
   Compiling block-buffer v0.10.4
    Checking uuid v1.20.0
    Checking wasmtime-internal-math v35.0.0
    Checking bumpalo v3.19.1
    Checking rustc-hex v2.1.0
    Checking base64ct v1.8.3
    Checking rand_chacha v0.3.1
   Compiling libsecp256k1-gen-genmult v0.3.0
   Compiling libsecp256k1-gen-ecmult v0.3.0
    Checking arbitrary v1.4.2
   Compiling toml_write v0.1.2
   Compiling object v0.36.7
   Compiling digest v0.10.7
   Compiling libsecp256k1 v0.7.2
    Checking rand v0.8.5
    Checking password-hash v0.5.0
    Checking http-body v1.0.1
    Checking serde_bytes v0.11.19
    Checking hex-conservative v0.2.2
   Compiling wasmparser v0.235.0
   Compiling time-core v0.1.8
    Checking environmental v1.1.4
   Compiling same-file v1.0.6
    Checking powerfmt v0.2.0
    Checking rustc-demangle v0.1.27
   Compiling num-conv v0.2.0
    Checking bitcoin_hashes v0.14.1
   Compiling regex v1.12.3
   Compiling time-macros v0.2.27
    Checking deranged v0.5.5
   Compiling walkdir v2.5.0
    Checking cranelift-control v0.122.0
    Checking getrandom_or_panic v0.0.3
    Checking fixed-hash v0.8.0
   Compiling Inflector v0.11.4
    Checking impl-num-traits v0.2.0
    Checking unicode-normalization v0.1.22
    Checking num-format v0.4.4
   Compiling cranelift-assembler-x64 v0.122.0
    Checking sp-std v14.0.0
   Compiling rayon-core v1.13.0
   Compiling zstd-safe v7.2.4
   Compiling cpp_demangle v0.4.5
   Compiling wasm-encoder v0.235.0
    Checking time v0.3.47
    Checking crossbeam-deque v0.8.6
   Compiling ittapi-sys v0.4.0
    Checking hash256-std-hasher v0.15.2
    Checking itertools v0.11.0
   Compiling ahash v0.8.12
    Checking array-bytes v6.2.3
    Checking try-lock v0.2.5
    Checking dyn-clone v1.0.20
    Checking tower-service v0.3.3
    Checking leb128fmt v0.1.0
    Checking atomic-waker v1.1.2
    Checking want v0.3.1
    Checking dirs-sys-next v0.1.2
   Compiling ahash v0.7.8
    Checking nohash-hasher v0.2.0
   Compiling wasmtime-internal-cache v35.0.0
    Checking httpdate v1.0.3
   Compiling serde_derive v1.0.228
   Compiling zeroize_derive v1.4.3
   Compiling futures-macro v0.3.31
   Compiling thiserror-impl v1.0.69
   Compiling tracing-attributes v0.1.31
   Compiling tokio-macros v2.6.0
    Checking zeroize v1.8.2
   Compiling thiserror-impl v2.0.18
   Compiling curve25519-dalek-derive v0.1.1
   Compiling impl-trait-for-tuples v0.2.3
   Compiling parity-scale-codec-derive v3.7.5
    Checking futures-util v0.3.31
   Compiling derive_more-impl v1.0.0
   Compiling scale-info-derive v2.11.6
   Compiling pulley-macros v35.0.0
    Checking der v0.7.10
   Compiling pulley-interpreter v35.0.0
   Compiling ref-cast-impl v1.0.25
   Compiling sp-debug-derive v14.0.0
    Checking sha2 v0.10.9
    Checking tracing v0.1.44
    Checking signature v2.2.0
    Checking hmac v0.12.1
    Checking ed25519 v2.2.3
    Checking sha3 v0.10.8
    Checking crypto-bigint v0.5.5
   Compiling jam-codec-derive v0.1.1
   Compiling wasmtime-internal-versioned-export-macros v35.0.0
    Checking derive_more v1.0.0
    Checking rfc6979 v0.4.0
    Checking blake2 v0.10.6
    Checking block-buffer v0.9.0
    Checking merlin v3.0.0
   Compiling derive-syn-parse v0.2.0
    Checking sha2 v0.9.9
    Checking spki v0.7.3
    Checking cobs v0.3.0
    Checking twox-hash v1.6.3
    Checking pkcs8 v0.10.2
    Checking pbkdf2 v0.12.2
    Checking secrecy v0.8.0
   Compiling wasmtime-internal-jit-debug v35.0.0
   Compiling wasmtime-internal-unwinder v35.0.0
    Checking secp256k1 v0.28.2
    Checking sp-crypto-hashing v0.1.0
   Compiling wasmtime v35.0.0
    Checking rayon v1.11.0
    Checking ed25519-dalek v2.2.0
    Checking schnorrkel v0.11.5
    Checking ed25519-zebra v4.1.0
    Checking directories-next v2.0.0
    Checking http-body-util v0.1.3
    Checking debugid v0.8.0
    Checking itertools v0.14.0
   Compiling fs-err v2.11.0
    Checking fxhash v0.2.1
   Compiling common-path v1.0.0
   Compiling prometheus v0.13.4
    Checking ittapi v0.4.0
    Checking memfd v0.6.5
    Checking substrate-bip39 v0.6.0
    Checking addr2line v0.24.2
    Checking wasmtime-internal-jit-icache-coherence v35.0.0
    Checking wasmtime-internal-asm-macros v35.0.0
   Compiling cranelift-codegen-meta v0.122.0
    Checking wasmtime-internal-slab v35.0.0
   Compiling expander v2.2.1
   Compiling syn v1.0.109
    Checking hashbrown v0.12.3
   Compiling file-guard v0.2.0
   Compiling object v0.37.3
    Checking sharded-slab v0.1.7
    Checking futures-executor v0.3.31
    Checking futures v0.3.31
    Checking thread_local v1.1.9
    Checking nu-ansi-term v0.50.3
    Checking gimli v0.32.3
    Checking adler2 v2.0.1
    Checking lru v0.7.8
    Checking miniz_oxide v0.8.9
    Checking hashbrown v0.13.2
   Compiling sp-runtime-interface-proc-macro v20.0.0
    Checking tracing-log v0.2.0
    Checking memory-db v0.34.0
    Checking smallvec v1.15.1
    Checking serdect v0.2.0
    Checking impl-serde v0.5.0
    Checking sec1 v0.7.3
   Compiling serde_spanned v0.6.9
    Checking cranelift-entity v0.122.0
   Compiling toml_datetime v0.6.11
    Checking regalloc2 v0.12.2
    Checking parking_lot v0.12.5
    Checking elliptic-curve v0.13.8
   Compiling toml_edit v0.22.27
    Checking tokio v1.49.0
    Checking cranelift-bforest v0.122.0
    Checking scale-info v2.11.6
    Checking sp-storage v22.0.0
   Compiling ss58-registry v1.51.0
    Checking ecdsa v0.16.9
    Checking sp-externalities v0.31.0
    Checking impl-codec v0.7.1
    Checking k256 v0.13.4
    Checking bip39 v2.2.2
    Checking bounded-collections v0.3.2
    Checking primitive-types v0.13.1
    Checking postcard v1.1.3
    Checking fxprof-processed-profile v0.6.0
    Checking matchers v0.2.0
    Checking addr2line v0.25.1
    Checking tracing-subscriber v0.3.22
    Checking schnellru v0.2.4
    Checking trie-db v0.30.0
    Checking trie-root v0.18.0
   Compiling strum_macros v0.26.4
   Compiling toml v0.8.23
   Compiling sp-io v44.0.0
    Checking backtrace v0.3.76
   Compiling cranelift-codegen v0.122.0
    Checking sp-tracing v19.0.0
    Checking sp-panic-handler v13.0.2
    Checking binary-merkle-tree v16.1.0
    Checking tuplex v0.1.2
    Checking simple-mermaid v0.1.1
   Compiling async-trait v0.1.89
    Checking parity-wasm v0.45.0
   Compiling docify_macros v0.2.9
    Checking tokio-util v0.7.18
   Compiling proc-macro-warning v1.84.1
    Checking frame-metadata v23.0.1
   Compiling sp-api-proc-macro v26.0.0
   Compiling synstructure v0.13.2
    Checking h2 v0.4.13
    Checking strum v0.26.3
   Compiling displaydoc v0.2.5
   Compiling proc-macro-error-attr v1.0.4
   Compiling proc-macro-error v1.0.4
    Checking stable_deref_trait v1.2.1
   Compiling zerovec-derive v0.11.2
    Checking docify v0.2.9
    Checking writeable v0.6.2
    Checking sp-arithmetic v28.0.0
   Compiling zerofrom-derive v0.1.6
   Compiling yoke-derive v0.8.1
   Compiling sp-version-proc-macro v15.0.0
    Checking sp-core v39.0.0
    Checking sp-metadata-ir v0.12.3
    Checking litemap v0.8.1
   Compiling icu_properties_data v2.1.2
   Compiling icu_normalizer_data v2.1.1
    Checking zstd v0.13.3
    Checking data-encoding v2.10.0
    Checking futures-timer v3.0.3
   Compiling pin-project-internal v1.1.10
    Checking sp-weights v33.2.0
    Checking utf8_iter v1.0.4
    Checking percent-encoding v2.3.2
    Checking core2 v0.4.0
    Checking wasmprinter v0.235.0
    Checking unsigned-varint v0.8.0
    Checking form_urlencoded v1.2.2
   Compiling match-lookup v0.1.2
    Checking const-str v0.4.3
    Checking asynchronous-codec v0.6.2
    Checking base-x v0.2.11
    Checking multihash v0.19.3
    Checking hkdf v0.12.4
    Checking quick-protobuf v0.8.1
   Compiling tiny-keccak v2.0.2
   Compiling ring v0.17.14
    Checking web-time v1.1.0
    Checking unsigned-varint v0.7.2
   Compiling glob v0.3.3
    Checking zerofrom v0.1.6
    Checking libp2p-identity v0.2.13
    Checking base256emoji v1.0.2
    Checking yoke v0.8.1
    Checking zerovec v0.11.5
    Checking zerotrie v0.2.3
    Checking sp-keystore v0.45.0
   Compiling const-random-macro v0.1.16
   Compiling clang-sys v1.8.1
   Compiling data-encoding-macro-internal v0.1.17
   Compiling zstd-safe v6.0.6
    Checking void v1.0.2
   Compiling const-random v0.1.18
    Checking pin-project v1.1.10
   Compiling macro_magic_core_macros v0.5.1
   Compiling fastrand v2.3.0
   Compiling minimal-lexical v0.2.1
    Checking multistream-select v0.13.0
    Checking data-encoding-macro v0.1.19
    Checking rw-stream-sink v0.4.0
    Checking multibase v0.9.2
    Checking tinystr v0.8.2
    Checking potential_utf v0.1.4
   Compiling macro_magic_core v0.5.1
   Compiling nom v7.1.3
    Checking icu_collections v2.1.1
    Checking wasmtime-environ v35.0.0
   Compiling bindgen v0.72.1
    Checking untrusted v0.9.0
   Compiling itertools v0.13.0
    Checking icu_locale_core v2.1.1
    Checking rustls-pki-types v1.14.0
   Compiling frame-support-procedural-tools-derive v12.0.0
   Compiling macro_magic_macros v0.5.1
   Compiling include_dir_macros v0.7.4
   Compiling cfg-expr v0.15.8
   Compiling frame-support-procedural-tools v13.0.1
   Compiling include_dir v0.7.4
   Compiling macro_magic v0.5.1
    Checking icu_provider v2.1.1
   Compiling itertools v0.10.5
    Checking rand_core v0.9.5
   Compiling rustls v0.23.36
    Checking ipnet v2.11.0
   Compiling fixedbitset v0.5.7
    Checking icu_normalizer v2.1.1
    Checking icu_properties v2.1.2
    Checking rand_chacha v0.9.0
   Compiling sp-crypto-hashing-proc-macro v0.1.0
    Checking sha1 v0.10.6
    Checking hyper v1.8.1
   Compiling libp2p-swarm-derive v0.35.0
    Checking lru v0.12.5
    Checking tt-call v1.0.9
    Checking rand v0.9.2
   Compiling prost-derive v0.13.5
    Checking kvdb v0.13.0
   Compiling enum-as-inner v0.6.1
   Compiling multimap v0.10.1
    Checking socket2 v0.5.10
    Checking netlink-packet-utils v0.5.2
   Compiling tempfile v3.24.0
    Checking polkavm-assembler v0.26.0
   Compiling cexpr v0.6.0
    Checking netlink-packet-core v0.7.0
    Checking zstd v0.12.4
    Checking asynchronous-codec v0.7.0
   Compiling snow v0.9.6
    Checking concurrent-queue v2.5.0
    Checking resolv-conf v0.7.6
    Checking event-listener v2.5.3
    Checking polkavm-linux-raw v0.26.0
    Checking linked-hash-map v0.5.6
    Checking sp-maybe-compressed-blob v11.1.0
    Checking futures-bounded v0.2.4
    Checking async-channel v1.9.0
    Checking wasm-instrument v0.4.0
    Checking netlink-sys v0.8.8
    Checking x25519-dalek v2.0.1
   Compiling frame-support-procedural v36.0.0
    Checking idna_adapter v1.2.1
    Checking polkavm-common v0.26.0
    Checking quick-protobuf-codec v0.3.1
   Compiling aquamarine v0.5.0
    Checking sc-utils v20.0.0
    Checking idna v1.1.0
    Checking netlink-proto v0.11.5
    Checking netlink-packet-route v0.17.1
    Checking yamux v0.13.8
    Checking soketto v0.8.1
   Compiling prost-derive v0.14.3
    Checking hyper-util v0.1.20
    Checking nix v0.26.4
    Checking anstyle v1.0.13
    Checking url v2.5.8
   Compiling sc-executor-wasmtime v0.43.0
   Compiling asn1-rs-derive v0.6.0
    Checking tokio-stream v0.1.18
   Compiling toml v0.5.11
    Checking multiaddr v0.18.2
    Checking hickory-proto v0.24.4
    Checking libp2p-core v0.42.0
   Compiling asn1-rs-impl v0.2.0
    Checking uint v0.9.5
   Compiling parking_lot_core v0.8.6
   Compiling ident_case v1.0.1
   Compiling strsim v0.11.1
   Compiling petgraph v0.8.3
   Compiling prost v0.13.5
    Checking lru-cache v0.1.2
   Compiling synstructure v0.12.6
    Checking rusticata-macros v4.1.0
    Checking substrate-prometheus-endpoint v0.17.7
    Checking asn1-rs v0.7.1
   Compiling proc-macro-crate v1.1.3
   Compiling darling_core v0.21.3
    Checking sp-trie v42.0.0
    Checking libp2p-swarm v0.45.1
   Compiling prost v0.14.3
    Checking rtnetlink v0.13.1
    Checking num-integer v0.1.46
    Checking instant v0.1.13
    Checking predicates-core v1.0.9
   Compiling oid-registry v0.8.1
    Checking openssl-probe v0.2.1
   Compiling mockall_derive v0.13.1
   Compiling prost-types v0.14.3
   Compiling unicode-segmentation v1.12.0
    Checking if-watch v3.2.1
    Checking rustls-native-certs v0.8.3
    Checking num-bigint v0.4.6
   Compiling multihash-derive v0.8.1
   Compiling convert_case v0.6.0
   Compiling prost-types v0.13.5
   Compiling petgraph v0.7.1
    Checking sp-state-machine v0.49.0
    Checking rustls-webpki v0.103.9
    Checking yamux v0.12.1
   Compiling network-interface v2.0.5
    Checking libp2p-kad v0.46.2
    Checking polkavm v0.26.0
    Checking crossbeam-channel v0.5.15
    Checking hickory-resolver v0.24.4
   Compiling prost-build v0.14.3
    Checking tagptr v0.2.0
    Checking utf-8 v0.7.6
    Checking termtree v0.5.1
    Checking webpki-roots v0.25.4
    Checking der-parser v10.0.0
    Checking moka v0.12.13
    Checking predicates-tree v1.0.12
    Checking libp2p-yamux v0.46.0
    Checking libp2p-noise v0.45.0
    Checking libp2p-mdns v0.46.0
    Checking libp2p-request-response v0.27.0
    Checking libp2p-ping v0.45.0
    Checking libp2p-identify v0.45.0
    Checking libp2p-allow-block-list v0.4.0
    Checking libp2p-dns v0.42.0
   Compiling prost-build v0.13.5
    Checking libp2p-connection-limits v0.4.0
    Checking multihash v0.17.0
   Compiling enum-display-macro v0.1.4
    Checking parking_lot v0.11.2
    Checking libp2p-tcp v0.42.0
    Checking predicates v3.1.3
    Checking hickory-proto v0.25.2
    Checking downcast v0.11.0
    Checking fragile v2.0.1
    Checking x509-parser v0.17.0
    Checking wasm-timer v0.2.5
    Checking multiaddr v0.17.1
    Checking enum-display v0.1.4
   Compiling litep2p v0.13.0
    Checking cid v0.11.1
    Checking simple-dns v0.11.2
    Checking yasna v0.5.2
   Compiling itertools v0.12.1
    Checking linked_hash_set v0.1.6
    Checking partial_sort v0.2.0
   Compiling darling_macro v0.21.3
    Checking ip_network v0.4.1
    Checking iana-time-zone v0.1.65
   Compiling unicode-width v0.2.2
    Checking chrono v0.4.43
   Compiling scratch v1.0.9
   Compiling link-cplusplus v1.0.12
   Compiling darling v0.21.3
    Checking generic-array v0.12.4
   Compiling serde_with_macros v3.16.1
   Compiling codespan-reporting v0.13.1
    Checking hashbrown v0.14.5
    Checking tower-layer v0.3.3
    Checking subtle v1.0.0
   Compiling cxxbridge-flags v1.0.194
   Compiling sc-network v0.55.1
    Checking digest v0.8.1
    Checking crypto-mac v0.7.0
   Compiling cxx v1.0.194
    Checking jsonrpsee-types v0.24.10
    Checking keystream v1.0.0
    Checking byte-tools v0.3.1
    Checking opaque-debug v0.2.3
   Compiling cxx-build v1.0.194
    Checking blake2 v0.8.1
    Checking chacha v0.3.0
    Checking tower v0.4.13
    Checking finality-grandpa v0.16.3
    Checking cipher v0.2.5
    Checking jsonrpsee-core v0.24.10
    Checking rustc-hash v1.1.0
    Checking route-recognizer v0.3.1
    Checking sp-rpc v37.0.0
    Checking c2-chacha v0.3.3
    Checking lioness v0.1.2
    Checking hashlink v0.8.4
   Compiling prost-derive v0.12.6
    Checking inout v0.1.4
   Compiling jsonrpsee-proc-macros v0.24.10
    Checking serde_with v3.16.1
   Compiling sc-chain-spec-derive v12.0.0
    Checking rand_distr v0.4.3
    Checking tokio-rustls v0.26.4
    Checking futures-rustls v0.26.0
    Checking tungstenite v0.27.0
    Checking memmap2 v0.9.9
   Compiling librocksdb-sys v0.17.3+10.4.2
    Checking libp2p-websocket v0.44.0
    Checking jsonrpsee-server v0.24.10
    Checking mixnet v0.7.0
    Checking cipher v0.4.4
    Checking hickory-resolver v0.25.2
   Compiling sc-network-sync v0.54.0
    Checking tokio-tungstenite v0.27.0
    Checking fork-tree v13.0.1
    Checking universal-hash v0.5.1
   Compiling cxxbridge-macro v1.0.194
   Compiling picosimd v0.9.3
    Checking libp2p v0.54.1
   Compiling foldhash v0.2.0
    Checking polyval v0.6.2
   Compiling lz4-sys v1.11.1+lz4-1.10.0
   Compiling option-ext v0.2.0
    Checking jsonrpsee v0.24.10
    Checking mockall v0.13.1
   Compiling camino v1.2.2
   Compiling dirs-sys v0.4.1
    Checking sc-telemetry v30.0.0
    Checking prost v0.12.6
    Checking ghash v0.5.1
    Checking aes v0.8.4
    Checking console v0.15.11
    Checking ctr v0.9.2
    Checking aead v0.5.2
   Compiling snap v1.1.1
   Compiling semver-parser v0.7.0
   Compiling cfg_aliases v0.1.1
   Compiling heck v0.4.1
   Compiling slice-group-by v0.3.1
   Compiling static_init_macro v1.0.4
   Compiling semver v0.6.0
   Compiling strum_macros v0.24.3
    Checking aes-gcm v0.10.3
   Compiling polkavm-common v0.30.0
   Compiling dirs v5.0.1
   Compiling cargo-platform v0.1.9
   Compiling regalloc2 v0.9.3
   Compiling sc-tracing-proc-macro v11.1.0
   Compiling frame-election-provider-solution-type v16.1.1
    Checking raw-cpuid v11.6.0
    Checking is-terminal v0.4.17
    Checking utf8parse v0.2.2
   Compiling wasm-opt-sys v0.116.0
   Compiling wasm-opt-cxx-sys v0.116.0
   Compiling strum v0.24.1
   Compiling cfg_aliases v0.2.1
   Compiling static_init v1.0.4
    Checking anstyle-parse v0.2.7
   Compiling cargo_metadata v0.15.4
   Compiling build-helper v0.1.1
    Checking dashmap v5.5.3
   Compiling sc-network-light v0.54.0
   Compiling filetime v0.2.27
    Checking memmap2 v0.5.10
    Checking quanta v0.12.6
    Checking fs2 v0.4.3
    Checking spinning_top v0.3.0
    Checking nonempty v0.7.0
    Checking no-std-compat v0.4.1
    Checking siphasher v0.3.11
    Checking nonzero_ext v0.3.0
   Compiling sc-sysinfo v46.0.0
    Checking colorchoice v1.0.4
   Compiling polkavm-linker v0.30.0
    Checking is_terminal_polyfill v1.70.2
   Compiling convert_case v0.4.0
    Checking anstyle-query v1.1.5
    Checking governor v0.6.3
    Checking anstream v0.6.21
    Checking forwarded-header-value v0.1.1
    Checking tower-http v0.5.2
    Checking kvdb-memorydb v0.13.0
   Compiling derive_more v0.99.20
    Checking sc-state-db v0.41.0
    Checking sysinfo v0.30.13
    Checking terminal_size v0.4.3
    Checking rand_pcg v0.3.1
   Compiling names v0.14.0
    Checking clap_lex v0.7.7
   Compiling sc-consensus-slots v0.54.0
    Checking directories v5.0.1
    Checking clap_builder v4.5.57
    Checking tracing-futures v0.2.5
    Checking exit-future v0.2.0
   Compiling clap_derive v4.5.55
    Checking rtoolbox v0.0.3
   Compiling substrate-build-script-utils v11.0.0
    Checking rpassword v7.4.0
    Checking hyper-rustls v0.27.7
   Compiling clawchain-node v0.1.0 (/media/DATA/.openclaw/workspace/claw-chain/node)
    Checking sc-proposer-metrics v0.20.0
    Checking fdlimit v0.3.0
   Compiling pallet-staking-reward-curve v11.0.0
    Checking threadpool v1.8.1
    Checking clap v4.5.57
    Checking cranelift-frontend v0.122.0
    Checking cranelift-native v0.122.0
    Checking wasmtime-internal-cranelift v35.0.0
    Checking sc-network-types v0.20.1
    Checking sp-wasm-interface v24.0.0
    Checking sp-runtime-interface v33.0.0
    Checking sc-allocator v35.0.0
    Checking sc-executor-common v0.43.0
    Checking sc-executor-polkavm v0.40.0
    Checking lz4 v1.28.1
    Checking parity-db v0.4.13
    Checking sp-application-crypto v44.0.0
    Checking sp-runtime v45.0.0
    Checking sc-keystore v39.0.0
    Checking sp-version v43.0.0
    Checking sp-api v40.0.0
    Checking sp-inherents v40.0.0
    Checking sp-genesis-builder v0.21.0
    Checking sp-staking v42.1.0
    Checking sc-executor v0.47.0
    Checking sc-network-common v0.52.0
    Checking sp-consensus-grandpa v27.0.0
    Checking sp-session v42.0.0
    Checking sp-mixnet v0.18.0
    Checking sp-offchain v40.0.0
    Checking sp-npos-elections v40.0.0
    Checking frame-support v45.1.0
    Checking sp-consensus v0.46.0
    Checking sp-timestamp v40.0.0
    Checking sp-block-builder v40.0.0
    Checking sp-consensus-slots v0.46.0
    Checking sp-statement-store v24.0.0
    Checking sp-transaction-pool v40.0.0
    Checking sp-consensus-aura v0.46.0
    Checking sp-transaction-storage-proof v40.0.0
    Checking frame-system-rpc-runtime-api v40.0.0
    Checking sp-keyring v45.0.0
    Checking frame-system v45.0.0
    Checking frame-try-runtime v0.51.0
    Checking pallet-balances v46.0.0
    Checking pallet-reputation v0.1.0 (/media/DATA/.openclaw/workspace/claw-chain/pallets/reputation)
    Checking pallet-timestamp v44.0.0
    Checking frame-election-provider-support v45.0.0
    Checking pallet-transaction-payment v45.0.0
    Checking pallet-authorship v45.0.0
    Checking pallet-session v45.1.0
    Checking pallet-agent-did v0.1.0 (/media/DATA/.openclaw/workspace/claw-chain/pallets/agent-did)
    Checking pallet-transaction-payment-rpc-runtime-api v45.0.0
    Checking pallet-treasury v44.0.0
    Checking pallet-quadratic-governance v0.1.0 (/media/DATA/.openclaw/workspace/claw-chain/pallets/quadratic-governance)
    Checking pallet-gas-quota v0.1.0 (/media/DATA/.openclaw/workspace/claw-chain/pallets/gas-quota)
    Checking pallet-task-market v0.1.0 (/media/DATA/.openclaw/workspace/claw-chain/pallets/task-market)
    Checking pallet-bags-list v44.0.1
    Checking pallet-election-provider-multi-phase v44.0.0
    Checking pallet-aura v44.0.0
    Checking pallet-offences v44.0.0
    Checking pallet-agent-receipts v0.1.0 (/media/DATA/.openclaw/workspace/claw-chain/pallets/agent-receipts)
    Checking frame-executive v45.0.1
    Checking pallet-agent-registry v0.1.0 (/media/DATA/.openclaw/workspace/claw-chain/pallets/agent-registry)
    Checking pallet-ibc-lite v0.1.0 (/media/DATA/.openclaw/workspace/claw-chain/pallets/ibc-lite)
    Checking pallet-sudo v45.0.0
    Checking pallet-grandpa v45.0.0
    Checking pallet-staking v45.0.0
    Checking pallet-claw-token v0.1.0 (/media/DATA/.openclaw/workspace/claw-chain/pallets/claw-token)
    Checking pallet-rpc-registry v0.1.0 (/media/DATA/.openclaw/workspace/claw-chain/pallets/rpc-registry)
    Checking pallet-anon-messaging v0.1.0 (/media/DATA/.openclaw/workspace/claw-chain/pallets/anon-messaging)
    Checking pallet-service-market v0.1.0 (/media/DATA/.openclaw/workspace/claw-chain/pallets/service-market)
   Compiling wasm-opt v0.116.1
   Compiling substrate-wasm-builder v31.1.0
   Compiling clawchain-runtime v0.1.0 (/media/DATA/.openclaw/workspace/claw-chain/runtime)
    Checking rocksdb v0.24.0
    Checking kvdb-rocksdb v0.21.0
    Checking sp-database v10.0.1
    Checking sp-blockchain v43.0.0
    Checking sc-transaction-pool-api v43.0.0
    Checking sc-block-builder v0.48.0
    Checking pallet-transaction-payment-rpc v48.0.0
    Checking sc-client-api v44.0.0
    Checking sc-basic-authorship v0.53.0
    Checking sc-consensus v0.54.0
    Checking sc-tracing v44.0.0
    Checking sc-transaction-pool v44.1.0
    Checking sc-client-db v0.51.0
    Checking sc-consensus-aura v0.55.0
    Checking sc-chain-spec v48.0.0
    Checking sc-mixnet v0.25.0
    Checking sc-offchain v50.0.0
    Checking sc-rpc-api v0.54.0
    Checking sc-rpc v50.0.0
    Checking sc-rpc-server v27.0.0
    Checking substrate-frame-rpc-system v49.0.0
    Checking sc-network-transactions v0.54.0
    Checking sc-informant v0.54.0
    Checking sc-network-gossip v0.55.0
    Checking sc-consensus-grandpa v0.40.0
    Checking sc-rpc-spec-v2 v0.55.0
    Checking sc-service v0.56.0
    Checking sc-cli v0.57.0
warning: function `encode_hex` is never used
   --> node/src/chain_spec.rs:145:8
    |
145 | pub fn encode_hex(bytes: &[u8]) -> String {
    |        ^^^^^^^^^^
    |
    = note: `#[warn(dead_code)]` (part of `#[warn(unused)]`) on by default

warning: `clawchain-node` (bin "clawchain-node") generated 1 warning
    Finished `dev` profile [unoptimized + debuginfo] target(s) in 3m 52s
warning: the following packages contain code that will be rejected by a future version of Rust: trie-db v0.30.0
note: to see what the problems were, use the option `--future-incompat-report`, or run `cargo report future-incompatibilities --id 1`
