[2026-02-02 00:02:02] [INFO] 
============================================================
[2026-02-02 00:02:02] [INFO] AlphaStrike Bot Run - 2026-02-02 00:02:02
[2026-02-02 00:02:02] [INFO] ============================================================
[2026-02-02 00:02:02] [INFO] Account Equity: $733.00
[2026-02-02 00:02:02] [INFO] Daily P&L: $+0.00
[2026-02-02 00:02:02] [INFO] Open Positions: 0
[2026-02-02 00:02:02] [INFO] Daily Trades: 0/2
[2026-02-02 00:02:02] [INFO] Scanning market for A+ setups...
[2026-02-02 00:02:08] [INFO] No A+ setups found. Patience.
[2026-02-02 00:02:08] [INFO] Sleeping for 5 minutes...
[2026-02-02 00:02:53] [INFO] 
============================================================
[2026-02-02 00:02:53] [INFO] AlphaStrike Bot Run - 2026-02-02 00:02:53
[2026-02-02 00:02:53] [INFO] ============================================================
[2026-02-02 00:02:53] [INFO] Account Equity: $733.00
[2026-02-02 00:02:53] [INFO] Daily P&L: $+0.00
[2026-02-02 00:02:53] [INFO] Open Positions: 0
[2026-02-02 00:02:53] [INFO] Daily Trades: 0/2
[2026-02-02 00:02:53] [INFO] Scanning market for A+ setups...
[2026-02-02 00:02:58] [INFO] No A+ setups found. Patience.
[2026-02-02 00:02:58] [INFO] Sleeping for 5 minutes...
[2026-02-02 00:07:08] [INFO] 
============================================================
[2026-02-02 00:07:08] [INFO] AlphaStrike Bot Run - 2026-02-02 00:07:08
[2026-02-02 00:07:08] [INFO] ============================================================
[2026-02-02 00:07:08] [INFO] Account Equity: $733.00
[2026-02-02 00:07:08] [INFO] Daily P&L: $+0.00
[2026-02-02 00:07:08] [INFO] Open Positions: 0
[2026-02-02 00:07:08] [INFO] Daily Trades: 0/2
[2026-02-02 00:07:08] [INFO] Scanning market for A+ setups...
[2026-02-02 00:07:13] [INFO] No A+ setups found. Patience.
[2026-02-02 00:07:13] [INFO] Sleeping for 5 minutes...
[2026-02-02 00:07:58] [INFO] 
============================================================
[2026-02-02 00:07:58] [INFO] AlphaStrike Bot Run - 2026-02-02 00:07:58
[2026-02-02 00:07:58] [INFO] ============================================================
[2026-02-02 00:07:59] [INFO] Account Equity: $733.00
[2026-02-02 00:07:59] [INFO] Daily P&L: $+0.00
[2026-02-02 00:07:59] [INFO] Open Positions: 0
[2026-02-02 00:07:59] [INFO] Daily Trades: 0/2
[2026-02-02 00:07:59] [INFO] Scanning market for A+ setups...
[2026-02-02 00:08:04] [INFO] No A+ setups found. Patience.
[2026-02-02 00:08:04] [INFO] Sleeping for 5 minutes...
[2026-02-02 00:12:13] [INFO] 
============================================================
[2026-02-02 00:12:13] [INFO] AlphaStrike Bot Run - 2026-02-02 00:12:13
[2026-02-02 00:12:13] [INFO] ============================================================
[2026-02-02 00:12:13] [INFO] Account Equity: $733.00
[2026-02-02 00:12:13] [INFO] Daily P&L: $+0.00
[2026-02-02 00:12:13] [INFO] Open Positions: 0
[2026-02-02 00:12:13] [INFO] Daily Trades: 0/2
[2026-02-02 00:12:13] [INFO] Scanning market for A+ setups...
[2026-02-02 00:12:18] [INFO] No A+ setups found. Patience.
[2026-02-02 00:12:18] [INFO] Sleeping for 5 minutes...
[2026-02-02 00:13:04] [INFO] 
============================================================
[2026-02-02 00:13:04] [INFO] AlphaStrike Bot Run - 2026-02-02 00:13:04
[2026-02-02 00:13:04] [INFO] ============================================================
[2026-02-02 00:13:04] [INFO] Account Equity: $733.00
[2026-02-02 00:13:04] [INFO] Daily P&L: $+0.00
[2026-02-02 00:13:04] [INFO] Open Positions: 0
[2026-02-02 00:13:04] [INFO] Daily Trades: 0/2
[2026-02-02 00:13:04] [INFO] Scanning market for A+ setups...
[2026-02-02 00:13:09] [INFO] No A+ setups found. Patience.
[2026-02-02 00:13:09] [INFO] Sleeping for 5 minutes...
[2026-02-02 00:17:18] [INFO] 
============================================================
[2026-02-02 00:17:18] [INFO] AlphaStrike Bot Run - 2026-02-02 00:17:18
[2026-02-02 00:17:18] [INFO] ============================================================
[2026-02-02 00:17:18] [INFO] Account Equity: $733.00
[2026-02-02 00:17:18] [INFO] Daily P&L: $+0.00
[2026-02-02 00:17:18] [INFO] Open Positions: 0
[2026-02-02 00:17:18] [INFO] Daily Trades: 0/2
[2026-02-02 00:17:18] [INFO] Scanning market for A+ setups...
[2026-02-02 00:17:23] [INFO] No A+ setups found. Patience.
[2026-02-02 00:17:23] [INFO] Sleeping for 5 minutes...
[2026-02-02 00:18:09] [INFO] 
============================================================
[2026-02-02 00:18:09] [INFO] AlphaStrike Bot Run - 2026-02-02 00:18:09
[2026-02-02 00:18:09] [INFO] ============================================================
[2026-02-02 00:18:10] [INFO] Account Equity: $733.00
[2026-02-02 00:18:10] [INFO] Daily P&L: $+0.00
[2026-02-02 00:18:10] [INFO] Open Positions: 0
[2026-02-02 00:18:10] [INFO] Daily Trades: 0/2
[2026-02-02 00:18:10] [INFO] Scanning market for A+ setups...
[2026-02-02 00:18:15] [INFO] No A+ setups found. Patience.
[2026-02-02 00:18:15] [INFO] Sleeping for 5 minutes...
[2026-02-02 11:37:45] [INFO] 
============================================================
[2026-02-02 11:37:45] [INFO] AlphaStrike Bot Run - 2026-02-02 11:37:45
[2026-02-02 11:37:45] [INFO] ============================================================
[2026-02-02 11:37:45] [INFO] Account Equity: $733.00
[2026-02-02 11:37:45] [INFO] Daily P&L: $+0.00
[2026-02-02 11:37:45] [INFO] Open Positions: 0
[2026-02-02 11:37:45] [INFO] Daily Trades: 0/2
[2026-02-02 11:37:45] [INFO] Scanning market for A+ setups...
[2026-02-02 11:38:01] [INFO] No A+ setups found. Patience.
[2026-02-02 11:38:36] [INFO] 
============================================================
[2026-02-02 11:38:36] [INFO] AlphaStrike Bot Run - 2026-02-02 11:38:36
[2026-02-02 11:38:36] [INFO] ============================================================
[2026-02-02 11:38:36] [INFO] Account Equity: $10000.00
[2026-02-02 11:38:36] [INFO] Daily P&L: $+0.00
[2026-02-02 11:38:36] [INFO] Open Positions: 0
[2026-02-02 11:38:36] [INFO] Daily Trades: 0/2
[2026-02-02 11:38:36] [INFO] Scanning market for A+ setups...
[2026-02-02 11:38:53] [INFO] No A+ setups found. Patience.
[2026-02-02 11:39:12] [INFO] 
============================================================
[2026-02-02 11:39:12] [INFO] AlphaStrike Bot Run - 2026-02-02 11:39:12
[2026-02-02 11:39:12] [INFO] ============================================================
[2026-02-02 11:39:12] [INFO] Account Equity: $10000.00
[2026-02-02 11:39:12] [INFO] Daily P&L: $+0.00
[2026-02-02 11:39:12] [INFO] Open Positions: 0
[2026-02-02 11:39:12] [INFO] Daily Trades: 0/2
[2026-02-02 11:39:12] [INFO] Scanning market for A+ setups...
