[2026-02-01 13:30:36] [INFO] Starting AlphaStrike Bot (Simulation: True)
[2026-02-01 13:30:36] [INFO] Scan interval: 5 minutes
[2026-02-01 13:30:36] [INFO] 
============================================================
[2026-02-01 13:30:36] [INFO] AlphaStrike Bot Run - 2026-02-01 13:30:36
[2026-02-01 13:30:36] [INFO] ============================================================
[2026-02-01 13:30:36] [INFO] Account Equity: $733.00
[2026-02-01 13:30:36] [INFO] Daily P&L: $+0.00
[2026-02-01 13:30:36] [INFO] Open Positions: 0
[2026-02-01 13:30:36] [INFO] Daily Trades: 0/2
[2026-02-01 13:30:36] [INFO] Scanning market for A+ setups...
[2026-02-01 13:30:41] [INFO] No A+ setups found. Patience.
[2026-02-01 13:30:41] [INFO] Sleeping for 5 minutes...
[2026-02-01 13:35:41] [INFO] 
============================================================
[2026-02-01 13:35:41] [INFO] AlphaStrike Bot Run - 2026-02-01 13:35:41
[2026-02-01 13:35:41] [INFO] ============================================================
[2026-02-01 13:35:41] [INFO] Account Equity: $733.00
[2026-02-01 13:35:41] [INFO] Daily P&L: $+0.00
[2026-02-01 13:35:41] [INFO] Open Positions: 0
[2026-02-01 13:35:41] [INFO] Daily Trades: 0/2
[2026-02-01 13:35:41] [INFO] Scanning market for A+ setups...
[2026-02-01 13:35:46] [INFO] No A+ setups found. Patience.
[2026-02-01 13:35:46] [INFO] Sleeping for 5 minutes...
[2026-02-01 13:40:46] [INFO] 
============================================================
[2026-02-01 13:40:46] [INFO] AlphaStrike Bot Run - 2026-02-01 13:40:46
[2026-02-01 13:40:46] [INFO] ============================================================
[2026-02-01 13:40:46] [INFO] Account Equity: $733.00
[2026-02-01 13:40:46] [INFO] Daily P&L: $+0.00
[2026-02-01 13:40:46] [INFO] Open Positions: 0
[2026-02-01 13:40:46] [INFO] Daily Trades: 0/2
[2026-02-01 13:40:46] [INFO] Scanning market for A+ setups...
[2026-02-01 13:40:52] [INFO] No A+ setups found. Patience.
[2026-02-01 13:40:52] [INFO] Sleeping for 5 minutes...
[2026-02-01 13:45:52] [INFO] 
============================================================
[2026-02-01 13:45:52] [INFO] AlphaStrike Bot Run - 2026-02-01 13:45:52
[2026-02-01 13:45:52] [INFO] ============================================================
[2026-02-01 13:45:52] [INFO] Account Equity: $733.00
[2026-02-01 13:45:52] [INFO] Daily P&L: $+0.00
[2026-02-01 13:45:52] [INFO] Open Positions: 0
[2026-02-01 13:45:52] [INFO] Daily Trades: 0/2
[2026-02-01 13:45:52] [INFO] Scanning market for A+ setups...
[2026-02-01 13:45:56] [INFO] No A+ setups found. Patience.
[2026-02-01 13:45:56] [INFO] Sleeping for 5 minutes...
[2026-02-01 13:50:56] [INFO] 
============================================================
[2026-02-01 13:50:56] [INFO] AlphaStrike Bot Run - 2026-02-01 13:50:56
[2026-02-01 13:50:56] [INFO] ============================================================
[2026-02-01 13:50:56] [INFO] Account Equity: $733.00
[2026-02-01 13:50:56] [INFO] Daily P&L: $+0.00
[2026-02-01 13:50:56] [INFO] Open Positions: 0
[2026-02-01 13:50:56] [INFO] Daily Trades: 0/2
[2026-02-01 13:50:56] [INFO] Scanning market for A+ setups...
[2026-02-01 13:51:01] [INFO] No A+ setups found. Patience.
[2026-02-01 13:51:01] [INFO] Sleeping for 5 minutes...
[2026-02-01 13:56:01] [INFO] 
============================================================
[2026-02-01 13:56:01] [INFO] AlphaStrike Bot Run - 2026-02-01 13:56:01
[2026-02-01 13:56:01] [INFO] ============================================================
[2026-02-01 13:56:01] [INFO] Account Equity: $733.00
[2026-02-01 13:56:01] [INFO] Daily P&L: $+0.00
[2026-02-01 13:56:01] [INFO] Open Positions: 0
[2026-02-01 13:56:01] [INFO] Daily Trades: 0/2
[2026-02-01 13:56:01] [INFO] Scanning market for A+ setups...
[2026-02-01 13:56:07] [INFO] No A+ setups found. Patience.
[2026-02-01 13:56:07] [INFO] Sleeping for 5 minutes...
[2026-02-01 14:01:07] [INFO] 
============================================================
[2026-02-01 14:01:07] [INFO] AlphaStrike Bot Run - 2026-02-01 14:01:07
[2026-02-01 14:01:07] [INFO] ============================================================
[2026-02-01 14:01:07] [INFO] Account Equity: $733.00
[2026-02-01 14:01:07] [INFO] Daily P&L: $+0.00
[2026-02-01 14:01:07] [INFO] Open Positions: 0
[2026-02-01 14:01:07] [INFO] Daily Trades: 0/2
[2026-02-01 14:01:07] [INFO] Scanning market for A+ setups...
[2026-02-01 14:01:12] [INFO] No A+ setups found. Patience.
[2026-02-01 14:01:12] [INFO] Sleeping for 5 minutes...
[2026-02-01 14:06:12] [INFO] 
============================================================
[2026-02-01 14:06:12] [INFO] AlphaStrike Bot Run - 2026-02-01 14:06:12
[2026-02-01 14:06:12] [INFO] ============================================================
[2026-02-01 14:06:12] [INFO] Account Equity: $733.00
[2026-02-01 14:06:12] [INFO] Daily P&L: $+0.00
[2026-02-01 14:06:12] [INFO] Open Positions: 0
[2026-02-01 14:06:12] [INFO] Daily Trades: 0/2
[2026-02-01 14:06:12] [INFO] Scanning market for A+ setups...
[2026-02-01 14:06:17] [INFO] No A+ setups found. Patience.
[2026-02-01 14:06:17] [INFO] Sleeping for 5 minutes...
[2026-02-01 14:11:17] [INFO] 
============================================================
[2026-02-01 14:11:17] [INFO] AlphaStrike Bot Run - 2026-02-01 14:11:17
[2026-02-01 14:11:17] [INFO] ============================================================
[2026-02-01 14:11:17] [INFO] Account Equity: $733.00
[2026-02-01 14:11:17] [INFO] Daily P&L: $+0.00
[2026-02-01 14:11:17] [INFO] Open Positions: 0
[2026-02-01 14:11:17] [INFO] Daily Trades: 0/2
[2026-02-01 14:11:17] [INFO] Scanning market for A+ setups...
[2026-02-01 14:11:22] [INFO] No A+ setups found. Patience.
[2026-02-01 14:11:22] [INFO] Sleeping for 5 minutes...
[2026-02-01 14:16:22] [INFO] 
============================================================
[2026-02-01 14:16:22] [INFO] AlphaStrike Bot Run - 2026-02-01 14:16:22
[2026-02-01 14:16:22] [INFO] ============================================================
[2026-02-01 14:16:22] [INFO] Account Equity: $733.00
[2026-02-01 14:16:22] [INFO] Daily P&L: $+0.00
[2026-02-01 14:16:22] [INFO] Open Positions: 0
[2026-02-01 14:16:22] [INFO] Daily Trades: 0/2
[2026-02-01 14:16:22] [INFO] Scanning market for A+ setups...
[2026-02-01 14:16:27] [INFO] No A+ setups found. Patience.
[2026-02-01 14:16:27] [INFO] Sleeping for 5 minutes...
[2026-02-01 14:21:27] [INFO] 
============================================================
[2026-02-01 14:21:27] [INFO] AlphaStrike Bot Run - 2026-02-01 14:21:27
[2026-02-01 14:21:27] [INFO] ============================================================
[2026-02-01 14:21:27] [INFO] Account Equity: $733.00
[2026-02-01 14:21:27] [INFO] Daily P&L: $+0.00
[2026-02-01 14:21:27] [INFO] Open Positions: 0
[2026-02-01 14:21:27] [INFO] Daily Trades: 0/2
[2026-02-01 14:21:27] [INFO] Scanning market for A+ setups...
[2026-02-01 14:21:47] [INFO] No A+ setups found. Patience.
[2026-02-01 14:21:47] [INFO] Sleeping for 5 minutes...
[2026-02-01 14:26:47] [INFO] 
============================================================
[2026-02-01 14:26:47] [INFO] AlphaStrike Bot Run - 2026-02-01 14:26:47
[2026-02-01 14:26:47] [INFO] ============================================================
[2026-02-01 14:26:47] [INFO] Account Equity: $733.00
[2026-02-01 14:26:47] [INFO] Daily P&L: $+0.00
[2026-02-01 14:26:47] [INFO] Open Positions: 0
[2026-02-01 14:26:47] [INFO] Daily Trades: 0/2
[2026-02-01 14:26:47] [INFO] Scanning market for A+ setups...
[2026-02-01 14:27:45] [INFO] No A+ setups found. Patience.
[2026-02-01 14:27:45] [INFO] Sleeping for 5 minutes...
[2026-02-01 14:32:45] [INFO] 
============================================================
[2026-02-01 14:32:45] [INFO] AlphaStrike Bot Run - 2026-02-01 14:32:45
[2026-02-01 14:32:45] [INFO] ============================================================
[2026-02-01 14:32:45] [INFO] Account Equity: $733.00
[2026-02-01 14:32:45] [INFO] Daily P&L: $+0.00
[2026-02-01 14:32:45] [INFO] Open Positions: 0
[2026-02-01 14:32:45] [INFO] Daily Trades: 0/2
[2026-02-01 14:32:45] [INFO] Scanning market for A+ setups...
[2026-02-01 14:33:09] [INFO] No A+ setups found. Patience.
[2026-02-01 14:33:09] [INFO] Sleeping for 5 minutes...
[2026-02-01 14:38:09] [INFO] 
============================================================
[2026-02-01 14:38:09] [INFO] AlphaStrike Bot Run - 2026-02-01 14:38:09
[2026-02-01 14:38:09] [INFO] ============================================================
[2026-02-01 14:38:09] [INFO] Account Equity: $733.00
[2026-02-01 14:38:09] [INFO] Daily P&L: $+0.00
[2026-02-01 14:38:09] [INFO] Open Positions: 0
[2026-02-01 14:38:09] [INFO] Daily Trades: 0/2
[2026-02-01 14:38:09] [INFO] Scanning market for A+ setups...
Error fetching ticker for cmt_btcusdt: HTTPSConnectionPool(host='api-contract.weex.com', port=443): Max retries exceeded with url: /capi/v2/market/ticker?symbol=cmt_btcusdt (Caused by NameResolutionError("<urllib3.connection.HTTPSConnection object at 0x7ebc067b2a20>: Failed to resolve 'api-contract.weex.com' ([Errno -3] Temporary failure in name resolution)"))
Error fetching funding rate for cmt_btcusdt: HTTPSConnectionPool(host='api-contract.weex.com', port=443): Read timed out. (read timeout=None)
[2026-02-01 14:56:50] [INFO] No A+ setups found. Patience.
[2026-02-01 14:56:50] [INFO] Sleeping for 5 minutes...
[2026-02-01 15:01:50] [INFO] 
============================================================
[2026-02-01 15:01:50] [INFO] AlphaStrike Bot Run - 2026-02-01 15:01:50
[2026-02-01 15:01:50] [INFO] ============================================================
[2026-02-01 15:01:50] [INFO] Account Equity: $733.00
[2026-02-01 15:01:50] [INFO] Daily P&L: $+0.00
[2026-02-01 15:01:50] [INFO] Open Positions: 0
[2026-02-01 15:01:50] [INFO] Daily Trades: 0/2
[2026-02-01 15:01:50] [INFO] Scanning market for A+ setups...
[2026-02-01 15:02:44] [INFO] No A+ setups found. Patience.
[2026-02-01 15:02:44] [INFO] Sleeping for 5 minutes...
[2026-02-01 15:07:44] [INFO] 
============================================================
[2026-02-01 15:07:44] [INFO] AlphaStrike Bot Run - 2026-02-01 15:07:44
[2026-02-01 15:07:44] [INFO] ============================================================
[2026-02-01 15:07:44] [INFO] Account Equity: $733.00
[2026-02-01 15:07:44] [INFO] Daily P&L: $+0.00
[2026-02-01 15:07:44] [INFO] Open Positions: 0
[2026-02-01 15:07:44] [INFO] Daily Trades: 0/2
[2026-02-01 15:07:44] [INFO] Scanning market for A+ setups...
[2026-02-01 15:08:14] [INFO] No A+ setups found. Patience.
[2026-02-01 15:08:14] [INFO] Sleeping for 5 minutes...
[2026-02-01 15:13:14] [INFO] 
============================================================
[2026-02-01 15:13:14] [INFO] AlphaStrike Bot Run - 2026-02-01 15:13:14
[2026-02-01 15:13:14] [INFO] ============================================================
[2026-02-01 15:13:14] [INFO] Account Equity: $733.00
[2026-02-01 15:13:14] [INFO] Daily P&L: $+0.00
[2026-02-01 15:13:14] [INFO] Open Positions: 0
[2026-02-01 15:13:14] [INFO] Daily Trades: 0/2
[2026-02-01 15:13:14] [INFO] Scanning market for A+ setups...
[2026-02-01 15:13:19] [INFO] No A+ setups found. Patience.
[2026-02-01 15:13:19] [INFO] Sleeping for 5 minutes...
[2026-02-01 15:18:19] [INFO] 
============================================================
[2026-02-01 15:18:19] [INFO] AlphaStrike Bot Run - 2026-02-01 15:18:19
[2026-02-01 15:18:19] [INFO] ============================================================
[2026-02-01 15:18:19] [INFO] Account Equity: $733.00
[2026-02-01 15:18:19] [INFO] Daily P&L: $+0.00
[2026-02-01 15:18:19] [INFO] Open Positions: 0
[2026-02-01 15:18:19] [INFO] Daily Trades: 0/2
[2026-02-01 15:18:19] [INFO] Scanning market for A+ setups...
[2026-02-01 15:18:29] [INFO] No A+ setups found. Patience.
[2026-02-01 15:18:29] [INFO] Sleeping for 5 minutes...
[2026-02-01 15:23:29] [INFO] 
============================================================
[2026-02-01 15:23:29] [INFO] AlphaStrike Bot Run - 2026-02-01 15:23:29
[2026-02-01 15:23:29] [INFO] ============================================================
[2026-02-01 15:23:29] [INFO] Account Equity: $733.00
[2026-02-01 15:23:29] [INFO] Daily P&L: $+0.00
[2026-02-01 15:23:29] [INFO] Open Positions: 0
[2026-02-01 15:23:29] [INFO] Daily Trades: 0/2
[2026-02-01 15:23:29] [INFO] Scanning market for A+ setups...
Error fetching ticker for cmt_btcusdt: HTTPSConnectionPool(host='api-contract.weex.com', port=443): Max retries exceeded with url: /capi/v2/market/ticker?symbol=cmt_btcusdt (Caused by SSLError(SSLEOFError(8, '[SSL: UNEXPECTED_EOF_WHILE_READING] EOF occurred in violation of protocol (_ssl.c:1000)')))
[2026-02-01 15:25:14] [INFO] No A+ setups found. Patience.
[2026-02-01 15:25:14] [INFO] Sleeping for 5 minutes...
[2026-02-01 15:30:14] [INFO] 
============================================================
[2026-02-01 15:30:14] [INFO] AlphaStrike Bot Run - 2026-02-01 15:30:14
[2026-02-01 15:30:14] [INFO] ============================================================
[2026-02-01 15:30:14] [INFO] Account Equity: $733.00
[2026-02-01 15:30:14] [INFO] Daily P&L: $+0.00
[2026-02-01 15:30:14] [INFO] Open Positions: 0
[2026-02-01 15:30:14] [INFO] Daily Trades: 0/2
[2026-02-01 15:30:14] [INFO] Scanning market for A+ setups...
Error fetching funding rate for cmt_solusdt: ('Connection aborted.', RemoteDisconnected('Remote end closed connection without response'))
[2026-02-01 15:33:26] [INFO] No A+ setups found. Patience.
[2026-02-01 15:33:26] [INFO] Sleeping for 5 minutes...
[2026-02-01 15:38:26] [INFO] 
============================================================
[2026-02-01 15:38:26] [INFO] AlphaStrike Bot Run - 2026-02-01 15:38:26
[2026-02-01 15:38:26] [INFO] ============================================================
[2026-02-01 15:38:26] [INFO] Account Equity: $733.00
[2026-02-01 15:38:26] [INFO] Daily P&L: $+0.00
[2026-02-01 15:38:26] [INFO] Open Positions: 0
[2026-02-01 15:38:26] [INFO] Daily Trades: 0/2
[2026-02-01 15:38:26] [INFO] Scanning market for A+ setups...
Error fetching ticker for cmt_btcusdt: HTTPSConnectionPool(host='api-contract.weex.com', port=443): Max retries exceeded with url: /capi/v2/market/ticker?symbol=cmt_btcusdt (Caused by SSLError(SSLEOFError(8, '[SSL: UNEXPECTED_EOF_WHILE_READING] EOF occurred in violation of protocol (_ssl.c:1000)')))
Error fetching funding rate for cmt_btcusdt: HTTPSConnectionPool(host='api-contract.weex.com', port=443): Max retries exceeded with url: /capi/v2/market/currentFundRate?symbol=cmt_btcusdt (Caused by SSLError(SSLEOFError(8, '[SSL: UNEXPECTED_EOF_WHILE_READING] EOF occurred in violation of protocol (_ssl.c:1000)')))
[2026-02-01 15:42:02] [INFO] No A+ setups found. Patience.
[2026-02-01 15:42:02] [INFO] Sleeping for 5 minutes...
[2026-02-01 15:47:02] [INFO] 
============================================================
[2026-02-01 15:47:02] [INFO] AlphaStrike Bot Run - 2026-02-01 15:47:02
[2026-02-01 15:47:02] [INFO] ============================================================
[2026-02-01 15:47:02] [INFO] Account Equity: $733.00
[2026-02-01 15:47:02] [INFO] Daily P&L: $+0.00
[2026-02-01 15:47:02] [INFO] Open Positions: 0
[2026-02-01 15:47:02] [INFO] Daily Trades: 0/2
[2026-02-01 15:47:02] [INFO] Scanning market for A+ setups...
Error fetching funding rate for cmt_btcusdt: HTTPSConnectionPool(host='api-contract.weex.com', port=443): Max retries exceeded with url: /capi/v2/market/currentFundRate?symbol=cmt_btcusdt (Caused by SSLError(SSLEOFError(8, '[SSL: UNEXPECTED_EOF_WHILE_READING] EOF occurred in violation of protocol (_ssl.c:1000)')))
[2026-02-01 15:48:26] [INFO] No A+ setups found. Patience.
[2026-02-01 15:48:26] [INFO] Sleeping for 5 minutes...
[2026-02-01 15:53:26] [INFO] 
============================================================
[2026-02-01 15:53:26] [INFO] AlphaStrike Bot Run - 2026-02-01 15:53:26
[2026-02-01 15:53:26] [INFO] ============================================================
[2026-02-01 15:53:26] [INFO] Account Equity: $733.00
[2026-02-01 15:53:26] [INFO] Daily P&L: $+0.00
[2026-02-01 15:53:26] [INFO] Open Positions: 0
[2026-02-01 15:53:26] [INFO] Daily Trades: 0/2
[2026-02-01 15:53:26] [INFO] Scanning market for A+ setups...
Error fetching ticker for cmt_btcusdt: HTTPSConnectionPool(host='api-contract.weex.com', port=443): Max retries exceeded with url: /capi/v2/market/ticker?symbol=cmt_btcusdt (Caused by SSLError(SSLEOFError(8, '[SSL: UNEXPECTED_EOF_WHILE_READING] EOF occurred in violation of protocol (_ssl.c:1000)')))
Error fetching funding rate for cmt_ethusdt: HTTPSConnectionPool(host='api-contract.weex.com', port=443): Max retries exceeded with url: /capi/v2/market/currentFundRate?symbol=cmt_ethusdt (Caused by SSLError(SSLEOFError(8, '[SSL: UNEXPECTED_EOF_WHILE_READING] EOF occurred in violation of protocol (_ssl.c:1000)')))
Error fetching funding rate for cmt_solusdt: HTTPSConnectionPool(host='api-contract.weex.com', port=443): Max retries exceeded with url: /capi/v2/market/currentFundRate?symbol=cmt_solusdt (Caused by SSLError(SSLEOFError(8, '[SSL: UNEXPECTED_EOF_WHILE_READING] EOF occurred in violation of protocol (_ssl.c:1000)')))
Error fetching ticker for cmt_bnbusdt: HTTPSConnectionPool(host='api-contract.weex.com', port=443): Max retries exceeded with url: /capi/v2/market/ticker?symbol=cmt_bnbusdt (Caused by SSLError(SSLEOFError(8, '[SSL: UNEXPECTED_EOF_WHILE_READING] EOF occurred in violation of protocol (_ssl.c:1000)')))
[2026-02-01 15:58:02] [INFO] No A+ setups found. Patience.
[2026-02-01 15:58:02] [INFO] Sleeping for 5 minutes...
[2026-02-01 16:03:02] [INFO] 
============================================================
[2026-02-01 16:03:02] [INFO] AlphaStrike Bot Run - 2026-02-01 16:03:02
[2026-02-01 16:03:02] [INFO] ============================================================
[2026-02-01 16:03:02] [INFO] Account Equity: $733.00
[2026-02-01 16:03:02] [INFO] Daily P&L: $+0.00
[2026-02-01 16:03:02] [INFO] Open Positions: 0
[2026-02-01 16:03:02] [INFO] Daily Trades: 0/2
[2026-02-01 16:03:02] [INFO] Scanning market for A+ setups...
[2026-02-01 16:04:07] [INFO] No A+ setups found. Patience.
[2026-02-01 16:04:07] [INFO] Sleeping for 5 minutes...
[2026-02-01 16:09:07] [INFO] 
============================================================
[2026-02-01 16:09:07] [INFO] AlphaStrike Bot Run - 2026-02-01 16:09:07
[2026-02-01 16:09:07] [INFO] ============================================================
[2026-02-01 16:09:07] [INFO] Account Equity: $733.00
[2026-02-01 16:09:07] [INFO] Daily P&L: $+0.00
[2026-02-01 16:09:07] [INFO] Open Positions: 0
[2026-02-01 16:09:07] [INFO] Daily Trades: 0/2
[2026-02-01 16:09:07] [INFO] Scanning market for A+ setups...
[2026-02-01 16:09:12] [INFO] No A+ setups found. Patience.
[2026-02-01 16:09:12] [INFO] Sleeping for 5 minutes...
[2026-02-01 16:14:12] [INFO] 
============================================================
[2026-02-01 16:14:12] [INFO] AlphaStrike Bot Run - 2026-02-01 16:14:12
[2026-02-01 16:14:12] [INFO] ============================================================
[2026-02-01 16:14:12] [INFO] Account Equity: $733.00
[2026-02-01 16:14:12] [INFO] Daily P&L: $+0.00
[2026-02-01 16:14:12] [INFO] Open Positions: 0
[2026-02-01 16:14:12] [INFO] Daily Trades: 0/2
[2026-02-01 16:14:12] [INFO] Scanning market for A+ setups...
Error fetching ticker for cmt_btcusdt: HTTPSConnectionPool(host='api-contract.weex.com', port=443): Max retries exceeded with url: /capi/v2/market/ticker?symbol=cmt_btcusdt (Caused by SSLError(SSLEOFError(8, '[SSL: UNEXPECTED_EOF_WHILE_READING] EOF occurred in violation of protocol (_ssl.c:1000)')))
Error fetching funding rate for cmt_btcusdt: HTTPSConnectionPool(host='api-contract.weex.com', port=443): Max retries exceeded with url: /capi/v2/market/currentFundRate?symbol=cmt_btcusdt (Caused by SSLError(SSLEOFError(8, '[SSL: UNEXPECTED_EOF_WHILE_READING] EOF occurred in violation of protocol (_ssl.c:1000)')))
Error fetching ticker for cmt_ethusdt: HTTPSConnectionPool(host='api-contract.weex.com', port=443): Max retries exceeded with url: /capi/v2/market/ticker?symbol=cmt_ethusdt (Caused by SSLError(SSLEOFError(8, '[SSL: UNEXPECTED_EOF_WHILE_READING] EOF occurred in violation of protocol (_ssl.c:1000)')))
Error fetching funding rate for cmt_ethusdt: HTTPSConnectionPool(host='api-contract.weex.com', port=443): Max retries exceeded with url: /capi/v2/market/currentFundRate?symbol=cmt_ethusdt (Caused by SSLError(SSLEOFError(8, '[SSL: UNEXPECTED_EOF_WHILE_READING] EOF occurred in violation of protocol (_ssl.c:1000)')))
Error fetching ticker for cmt_solusdt: HTTPSConnectionPool(host='api-contract.weex.com', port=443): Max retries exceeded with url: /capi/v2/market/ticker?symbol=cmt_solusdt (Caused by SSLError(SSLEOFError(8, '[SSL: UNEXPECTED_EOF_WHILE_READING] EOF occurred in violation of protocol (_ssl.c:1000)')))
Error fetching funding rate for cmt_solusdt: HTTPSConnectionPool(host='api-contract.weex.com', port=443): Max retries exceeded with url: /capi/v2/market/currentFundRate?symbol=cmt_solusdt (Caused by SSLError(SSLEOFError(8, '[SSL: UNEXPECTED_EOF_WHILE_READING] EOF occurred in violation of protocol (_ssl.c:1000)')))
Error fetching funding rate for cmt_bnbusdt: HTTPSConnectionPool(host='api-contract.weex.com', port=443): Max retries exceeded with url: /capi/v2/market/currentFundRate?symbol=cmt_bnbusdt (Caused by SSLError(SSLEOFError(8, '[SSL: UNEXPECTED_EOF_WHILE_READING] EOF occurred in violation of protocol (_ssl.c:1000)')))
Error fetching ticker for cmt_dogeusdt: HTTPSConnectionPool(host='api-contract.weex.com', port=443): Max retries exceeded with url: /capi/v2/market/ticker?symbol=cmt_dogeusdt (Caused by SSLError(SSLEOFError(8, '[SSL: UNEXPECTED_EOF_WHILE_READING] EOF occurred in violation of protocol (_ssl.c:1000)')))
[2026-02-01 16:23:58] [INFO] No A+ setups found. Patience.
[2026-02-01 16:23:58] [INFO] Sleeping for 5 minutes...
[2026-02-01 16:28:58] [INFO] 
============================================================
[2026-02-01 16:28:58] [INFO] AlphaStrike Bot Run - 2026-02-01 16:28:58
[2026-02-01 16:28:58] [INFO] ============================================================
[2026-02-01 16:28:58] [INFO] Account Equity: $733.00
[2026-02-01 16:28:58] [INFO] Daily P&L: $+0.00
[2026-02-01 16:28:58] [INFO] Open Positions: 0
[2026-02-01 16:28:58] [INFO] Daily Trades: 0/2
[2026-02-01 16:28:58] [INFO] Scanning market for A+ setups...
Error fetching funding rate for cmt_btcusdt: HTTPSConnectionPool(host='api-contract.weex.com', port=443): Max retries exceeded with url: /capi/v2/market/currentFundRate?symbol=cmt_btcusdt (Caused by SSLError(SSLEOFError(8, '[SSL: UNEXPECTED_EOF_WHILE_READING] EOF occurred in violation of protocol (_ssl.c:1000)')))
Error fetching funding rate for cmt_ethusdt: HTTPSConnectionPool(host='api-contract.weex.com', port=443): Max retries exceeded with url: /capi/v2/market/currentFundRate?symbol=cmt_ethusdt (Caused by SSLError(SSLEOFError(8, '[SSL: UNEXPECTED_EOF_WHILE_READING] EOF occurred in violation of protocol (_ssl.c:1000)')))
Error fetching funding rate for cmt_solusdt: HTTPSConnectionPool(host='api-contract.weex.com', port=443): Max retries exceeded with url: /capi/v2/market/currentFundRate?symbol=cmt_solusdt (Caused by SSLError(SSLEOFError(8, '[SSL: UNEXPECTED_EOF_WHILE_READING] EOF occurred in violation of protocol (_ssl.c:1000)')))
Error fetching funding rate for cmt_bnbusdt: ('Connection aborted.', RemoteDisconnected('Remote end closed connection without response'))
Error fetching ticker for cmt_dogeusdt: HTTPSConnectionPool(host='api-contract.weex.com', port=443): Max retries exceeded with url: /capi/v2/market/ticker?symbol=cmt_dogeusdt (Caused by SSLError(SSLEOFError(8, '[SSL: UNEXPECTED_EOF_WHILE_READING] EOF occurred in violation of protocol (_ssl.c:1000)')))
[2026-02-01 16:35:19] [INFO] No A+ setups found. Patience.
[2026-02-01 16:35:19] [INFO] Sleeping for 5 minutes...
[2026-02-01 16:40:19] [INFO] 
============================================================
[2026-02-01 16:40:19] [INFO] AlphaStrike Bot Run - 2026-02-01 16:40:19
[2026-02-01 16:40:19] [INFO] ============================================================
[2026-02-01 16:40:19] [INFO] Account Equity: $733.00
[2026-02-01 16:40:19] [INFO] Daily P&L: $+0.00
[2026-02-01 16:40:19] [INFO] Open Positions: 0
[2026-02-01 16:40:19] [INFO] Daily Trades: 0/2
[2026-02-01 16:40:19] [INFO] Scanning market for A+ setups...
Error fetching ticker for cmt_btcusdt: HTTPSConnectionPool(host='api-contract.weex.com', port=443): Max retries exceeded with url: /capi/v2/market/ticker?symbol=cmt_btcusdt (Caused by SSLError(SSLEOFError(8, '[SSL: UNEXPECTED_EOF_WHILE_READING] EOF occurred in violation of protocol (_ssl.c:1000)')))
Error fetching funding rate for cmt_ethusdt: HTTPSConnectionPool(host='api-contract.weex.com', port=443): Max retries exceeded with url: /capi/v2/market/currentFundRate?symbol=cmt_ethusdt (Caused by SSLError(SSLEOFError(8, '[SSL: UNEXPECTED_EOF_WHILE_READING] EOF occurred in violation of protocol (_ssl.c:1000)')))
Error fetching ticker for cmt_solusdt: HTTPSConnectionPool(host='api-contract.weex.com', port=443): Max retries exceeded with url: /capi/v2/market/ticker?symbol=cmt_solusdt (Caused by SSLError(SSLEOFError(8, '[SSL: UNEXPECTED_EOF_WHILE_READING] EOF occurred in violation of protocol (_ssl.c:1000)')))
Error fetching funding rate for cmt_solusdt: HTTPSConnectionPool(host='api-contract.weex.com', port=443): Max retries exceeded with url: /capi/v2/market/currentFundRate?symbol=cmt_solusdt (Caused by SSLError(SSLEOFError(8, '[SSL: UNEXPECTED_EOF_WHILE_READING] EOF occurred in violation of protocol (_ssl.c:1000)')))
[2026-02-01 16:45:18] [INFO] No A+ setups found. Patience.
[2026-02-01 16:45:18] [INFO] Sleeping for 5 minutes...
[2026-02-01 16:50:18] [INFO] 
============================================================
[2026-02-01 16:50:18] [INFO] AlphaStrike Bot Run - 2026-02-01 16:50:18
[2026-02-01 16:50:18] [INFO] ============================================================
[2026-02-01 16:50:18] [INFO] Account Equity: $733.00
[2026-02-01 16:50:18] [INFO] Daily P&L: $+0.00
[2026-02-01 16:50:18] [INFO] Open Positions: 0
[2026-02-01 16:50:18] [INFO] Daily Trades: 0/2
[2026-02-01 16:50:18] [INFO] Scanning market for A+ setups...
Error fetching ticker for cmt_solusdt: HTTPSConnectionPool(host='api-contract.weex.com', port=443): Max retries exceeded with url: /capi/v2/market/ticker?symbol=cmt_solusdt (Caused by SSLError(SSLEOFError(8, '[SSL: UNEXPECTED_EOF_WHILE_READING] EOF occurred in violation of protocol (_ssl.c:1000)')))
Error fetching ticker for cmt_dogeusdt: HTTPSConnectionPool(host='api-contract.weex.com', port=443): Max retries exceeded with url: /capi/v2/market/ticker?symbol=cmt_dogeusdt (Caused by SSLError(SSLEOFError(8, '[SSL: UNEXPECTED_EOF_WHILE_READING] EOF occurred in violation of protocol (_ssl.c:1000)')))
Error fetching funding rate for cmt_dogeusdt: HTTPSConnectionPool(host='api-contract.weex.com', port=443): Max retries exceeded with url: /capi/v2/market/currentFundRate?symbol=cmt_dogeusdt (Caused by SSLError(SSLEOFError(8, '[SSL: UNEXPECTED_EOF_WHILE_READING] EOF occurred in violation of protocol (_ssl.c:1000)')))
[2026-02-01 16:55:39] [INFO] No A+ setups found. Patience.
[2026-02-01 16:55:39] [INFO] Sleeping for 5 minutes...
[2026-02-01 17:00:39] [INFO] 
============================================================
[2026-02-01 17:00:39] [INFO] AlphaStrike Bot Run - 2026-02-01 17:00:39
[2026-02-01 17:00:39] [INFO] ============================================================
[2026-02-01 17:00:39] [INFO] Account Equity: $733.00
[2026-02-01 17:00:39] [INFO] Daily P&L: $+0.00
[2026-02-01 17:00:39] [INFO] Open Positions: 0
[2026-02-01 17:00:39] [INFO] Daily Trades: 0/2
[2026-02-01 17:00:39] [INFO] Scanning market for A+ setups...
Error fetching ticker for cmt_btcusdt: HTTPSConnectionPool(host='api-contract.weex.com', port=443): Max retries exceeded with url: /capi/v2/market/ticker?symbol=cmt_btcusdt (Caused by SSLError(SSLEOFError(8, '[SSL: UNEXPECTED_EOF_WHILE_READING] EOF occurred in violation of protocol (_ssl.c:1000)')))
Error fetching funding rate for cmt_btcusdt: HTTPSConnectionPool(host='api-contract.weex.com', port=443): Max retries exceeded with url: /capi/v2/market/currentFundRate?symbol=cmt_btcusdt (Caused by SSLError(SSLEOFError(8, '[SSL: UNEXPECTED_EOF_WHILE_READING] EOF occurred in violation of protocol (_ssl.c:1000)')))
Error fetching ticker for cmt_ethusdt: HTTPSConnectionPool(host='api-contract.weex.com', port=443): Max retries exceeded with url: /capi/v2/market/ticker?symbol=cmt_ethusdt (Caused by SSLError(SSLEOFError(8, '[SSL: UNEXPECTED_EOF_WHILE_READING] EOF occurred in violation of protocol (_ssl.c:1000)')))
Error fetching funding rate for cmt_ethusdt: HTTPSConnectionPool(host='api-contract.weex.com', port=443): Max retries exceeded with url: /capi/v2/market/currentFundRate?symbol=cmt_ethusdt (Caused by SSLError(SSLEOFError(8, '[SSL: UNEXPECTED_EOF_WHILE_READING] EOF occurred in violation of protocol (_ssl.c:1000)')))
Error fetching ticker for cmt_solusdt: HTTPSConnectionPool(host='api-contract.weex.com', port=443): Max retries exceeded with url: /capi/v2/market/ticker?symbol=cmt_solusdt (Caused by SSLError(SSLEOFError(8, '[SSL: UNEXPECTED_EOF_WHILE_READING] EOF occurred in violation of protocol (_ssl.c:1000)')))
Error fetching funding rate for cmt_solusdt: HTTPSConnectionPool(host='api-contract.weex.com', port=443): Max retries exceeded with url: /capi/v2/market/currentFundRate?symbol=cmt_solusdt (Caused by SSLError(SSLEOFError(8, '[SSL: UNEXPECTED_EOF_WHILE_READING] EOF occurred in violation of protocol (_ssl.c:1000)')))
Error fetching ticker for cmt_bnbusdt: HTTPSConnectionPool(host='api-contract.weex.com', port=443): Max retries exceeded with url: /capi/v2/market/ticker?symbol=cmt_bnbusdt (Caused by SSLError(SSLEOFError(8, '[SSL: UNEXPECTED_EOF_WHILE_READING] EOF occurred in violation of protocol (_ssl.c:1000)')))
Error fetching funding rate for cmt_bnbusdt: HTTPSConnectionPool(host='api-contract.weex.com', port=443): Max retries exceeded with url: /capi/v2/market/currentFundRate?symbol=cmt_bnbusdt (Caused by SSLError(SSLEOFError(8, '[SSL: UNEXPECTED_EOF_WHILE_READING] EOF occurred in violation of protocol (_ssl.c:1000)')))
Error fetching ticker for cmt_dogeusdt: HTTPSConnectionPool(host='api-contract.weex.com', port=443): Max retries exceeded with url: /capi/v2/market/ticker?symbol=cmt_dogeusdt (Caused by SSLError(SSLEOFError(8, '[SSL: UNEXPECTED_EOF_WHILE_READING] EOF occurred in violation of protocol (_ssl.c:1000)')))
Error fetching funding rate for cmt_dogeusdt: HTTPSConnectionPool(host='api-contract.weex.com', port=443): Max retries exceeded with url: /capi/v2/market/currentFundRate?symbol=cmt_dogeusdt (Caused by SSLError(SSLEOFError(8, '[SSL: UNEXPECTED_EOF_WHILE_READING] EOF occurred in violation of protocol (_ssl.c:1000)')))
[2026-02-01 17:12:21] [INFO] No A+ setups found. Patience.
[2026-02-01 17:12:21] [INFO] Sleeping for 5 minutes...
[2026-02-01 17:17:21] [INFO] 
============================================================
[2026-02-01 17:17:21] [INFO] AlphaStrike Bot Run - 2026-02-01 17:17:21
[2026-02-01 17:17:21] [INFO] ============================================================
[2026-02-01 17:17:21] [INFO] Account Equity: $733.00
[2026-02-01 17:17:21] [INFO] Daily P&L: $+0.00
[2026-02-01 17:17:21] [INFO] Open Positions: 0
[2026-02-01 17:17:21] [INFO] Daily Trades: 0/2
[2026-02-01 17:17:21] [INFO] Scanning market for A+ setups...
Error fetching ticker for cmt_btcusdt: HTTPSConnectionPool(host='api-contract.weex.com', port=443): Max retries exceeded with url: /capi/v2/market/ticker?symbol=cmt_btcusdt (Caused by SSLError(SSLEOFError(8, '[SSL: UNEXPECTED_EOF_WHILE_READING] EOF occurred in violation of protocol (_ssl.c:1000)')))
Error fetching funding rate for cmt_btcusdt: HTTPSConnectionPool(host='api-contract.weex.com', port=443): Max retries exceeded with url: /capi/v2/market/currentFundRate?symbol=cmt_btcusdt (Caused by SSLError(SSLEOFError(8, '[SSL: UNEXPECTED_EOF_WHILE_READING] EOF occurred in violation of protocol (_ssl.c:1000)')))
Error fetching ticker for cmt_ethusdt: HTTPSConnectionPool(host='api-contract.weex.com', port=443): Max retries exceeded with url: /capi/v2/market/ticker?symbol=cmt_ethusdt (Caused by SSLError(SSLEOFError(8, '[SSL: UNEXPECTED_EOF_WHILE_READING] EOF occurred in violation of protocol (_ssl.c:1000)')))
Error fetching funding rate for cmt_ethusdt: HTTPSConnectionPool(host='api-contract.weex.com', port=443): Max retries exceeded with url: /capi/v2/market/currentFundRate?symbol=cmt_ethusdt (Caused by NameResolutionError("<urllib3.connection.HTTPSConnection object at 0x7ebc06ae0bc0>: Failed to resolve 'api-contract.weex.com' ([Errno -3] Temporary failure in name resolution)"))
Error fetching ticker for cmt_solusdt: HTTPSConnectionPool(host='api-contract.weex.com', port=443): Max retries exceeded with url: /capi/v2/market/ticker?symbol=cmt_solusdt (Caused by SSLError(SSLEOFError(8, '[SSL: UNEXPECTED_EOF_WHILE_READING] EOF occurred in violation of protocol (_ssl.c:1000)')))
Error fetching ticker for cmt_bnbusdt: HTTPSConnectionPool(host='api-contract.weex.com', port=443): Max retries exceeded with url: /capi/v2/market/ticker?symbol=cmt_bnbusdt (Caused by SSLError(SSLEOFError(8, '[SSL: UNEXPECTED_EOF_WHILE_READING] EOF occurred in violation of protocol (_ssl.c:1000)')))
Error fetching funding rate for cmt_bnbusdt: HTTPSConnectionPool(host='api-contract.weex.com', port=443): Max retries exceeded with url: /capi/v2/market/currentFundRate?symbol=cmt_bnbusdt (Caused by SSLError(SSLEOFError(8, '[SSL: UNEXPECTED_EOF_WHILE_READING] EOF occurred in violation of protocol (_ssl.c:1000)')))
Error fetching ticker for cmt_dogeusdt: HTTPSConnectionPool(host='api-contract.weex.com', port=443): Max retries exceeded with url: /capi/v2/market/ticker?symbol=cmt_dogeusdt (Caused by SSLError(SSLEOFError(8, '[SSL: UNEXPECTED_EOF_WHILE_READING] EOF occurred in violation of protocol (_ssl.c:1000)')))
Error fetching funding rate for cmt_dogeusdt: HTTPSConnectionPool(host='api-contract.weex.com', port=443): Max retries exceeded with url: /capi/v2/market/currentFundRate?symbol=cmt_dogeusdt (Caused by SSLError(SSLEOFError(8, '[SSL: UNEXPECTED_EOF_WHILE_READING] EOF occurred in violation of protocol (_ssl.c:1000)')))
[2026-02-01 17:27:13] [INFO] No A+ setups found. Patience.
[2026-02-01 17:27:13] [INFO] Sleeping for 5 minutes...
[2026-02-01 17:32:13] [INFO] 
============================================================
[2026-02-01 17:32:13] [INFO] AlphaStrike Bot Run - 2026-02-01 17:32:13
[2026-02-01 17:32:13] [INFO] ============================================================
[2026-02-01 17:32:13] [INFO] Account Equity: $733.00
[2026-02-01 17:32:13] [INFO] Daily P&L: $+0.00
[2026-02-01 17:32:13] [INFO] Open Positions: 0
[2026-02-01 17:32:13] [INFO] Daily Trades: 0/2
[2026-02-01 17:32:13] [INFO] Scanning market for A+ setups...
Error fetching ticker for cmt_btcusdt: HTTPSConnectionPool(host='api-contract.weex.com', port=443): Max retries exceeded with url: /capi/v2/market/ticker?symbol=cmt_btcusdt (Caused by SSLError(SSLEOFError(8, '[SSL: UNEXPECTED_EOF_WHILE_READING] EOF occurred in violation of protocol (_ssl.c:1000)')))
Error fetching funding rate for cmt_btcusdt: HTTPSConnectionPool(host='api-contract.weex.com', port=443): Max retries exceeded with url: /capi/v2/market/currentFundRate?symbol=cmt_btcusdt (Caused by SSLError(SSLEOFError(8, '[SSL: UNEXPECTED_EOF_WHILE_READING] EOF occurred in violation of protocol (_ssl.c:1000)')))
Error fetching ticker for cmt_ethusdt: HTTPSConnectionPool(host='api-contract.weex.com', port=443): Max retries exceeded with url: /capi/v2/market/ticker?symbol=cmt_ethusdt (Caused by SSLError(SSLEOFError(8, '[SSL: UNEXPECTED_EOF_WHILE_READING] EOF occurred in violation of protocol (_ssl.c:1000)')))
Error fetching funding rate for cmt_ethusdt: HTTPSConnectionPool(host='api-contract.weex.com', port=443): Max retries exceeded with url: /capi/v2/market/currentFundRate?symbol=cmt_ethusdt (Caused by SSLError(SSLEOFError(8, '[SSL: UNEXPECTED_EOF_WHILE_READING] EOF occurred in violation of protocol (_ssl.c:1000)')))
Error fetching ticker for cmt_solusdt: HTTPSConnectionPool(host='api-contract.weex.com', port=443): Max retries exceeded with url: /capi/v2/market/ticker?symbol=cmt_solusdt (Caused by SSLError(SSLEOFError(8, '[SSL: UNEXPECTED_EOF_WHILE_READING] EOF occurred in violation of protocol (_ssl.c:1000)')))
Error fetching funding rate for cmt_solusdt: HTTPSConnectionPool(host='api-contract.weex.com', port=443): Max retries exceeded with url: /capi/v2/market/currentFundRate?symbol=cmt_solusdt (Caused by SSLError(SSLEOFError(8, '[SSL: UNEXPECTED_EOF_WHILE_READING] EOF occurred in violation of protocol (_ssl.c:1000)')))
Error fetching ticker for cmt_bnbusdt: HTTPSConnectionPool(host='api-contract.weex.com', port=443): Max retries exceeded with url: /capi/v2/market/ticker?symbol=cmt_bnbusdt (Caused by SSLError(SSLEOFError(8, '[SSL: UNEXPECTED_EOF_WHILE_READING] EOF occurred in violation of protocol (_ssl.c:1000)')))
Error fetching funding rate for cmt_bnbusdt: HTTPSConnectionPool(host='api-contract.weex.com', port=443): Max retries exceeded with url: /capi/v2/market/currentFundRate?symbol=cmt_bnbusdt (Caused by SSLError(SSLEOFError(8, '[SSL: UNEXPECTED_EOF_WHILE_READING] EOF occurred in violation of protocol (_ssl.c:1000)')))
Error fetching ticker for cmt_dogeusdt: HTTPSConnectionPool(host='api-contract.weex.com', port=443): Max retries exceeded with url: /capi/v2/market/ticker?symbol=cmt_dogeusdt (Caused by SSLError(SSLEOFError(8, '[SSL: UNEXPECTED_EOF_WHILE_READING] EOF occurred in violation of protocol (_ssl.c:1000)')))
Error fetching funding rate for cmt_dogeusdt: HTTPSConnectionPool(host='api-contract.weex.com', port=443): Max retries exceeded with url: /capi/v2/market/currentFundRate?symbol=cmt_dogeusdt (Caused by SSLError(SSLEOFError(8, '[SSL: UNEXPECTED_EOF_WHILE_READING] EOF occurred in violation of protocol (_ssl.c:1000)')))
[2026-02-01 17:43:16] [INFO] No A+ setups found. Patience.
[2026-02-01 17:43:16] [INFO] Sleeping for 5 minutes...
[2026-02-01 17:48:16] [INFO] 
============================================================
[2026-02-01 17:48:16] [INFO] AlphaStrike Bot Run - 2026-02-01 17:48:16
[2026-02-01 17:48:16] [INFO] ============================================================
[2026-02-01 17:48:16] [INFO] Account Equity: $733.00
[2026-02-01 17:48:16] [INFO] Daily P&L: $+0.00
[2026-02-01 17:48:16] [INFO] Open Positions: 0
[2026-02-01 17:48:16] [INFO] Daily Trades: 0/2
[2026-02-01 17:48:16] [INFO] Scanning market for A+ setups...
Error fetching ticker for cmt_btcusdt: HTTPSConnectionPool(host='api-contract.weex.com', port=443): Max retries exceeded with url: /capi/v2/market/ticker?symbol=cmt_btcusdt (Caused by SSLError(SSLEOFError(8, '[SSL: UNEXPECTED_EOF_WHILE_READING] EOF occurred in violation of protocol (_ssl.c:1000)')))
Error fetching funding rate for cmt_btcusdt: HTTPSConnectionPool(host='api-contract.weex.com', port=443): Max retries exceeded with url: /capi/v2/market/currentFundRate?symbol=cmt_btcusdt (Caused by SSLError(SSLEOFError(8, '[SSL: UNEXPECTED_EOF_WHILE_READING] EOF occurred in violation of protocol (_ssl.c:1000)')))
[2026-02-01 17:50:49] [INFO] No A+ setups found. Patience.
[2026-02-01 17:50:49] [INFO] Sleeping for 5 minutes...
[2026-02-01 17:55:49] [INFO] 
============================================================
[2026-02-01 17:55:49] [INFO] AlphaStrike Bot Run - 2026-02-01 17:55:49
[2026-02-01 17:55:49] [INFO] ============================================================
[2026-02-01 17:55:49] [INFO] Account Equity: $733.00
[2026-02-01 17:55:49] [INFO] Daily P&L: $+0.00
[2026-02-01 17:55:49] [INFO] Open Positions: 0
[2026-02-01 17:55:49] [INFO] Daily Trades: 0/2
[2026-02-01 17:55:49] [INFO] Scanning market for A+ setups...
[2026-02-01 17:55:54] [INFO] No A+ setups found. Patience.
[2026-02-01 17:55:54] [INFO] Sleeping for 5 minutes...
[2026-02-01 18:00:54] [INFO] 
============================================================
[2026-02-01 18:00:54] [INFO] AlphaStrike Bot Run - 2026-02-01 18:00:54
[2026-02-01 18:00:54] [INFO] ============================================================
[2026-02-01 18:00:54] [INFO] Account Equity: $733.00
[2026-02-01 18:00:54] [INFO] Daily P&L: $+0.00
[2026-02-01 18:00:54] [INFO] Open Positions: 0
[2026-02-01 18:00:54] [INFO] Daily Trades: 0/2
[2026-02-01 18:00:54] [INFO] Scanning market for A+ setups...
[2026-02-01 18:00:59] [INFO] No A+ setups found. Patience.
[2026-02-01 18:00:59] [INFO] Sleeping for 5 minutes...
[2026-02-01 18:05:59] [INFO] 
============================================================
[2026-02-01 18:05:59] [INFO] AlphaStrike Bot Run - 2026-02-01 18:05:59
[2026-02-01 18:05:59] [INFO] ============================================================
[2026-02-01 18:05:59] [INFO] Account Equity: $733.00
[2026-02-01 18:05:59] [INFO] Daily P&L: $+0.00
[2026-02-01 18:05:59] [INFO] Open Positions: 0
[2026-02-01 18:05:59] [INFO] Daily Trades: 0/2
[2026-02-01 18:05:59] [INFO] Scanning market for A+ setups...
[2026-02-01 18:06:05] [INFO] No A+ setups found. Patience.
[2026-02-01 18:06:05] [INFO] Sleeping for 5 minutes...
[2026-02-01 18:11:05] [INFO] 
============================================================
[2026-02-01 18:11:05] [INFO] AlphaStrike Bot Run - 2026-02-01 18:11:05
[2026-02-01 18:11:05] [INFO] ============================================================
[2026-02-01 18:11:05] [INFO] Account Equity: $733.00
[2026-02-01 18:11:05] [INFO] Daily P&L: $+0.00
[2026-02-01 18:11:05] [INFO] Open Positions: 0
[2026-02-01 18:11:05] [INFO] Daily Trades: 0/2
[2026-02-01 18:11:05] [INFO] Scanning market for A+ setups...
[2026-02-01 18:11:10] [INFO] No A+ setups found. Patience.
[2026-02-01 18:11:10] [INFO] Sleeping for 5 minutes...
[2026-02-01 18:16:10] [INFO] 
============================================================
[2026-02-01 18:16:10] [INFO] AlphaStrike Bot Run - 2026-02-01 18:16:10
[2026-02-01 18:16:10] [INFO] ============================================================
[2026-02-01 18:16:10] [INFO] Account Equity: $733.00
[2026-02-01 18:16:10] [INFO] Daily P&L: $+0.00
[2026-02-01 18:16:10] [INFO] Open Positions: 0
[2026-02-01 18:16:10] [INFO] Daily Trades: 0/2
[2026-02-01 18:16:10] [INFO] Scanning market for A+ setups...
[2026-02-01 18:16:15] [INFO] No A+ setups found. Patience.
[2026-02-01 18:16:15] [INFO] Sleeping for 5 minutes...
[2026-02-01 18:21:15] [INFO] 
============================================================
[2026-02-01 18:21:15] [INFO] AlphaStrike Bot Run - 2026-02-01 18:21:15
[2026-02-01 18:21:15] [INFO] ============================================================
[2026-02-01 18:21:15] [INFO] Account Equity: $733.00
[2026-02-01 18:21:15] [INFO] Daily P&L: $+0.00
[2026-02-01 18:21:15] [INFO] Open Positions: 0
[2026-02-01 18:21:15] [INFO] Daily Trades: 0/2
[2026-02-01 18:21:15] [INFO] Scanning market for A+ setups...
[2026-02-01 18:21:20] [INFO] No A+ setups found. Patience.
[2026-02-01 18:21:20] [INFO] Sleeping for 5 minutes...
[2026-02-01 18:26:20] [INFO] 
============================================================
[2026-02-01 18:26:20] [INFO] AlphaStrike Bot Run - 2026-02-01 18:26:20
[2026-02-01 18:26:20] [INFO] ============================================================
[2026-02-01 18:26:20] [INFO] Account Equity: $733.00
[2026-02-01 18:26:20] [INFO] Daily P&L: $+0.00
[2026-02-01 18:26:20] [INFO] Open Positions: 0
[2026-02-01 18:26:20] [INFO] Daily Trades: 0/2
[2026-02-01 18:26:20] [INFO] Scanning market for A+ setups...
[2026-02-01 18:26:25] [INFO] No A+ setups found. Patience.
[2026-02-01 18:26:25] [INFO] Sleeping for 5 minutes...
[2026-02-01 18:31:25] [INFO] 
============================================================
[2026-02-01 18:31:25] [INFO] AlphaStrike Bot Run - 2026-02-01 18:31:25
[2026-02-01 18:31:25] [INFO] ============================================================
[2026-02-01 18:31:25] [INFO] Account Equity: $733.00
[2026-02-01 18:31:25] [INFO] Daily P&L: $+0.00
[2026-02-01 18:31:25] [INFO] Open Positions: 0
[2026-02-01 18:31:25] [INFO] Daily Trades: 0/2
[2026-02-01 18:31:25] [INFO] Scanning market for A+ setups...
[2026-02-01 18:31:30] [INFO] No A+ setups found. Patience.
[2026-02-01 18:31:30] [INFO] Sleeping for 5 minutes...
[2026-02-01 18:36:30] [INFO] 
============================================================
[2026-02-01 18:36:30] [INFO] AlphaStrike Bot Run - 2026-02-01 18:36:30
[2026-02-01 18:36:30] [INFO] ============================================================
[2026-02-01 18:36:30] [INFO] Account Equity: $733.00
[2026-02-01 18:36:30] [INFO] Daily P&L: $+0.00
[2026-02-01 18:36:30] [INFO] Open Positions: 0
[2026-02-01 18:36:30] [INFO] Daily Trades: 0/2
[2026-02-01 18:36:30] [INFO] Scanning market for A+ setups...
[2026-02-01 18:36:40] [INFO] No A+ setups found. Patience.
[2026-02-01 18:36:40] [INFO] Sleeping for 5 minutes...
[2026-02-01 18:41:40] [INFO] 
============================================================
[2026-02-01 18:41:40] [INFO] AlphaStrike Bot Run - 2026-02-01 18:41:40
[2026-02-01 18:41:40] [INFO] ============================================================
[2026-02-01 18:41:40] [INFO] Account Equity: $733.00
[2026-02-01 18:41:40] [INFO] Daily P&L: $+0.00
[2026-02-01 18:41:40] [INFO] Open Positions: 0
[2026-02-01 18:41:40] [INFO] Daily Trades: 0/2
[2026-02-01 18:41:40] [INFO] Scanning market for A+ setups...
[2026-02-01 18:41:45] [INFO] No A+ setups found. Patience.
[2026-02-01 18:41:45] [INFO] Sleeping for 5 minutes...
[2026-02-01 18:46:45] [INFO] 
============================================================
[2026-02-01 18:46:45] [INFO] AlphaStrike Bot Run - 2026-02-01 18:46:45
[2026-02-01 18:46:45] [INFO] ============================================================
[2026-02-01 18:46:45] [INFO] Account Equity: $733.00
[2026-02-01 18:46:45] [INFO] Daily P&L: $+0.00
[2026-02-01 18:46:45] [INFO] Open Positions: 0
[2026-02-01 18:46:45] [INFO] Daily Trades: 0/2
[2026-02-01 18:46:45] [INFO] Scanning market for A+ setups...
[2026-02-01 18:46:50] [INFO] No A+ setups found. Patience.
[2026-02-01 18:46:50] [INFO] Sleeping for 5 minutes...
[2026-02-01 18:51:50] [INFO] 
============================================================
[2026-02-01 18:51:50] [INFO] AlphaStrike Bot Run - 2026-02-01 18:51:50
[2026-02-01 18:51:50] [INFO] ============================================================
[2026-02-01 18:51:50] [INFO] Account Equity: $733.00
[2026-02-01 18:51:50] [INFO] Daily P&L: $+0.00
[2026-02-01 18:51:50] [INFO] Open Positions: 0
[2026-02-01 18:51:50] [INFO] Daily Trades: 0/2
[2026-02-01 18:51:50] [INFO] Scanning market for A+ setups...
[2026-02-01 18:51:55] [INFO] No A+ setups found. Patience.
[2026-02-01 18:51:55] [INFO] Sleeping for 5 minutes...
[2026-02-01 18:56:55] [INFO] 
============================================================
[2026-02-01 18:56:55] [INFO] AlphaStrike Bot Run - 2026-02-01 18:56:55
[2026-02-01 18:56:55] [INFO] ============================================================
[2026-02-01 18:56:55] [INFO] Account Equity: $733.00
[2026-02-01 18:56:55] [INFO] Daily P&L: $+0.00
[2026-02-01 18:56:55] [INFO] Open Positions: 0
[2026-02-01 18:56:55] [INFO] Daily Trades: 0/2
[2026-02-01 18:56:55] [INFO] Scanning market for A+ setups...
[2026-02-01 18:57:00] [INFO] No A+ setups found. Patience.
[2026-02-01 18:57:00] [INFO] Sleeping for 5 minutes...
[2026-02-01 19:02:00] [INFO] 
============================================================
[2026-02-01 19:02:00] [INFO] AlphaStrike Bot Run - 2026-02-01 19:02:00
[2026-02-01 19:02:00] [INFO] ============================================================
[2026-02-01 19:02:00] [INFO] Account Equity: $733.00
[2026-02-01 19:02:00] [INFO] Daily P&L: $+0.00
[2026-02-01 19:02:00] [INFO] Open Positions: 0
[2026-02-01 19:02:00] [INFO] Daily Trades: 0/2
[2026-02-01 19:02:00] [INFO] Scanning market for A+ setups...
[2026-02-01 19:02:05] [INFO] No A+ setups found. Patience.
[2026-02-01 19:02:05] [INFO] Sleeping for 5 minutes...
[2026-02-01 19:07:05] [INFO] 
============================================================
[2026-02-01 19:07:05] [INFO] AlphaStrike Bot Run - 2026-02-01 19:07:05
[2026-02-01 19:07:05] [INFO] ============================================================
[2026-02-01 19:07:05] [INFO] Account Equity: $733.00
[2026-02-01 19:07:05] [INFO] Daily P&L: $+0.00
[2026-02-01 19:07:05] [INFO] Open Positions: 0
[2026-02-01 19:07:05] [INFO] Daily Trades: 0/2
[2026-02-01 19:07:05] [INFO] Scanning market for A+ setups...
[2026-02-01 19:07:10] [INFO] No A+ setups found. Patience.
[2026-02-01 19:07:10] [INFO] Sleeping for 5 minutes...
[2026-02-01 19:12:10] [INFO] 
============================================================
[2026-02-01 19:12:10] [INFO] AlphaStrike Bot Run - 2026-02-01 19:12:10
[2026-02-01 19:12:10] [INFO] ============================================================
[2026-02-01 19:12:10] [INFO] Account Equity: $733.00
[2026-02-01 19:12:10] [INFO] Daily P&L: $+0.00
[2026-02-01 19:12:10] [INFO] Open Positions: 0
[2026-02-01 19:12:10] [INFO] Daily Trades: 0/2
[2026-02-01 19:12:10] [INFO] Scanning market for A+ setups...
[2026-02-01 19:12:15] [INFO] No A+ setups found. Patience.
[2026-02-01 19:12:15] [INFO] Sleeping for 5 minutes...
[2026-02-01 19:17:15] [INFO] 
============================================================
[2026-02-01 19:17:15] [INFO] AlphaStrike Bot Run - 2026-02-01 19:17:15
[2026-02-01 19:17:15] [INFO] ============================================================
[2026-02-01 19:17:15] [INFO] Account Equity: $733.00
[2026-02-01 19:17:15] [INFO] Daily P&L: $+0.00
[2026-02-01 19:17:15] [INFO] Open Positions: 0
[2026-02-01 19:17:15] [INFO] Daily Trades: 0/2
[2026-02-01 19:17:15] [INFO] Scanning market for A+ setups...
[2026-02-01 19:17:20] [INFO] No A+ setups found. Patience.
[2026-02-01 19:17:20] [INFO] Sleeping for 5 minutes...
[2026-02-01 19:22:20] [INFO] 
============================================================
[2026-02-01 19:22:20] [INFO] AlphaStrike Bot Run - 2026-02-01 19:22:20
[2026-02-01 19:22:20] [INFO] ============================================================
[2026-02-01 19:22:20] [INFO] Account Equity: $733.00
[2026-02-01 19:22:20] [INFO] Daily P&L: $+0.00
[2026-02-01 19:22:20] [INFO] Open Positions: 0
[2026-02-01 19:22:20] [INFO] Daily Trades: 0/2
[2026-02-01 19:22:20] [INFO] Scanning market for A+ setups...
[2026-02-01 19:22:25] [INFO] No A+ setups found. Patience.
[2026-02-01 19:22:25] [INFO] Sleeping for 5 minutes...
[2026-02-01 19:27:25] [INFO] 
============================================================
[2026-02-01 19:27:25] [INFO] AlphaStrike Bot Run - 2026-02-01 19:27:25
[2026-02-01 19:27:25] [INFO] ============================================================
[2026-02-01 19:27:25] [INFO] Account Equity: $733.00
[2026-02-01 19:27:25] [INFO] Daily P&L: $+0.00
[2026-02-01 19:27:25] [INFO] Open Positions: 0
[2026-02-01 19:27:25] [INFO] Daily Trades: 0/2
[2026-02-01 19:27:25] [INFO] Scanning market for A+ setups...
[2026-02-01 19:27:30] [INFO] No A+ setups found. Patience.
[2026-02-01 19:27:30] [INFO] Sleeping for 5 minutes...
[2026-02-01 19:32:30] [INFO] 
============================================================
[2026-02-01 19:32:30] [INFO] AlphaStrike Bot Run - 2026-02-01 19:32:30
[2026-02-01 19:32:30] [INFO] ============================================================
[2026-02-01 19:32:30] [INFO] Account Equity: $733.00
[2026-02-01 19:32:30] [INFO] Daily P&L: $+0.00
[2026-02-01 19:32:30] [INFO] Open Positions: 0
[2026-02-01 19:32:30] [INFO] Daily Trades: 0/2
[2026-02-01 19:32:30] [INFO] Scanning market for A+ setups...
[2026-02-01 19:32:36] [INFO] No A+ setups found. Patience.
[2026-02-01 19:32:36] [INFO] Sleeping for 5 minutes...
[2026-02-01 19:37:36] [INFO] 
============================================================
[2026-02-01 19:37:36] [INFO] AlphaStrike Bot Run - 2026-02-01 19:37:36
[2026-02-01 19:37:36] [INFO] ============================================================
[2026-02-01 19:37:36] [INFO] Account Equity: $733.00
[2026-02-01 19:37:36] [INFO] Daily P&L: $+0.00
[2026-02-01 19:37:36] [INFO] Open Positions: 0
[2026-02-01 19:37:36] [INFO] Daily Trades: 0/2
[2026-02-01 19:37:36] [INFO] Scanning market for A+ setups...
[2026-02-01 19:37:41] [INFO] No A+ setups found. Patience.
[2026-02-01 19:37:41] [INFO] Sleeping for 5 minutes...
[2026-02-01 19:42:41] [INFO] 
============================================================
[2026-02-01 19:42:41] [INFO] AlphaStrike Bot Run - 2026-02-01 19:42:41
[2026-02-01 19:42:41] [INFO] ============================================================
[2026-02-01 19:42:41] [INFO] Account Equity: $733.00
[2026-02-01 19:42:41] [INFO] Daily P&L: $+0.00
[2026-02-01 19:42:41] [INFO] Open Positions: 0
[2026-02-01 19:42:41] [INFO] Daily Trades: 0/2
[2026-02-01 19:42:41] [INFO] Scanning market for A+ setups...
[2026-02-01 19:42:46] [INFO] No A+ setups found. Patience.
[2026-02-01 19:42:46] [INFO] Sleeping for 5 minutes...
[2026-02-01 19:47:46] [INFO] 
============================================================
[2026-02-01 19:47:46] [INFO] AlphaStrike Bot Run - 2026-02-01 19:47:46
[2026-02-01 19:47:46] [INFO] ============================================================
[2026-02-01 19:47:46] [INFO] Account Equity: $733.00
[2026-02-01 19:47:46] [INFO] Daily P&L: $+0.00
[2026-02-01 19:47:46] [INFO] Open Positions: 0
[2026-02-01 19:47:46] [INFO] Daily Trades: 0/2
[2026-02-01 19:47:46] [INFO] Scanning market for A+ setups...
[2026-02-01 19:47:51] [INFO] No A+ setups found. Patience.
[2026-02-01 19:47:51] [INFO] Sleeping for 5 minutes...
[2026-02-01 19:52:51] [INFO] 
============================================================
[2026-02-01 19:52:51] [INFO] AlphaStrike Bot Run - 2026-02-01 19:52:51
[2026-02-01 19:52:51] [INFO] ============================================================
[2026-02-01 19:52:51] [INFO] Account Equity: $733.00
[2026-02-01 19:52:51] [INFO] Daily P&L: $+0.00
[2026-02-01 19:52:51] [INFO] Open Positions: 0
[2026-02-01 19:52:51] [INFO] Daily Trades: 0/2
[2026-02-01 19:52:51] [INFO] Scanning market for A+ setups...
[2026-02-01 19:52:56] [INFO] No A+ setups found. Patience.
[2026-02-01 19:52:56] [INFO] Sleeping for 5 minutes...
[2026-02-01 19:57:56] [INFO] 
============================================================
[2026-02-01 19:57:56] [INFO] AlphaStrike Bot Run - 2026-02-01 19:57:56
[2026-02-01 19:57:56] [INFO] ============================================================
[2026-02-01 19:57:56] [INFO] Account Equity: $733.00
[2026-02-01 19:57:56] [INFO] Daily P&L: $+0.00
[2026-02-01 19:57:56] [INFO] Open Positions: 0
[2026-02-01 19:57:56] [INFO] Daily Trades: 0/2
[2026-02-01 19:57:56] [INFO] Scanning market for A+ setups...
[2026-02-01 19:58:01] [INFO] No A+ setups found. Patience.
[2026-02-01 19:58:01] [INFO] Sleeping for 5 minutes...
[2026-02-01 20:03:01] [INFO] 
============================================================
[2026-02-01 20:03:01] [INFO] AlphaStrike Bot Run - 2026-02-01 20:03:01
[2026-02-01 20:03:01] [INFO] ============================================================
[2026-02-01 20:03:01] [INFO] Account Equity: $733.00
[2026-02-01 20:03:01] [INFO] Daily P&L: $+0.00
[2026-02-01 20:03:01] [INFO] Open Positions: 0
[2026-02-01 20:03:01] [INFO] Daily Trades: 0/2
[2026-02-01 20:03:01] [INFO] Scanning market for A+ setups...
[2026-02-01 20:03:06] [INFO] No A+ setups found. Patience.
[2026-02-01 20:03:06] [INFO] Sleeping for 5 minutes...
[2026-02-01 20:08:06] [INFO] 
============================================================
[2026-02-01 20:08:06] [INFO] AlphaStrike Bot Run - 2026-02-01 20:08:06
[2026-02-01 20:08:06] [INFO] ============================================================
[2026-02-01 20:08:06] [INFO] Account Equity: $733.00
[2026-02-01 20:08:06] [INFO] Daily P&L: $+0.00
[2026-02-01 20:08:06] [INFO] Open Positions: 0
[2026-02-01 20:08:06] [INFO] Daily Trades: 0/2
[2026-02-01 20:08:06] [INFO] Scanning market for A+ setups...
[2026-02-01 20:08:11] [INFO] No A+ setups found. Patience.
[2026-02-01 20:08:11] [INFO] Sleeping for 5 minutes...
[2026-02-01 20:13:11] [INFO] 
============================================================
[2026-02-01 20:13:11] [INFO] AlphaStrike Bot Run - 2026-02-01 20:13:11
[2026-02-01 20:13:11] [INFO] ============================================================
[2026-02-01 20:13:11] [INFO] Account Equity: $733.00
[2026-02-01 20:13:11] [INFO] Daily P&L: $+0.00
[2026-02-01 20:13:11] [INFO] Open Positions: 0
[2026-02-01 20:13:11] [INFO] Daily Trades: 0/2
[2026-02-01 20:13:11] [INFO] Scanning market for A+ setups...
[2026-02-01 20:13:16] [INFO] No A+ setups found. Patience.
[2026-02-01 20:13:16] [INFO] Sleeping for 5 minutes...
[2026-02-01 20:18:16] [INFO] 
============================================================
[2026-02-01 20:18:16] [INFO] AlphaStrike Bot Run - 2026-02-01 20:18:16
[2026-02-01 20:18:16] [INFO] ============================================================
[2026-02-01 20:18:16] [INFO] Account Equity: $733.00
[2026-02-01 20:18:16] [INFO] Daily P&L: $+0.00
[2026-02-01 20:18:16] [INFO] Open Positions: 0
[2026-02-01 20:18:16] [INFO] Daily Trades: 0/2
[2026-02-01 20:18:16] [INFO] Scanning market for A+ setups...
[2026-02-01 20:18:21] [INFO] No A+ setups found. Patience.
[2026-02-01 20:18:21] [INFO] Sleeping for 5 minutes...
[2026-02-01 20:23:21] [INFO] 
============================================================
[2026-02-01 20:23:21] [INFO] AlphaStrike Bot Run - 2026-02-01 20:23:21
[2026-02-01 20:23:21] [INFO] ============================================================
[2026-02-01 20:23:21] [INFO] Account Equity: $733.00
[2026-02-01 20:23:21] [INFO] Daily P&L: $+0.00
[2026-02-01 20:23:21] [INFO] Open Positions: 0
[2026-02-01 20:23:21] [INFO] Daily Trades: 0/2
[2026-02-01 20:23:21] [INFO] Scanning market for A+ setups...
[2026-02-01 20:23:26] [INFO] No A+ setups found. Patience.
[2026-02-01 20:23:26] [INFO] Sleeping for 5 minutes...
[2026-02-01 20:28:26] [INFO] 
============================================================
[2026-02-01 20:28:26] [INFO] AlphaStrike Bot Run - 2026-02-01 20:28:26
[2026-02-01 20:28:26] [INFO] ============================================================
[2026-02-01 20:28:26] [INFO] Account Equity: $733.00
[2026-02-01 20:28:26] [INFO] Daily P&L: $+0.00
[2026-02-01 20:28:26] [INFO] Open Positions: 0
[2026-02-01 20:28:26] [INFO] Daily Trades: 0/2
[2026-02-01 20:28:26] [INFO] Scanning market for A+ setups...
[2026-02-01 20:28:31] [INFO] No A+ setups found. Patience.
[2026-02-01 20:28:31] [INFO] Sleeping for 5 minutes...
[2026-02-01 20:33:31] [INFO] 
============================================================
[2026-02-01 20:33:31] [INFO] AlphaStrike Bot Run - 2026-02-01 20:33:31
[2026-02-01 20:33:31] [INFO] ============================================================
[2026-02-01 20:33:31] [INFO] Account Equity: $733.00
[2026-02-01 20:33:31] [INFO] Daily P&L: $+0.00
[2026-02-01 20:33:31] [INFO] Open Positions: 0
[2026-02-01 20:33:31] [INFO] Daily Trades: 0/2
[2026-02-01 20:33:31] [INFO] Scanning market for A+ setups...
[2026-02-01 20:33:36] [INFO] No A+ setups found. Patience.
[2026-02-01 20:33:36] [INFO] Sleeping for 5 minutes...
[2026-02-01 20:38:36] [INFO] 
============================================================
[2026-02-01 20:38:36] [INFO] AlphaStrike Bot Run - 2026-02-01 20:38:36
[2026-02-01 20:38:36] [INFO] ============================================================
[2026-02-01 20:38:36] [INFO] Account Equity: $733.00
[2026-02-01 20:38:36] [INFO] Daily P&L: $+0.00
[2026-02-01 20:38:36] [INFO] Open Positions: 0
[2026-02-01 20:38:36] [INFO] Daily Trades: 0/2
[2026-02-01 20:38:36] [INFO] Scanning market for A+ setups...
[2026-02-01 20:38:43] [INFO] No A+ setups found. Patience.
[2026-02-01 20:38:43] [INFO] Sleeping for 5 minutes...
[2026-02-01 20:43:43] [INFO] 
============================================================
[2026-02-01 20:43:43] [INFO] AlphaStrike Bot Run - 2026-02-01 20:43:43
[2026-02-01 20:43:43] [INFO] ============================================================
[2026-02-01 20:43:43] [INFO] Account Equity: $733.00
[2026-02-01 20:43:43] [INFO] Daily P&L: $+0.00
[2026-02-01 20:43:43] [INFO] Open Positions: 0
[2026-02-01 20:43:43] [INFO] Daily Trades: 0/2
[2026-02-01 20:43:43] [INFO] Scanning market for A+ setups...
[2026-02-01 20:43:48] [INFO] No A+ setups found. Patience.
[2026-02-01 20:43:48] [INFO] Sleeping for 5 minutes...
[2026-02-01 20:48:48] [INFO] 
============================================================
[2026-02-01 20:48:48] [INFO] AlphaStrike Bot Run - 2026-02-01 20:48:48
[2026-02-01 20:48:48] [INFO] ============================================================
[2026-02-01 20:48:48] [INFO] Account Equity: $733.00
[2026-02-01 20:48:48] [INFO] Daily P&L: $+0.00
[2026-02-01 20:48:48] [INFO] Open Positions: 0
[2026-02-01 20:48:48] [INFO] Daily Trades: 0/2
[2026-02-01 20:48:48] [INFO] Scanning market for A+ setups...
[2026-02-01 20:48:53] [INFO] No A+ setups found. Patience.
[2026-02-01 20:48:53] [INFO] Sleeping for 5 minutes...
[2026-02-01 20:53:53] [INFO] 
============================================================
[2026-02-01 20:53:53] [INFO] AlphaStrike Bot Run - 2026-02-01 20:53:53
[2026-02-01 20:53:53] [INFO] ============================================================
[2026-02-01 20:53:53] [INFO] Account Equity: $733.00
[2026-02-01 20:53:53] [INFO] Daily P&L: $+0.00
[2026-02-01 20:53:53] [INFO] Open Positions: 0
[2026-02-01 20:53:53] [INFO] Daily Trades: 0/2
[2026-02-01 20:53:53] [INFO] Scanning market for A+ setups...
[2026-02-01 20:53:58] [INFO] No A+ setups found. Patience.
[2026-02-01 20:53:58] [INFO] Sleeping for 5 minutes...
[2026-02-01 20:58:58] [INFO] 
============================================================
[2026-02-01 20:58:58] [INFO] AlphaStrike Bot Run - 2026-02-01 20:58:58
[2026-02-01 20:58:58] [INFO] ============================================================
[2026-02-01 20:58:58] [INFO] Account Equity: $733.00
[2026-02-01 20:58:58] [INFO] Daily P&L: $+0.00
[2026-02-01 20:58:58] [INFO] Open Positions: 0
[2026-02-01 20:58:58] [INFO] Daily Trades: 0/2
[2026-02-01 20:58:58] [INFO] Scanning market for A+ setups...
[2026-02-01 20:59:03] [INFO] No A+ setups found. Patience.
[2026-02-01 20:59:03] [INFO] Sleeping for 5 minutes...
[2026-02-01 21:04:03] [INFO] 
============================================================
[2026-02-01 21:04:03] [INFO] AlphaStrike Bot Run - 2026-02-01 21:04:03
[2026-02-01 21:04:03] [INFO] ============================================================
[2026-02-01 21:04:03] [INFO] Account Equity: $733.00
[2026-02-01 21:04:03] [INFO] Daily P&L: $+0.00
[2026-02-01 21:04:03] [INFO] Open Positions: 0
[2026-02-01 21:04:03] [INFO] Daily Trades: 0/2
[2026-02-01 21:04:03] [INFO] Scanning market for A+ setups...
[2026-02-01 21:04:09] [INFO] No A+ setups found. Patience.
[2026-02-01 21:04:09] [INFO] Sleeping for 5 minutes...
[2026-02-01 21:09:09] [INFO] 
============================================================
[2026-02-01 21:09:09] [INFO] AlphaStrike Bot Run - 2026-02-01 21:09:09
[2026-02-01 21:09:09] [INFO] ============================================================
[2026-02-01 21:09:09] [INFO] Account Equity: $733.00
[2026-02-01 21:09:09] [INFO] Daily P&L: $+0.00
[2026-02-01 21:09:09] [INFO] Open Positions: 0
[2026-02-01 21:09:09] [INFO] Daily Trades: 0/2
[2026-02-01 21:09:09] [INFO] Scanning market for A+ setups...
[2026-02-01 21:09:14] [INFO] No A+ setups found. Patience.
[2026-02-01 21:09:14] [INFO] Sleeping for 5 minutes...
[2026-02-01 21:14:14] [INFO] 
============================================================
[2026-02-01 21:14:14] [INFO] AlphaStrike Bot Run - 2026-02-01 21:14:14
[2026-02-01 21:14:14] [INFO] ============================================================
[2026-02-01 21:14:14] [INFO] Account Equity: $733.00
[2026-02-01 21:14:14] [INFO] Daily P&L: $+0.00
[2026-02-01 21:14:14] [INFO] Open Positions: 0
[2026-02-01 21:14:14] [INFO] Daily Trades: 0/2
[2026-02-01 21:14:14] [INFO] Scanning market for A+ setups...
[2026-02-01 21:14:19] [INFO] No A+ setups found. Patience.
[2026-02-01 21:14:19] [INFO] Sleeping for 5 minutes...
[2026-02-01 21:19:19] [INFO] 
============================================================
[2026-02-01 21:19:19] [INFO] AlphaStrike Bot Run - 2026-02-01 21:19:19
[2026-02-01 21:19:19] [INFO] ============================================================
[2026-02-01 21:19:19] [INFO] Account Equity: $733.00
[2026-02-01 21:19:19] [INFO] Daily P&L: $+0.00
[2026-02-01 21:19:19] [INFO] Open Positions: 0
[2026-02-01 21:19:19] [INFO] Daily Trades: 0/2
[2026-02-01 21:19:19] [INFO] Scanning market for A+ setups...
[2026-02-01 21:19:24] [INFO] No A+ setups found. Patience.
[2026-02-01 21:19:24] [INFO] Sleeping for 5 minutes...
[2026-02-01 21:24:24] [INFO] 
============================================================
[2026-02-01 21:24:24] [INFO] AlphaStrike Bot Run - 2026-02-01 21:24:24
[2026-02-01 21:24:24] [INFO] ============================================================
[2026-02-01 21:24:24] [INFO] Account Equity: $733.00
[2026-02-01 21:24:24] [INFO] Daily P&L: $+0.00
[2026-02-01 21:24:24] [INFO] Open Positions: 0
[2026-02-01 21:24:24] [INFO] Daily Trades: 0/2
[2026-02-01 21:24:24] [INFO] Scanning market for A+ setups...
[2026-02-01 21:24:29] [INFO] No A+ setups found. Patience.
[2026-02-01 21:24:29] [INFO] Sleeping for 5 minutes...
[2026-02-01 21:29:29] [INFO] 
============================================================
[2026-02-01 21:29:29] [INFO] AlphaStrike Bot Run - 2026-02-01 21:29:29
[2026-02-01 21:29:29] [INFO] ============================================================
[2026-02-01 21:29:29] [INFO] Account Equity: $733.00
[2026-02-01 21:29:29] [INFO] Daily P&L: $+0.00
[2026-02-01 21:29:29] [INFO] Open Positions: 0
[2026-02-01 21:29:29] [INFO] Daily Trades: 0/2
[2026-02-01 21:29:29] [INFO] Scanning market for A+ setups...
[2026-02-01 21:29:34] [INFO] No A+ setups found. Patience.
[2026-02-01 21:29:34] [INFO] Sleeping for 5 minutes...
[2026-02-01 21:34:34] [INFO] 
============================================================
[2026-02-01 21:34:34] [INFO] AlphaStrike Bot Run - 2026-02-01 21:34:34
[2026-02-01 21:34:34] [INFO] ============================================================
[2026-02-01 21:34:34] [INFO] Account Equity: $733.00
[2026-02-01 21:34:34] [INFO] Daily P&L: $+0.00
[2026-02-01 21:34:34] [INFO] Open Positions: 0
[2026-02-01 21:34:34] [INFO] Daily Trades: 0/2
[2026-02-01 21:34:34] [INFO] Scanning market for A+ setups...
[2026-02-01 21:34:39] [INFO] No A+ setups found. Patience.
[2026-02-01 21:34:39] [INFO] Sleeping for 5 minutes...
[2026-02-01 21:39:39] [INFO] 
============================================================
[2026-02-01 21:39:39] [INFO] AlphaStrike Bot Run - 2026-02-01 21:39:39
[2026-02-01 21:39:39] [INFO] ============================================================
[2026-02-01 21:39:39] [INFO] Account Equity: $733.00
[2026-02-01 21:39:39] [INFO] Daily P&L: $+0.00
[2026-02-01 21:39:39] [INFO] Open Positions: 0
[2026-02-01 21:39:39] [INFO] Daily Trades: 0/2
[2026-02-01 21:39:39] [INFO] Scanning market for A+ setups...
[2026-02-01 21:39:44] [INFO] No A+ setups found. Patience.
[2026-02-01 21:39:44] [INFO] Sleeping for 5 minutes...
[2026-02-01 21:44:44] [INFO] 
============================================================
[2026-02-01 21:44:44] [INFO] AlphaStrike Bot Run - 2026-02-01 21:44:44
[2026-02-01 21:44:44] [INFO] ============================================================
[2026-02-01 21:44:44] [INFO] Account Equity: $733.00
[2026-02-01 21:44:44] [INFO] Daily P&L: $+0.00
[2026-02-01 21:44:44] [INFO] Open Positions: 0
[2026-02-01 21:44:44] [INFO] Daily Trades: 0/2
[2026-02-01 21:44:44] [INFO] Scanning market for A+ setups...
[2026-02-01 21:44:49] [INFO] No A+ setups found. Patience.
[2026-02-01 21:44:49] [INFO] Sleeping for 5 minutes...
[2026-02-01 21:49:49] [INFO] 
============================================================
[2026-02-01 21:49:49] [INFO] AlphaStrike Bot Run - 2026-02-01 21:49:49
[2026-02-01 21:49:49] [INFO] ============================================================
[2026-02-01 21:49:49] [INFO] Account Equity: $733.00
[2026-02-01 21:49:49] [INFO] Daily P&L: $+0.00
[2026-02-01 21:49:49] [INFO] Open Positions: 0
[2026-02-01 21:49:49] [INFO] Daily Trades: 0/2
[2026-02-01 21:49:49] [INFO] Scanning market for A+ setups...
[2026-02-01 21:49:54] [INFO] No A+ setups found. Patience.
[2026-02-01 21:49:54] [INFO] Sleeping for 5 minutes...
[2026-02-01 21:54:54] [INFO] 
============================================================
[2026-02-01 21:54:54] [INFO] AlphaStrike Bot Run - 2026-02-01 21:54:54
[2026-02-01 21:54:54] [INFO] ============================================================
[2026-02-01 21:54:54] [INFO] Account Equity: $733.00
[2026-02-01 21:54:54] [INFO] Daily P&L: $+0.00
[2026-02-01 21:54:54] [INFO] Open Positions: 0
[2026-02-01 21:54:54] [INFO] Daily Trades: 0/2
[2026-02-01 21:54:54] [INFO] Scanning market for A+ setups...
[2026-02-01 21:54:59] [INFO] No A+ setups found. Patience.
[2026-02-01 21:54:59] [INFO] Sleeping for 5 minutes...
[2026-02-01 21:59:59] [INFO] 
============================================================
[2026-02-01 21:59:59] [INFO] AlphaStrike Bot Run - 2026-02-01 21:59:59
[2026-02-01 21:59:59] [INFO] ============================================================
[2026-02-01 21:59:59] [INFO] Account Equity: $733.00
[2026-02-01 21:59:59] [INFO] Daily P&L: $+0.00
[2026-02-01 21:59:59] [INFO] Open Positions: 0
[2026-02-01 21:59:59] [INFO] Daily Trades: 0/2
[2026-02-01 21:59:59] [INFO] Scanning market for A+ setups...
[2026-02-01 22:00:05] [INFO] No A+ setups found. Patience.
[2026-02-01 22:00:05] [INFO] Sleeping for 5 minutes...
[2026-02-01 22:05:05] [INFO] 
============================================================
[2026-02-01 22:05:05] [INFO] AlphaStrike Bot Run - 2026-02-01 22:05:05
[2026-02-01 22:05:05] [INFO] ============================================================
[2026-02-01 22:05:05] [INFO] Account Equity: $733.00
[2026-02-01 22:05:05] [INFO] Daily P&L: $+0.00
[2026-02-01 22:05:05] [INFO] Open Positions: 0
[2026-02-01 22:05:05] [INFO] Daily Trades: 0/2
[2026-02-01 22:05:05] [INFO] Scanning market for A+ setups...
[2026-02-01 22:05:10] [INFO] No A+ setups found. Patience.
[2026-02-01 22:05:10] [INFO] Sleeping for 5 minutes...
[2026-02-01 22:10:10] [INFO] 
============================================================
[2026-02-01 22:10:10] [INFO] AlphaStrike Bot Run - 2026-02-01 22:10:10
[2026-02-01 22:10:10] [INFO] ============================================================
[2026-02-01 22:10:10] [INFO] Account Equity: $733.00
[2026-02-01 22:10:10] [INFO] Daily P&L: $+0.00
[2026-02-01 22:10:10] [INFO] Open Positions: 0
[2026-02-01 22:10:10] [INFO] Daily Trades: 0/2
[2026-02-01 22:10:10] [INFO] Scanning market for A+ setups...
[2026-02-01 22:10:15] [INFO] No A+ setups found. Patience.
[2026-02-01 22:10:15] [INFO] Sleeping for 5 minutes...
[2026-02-01 22:15:15] [INFO] 
============================================================
[2026-02-01 22:15:15] [INFO] AlphaStrike Bot Run - 2026-02-01 22:15:15
[2026-02-01 22:15:15] [INFO] ============================================================
[2026-02-01 22:15:15] [INFO] Account Equity: $733.00
[2026-02-01 22:15:15] [INFO] Daily P&L: $+0.00
[2026-02-01 22:15:15] [INFO] Open Positions: 0
[2026-02-01 22:15:15] [INFO] Daily Trades: 0/2
[2026-02-01 22:15:15] [INFO] Scanning market for A+ setups...
[2026-02-01 22:15:20] [INFO] No A+ setups found. Patience.
[2026-02-01 22:15:20] [INFO] Sleeping for 5 minutes...
[2026-02-01 22:20:20] [INFO] 
============================================================
[2026-02-01 22:20:20] [INFO] AlphaStrike Bot Run - 2026-02-01 22:20:20
[2026-02-01 22:20:20] [INFO] ============================================================
[2026-02-01 22:20:20] [INFO] Account Equity: $733.00
[2026-02-01 22:20:20] [INFO] Daily P&L: $+0.00
[2026-02-01 22:20:20] [INFO] Open Positions: 0
[2026-02-01 22:20:20] [INFO] Daily Trades: 0/2
[2026-02-01 22:20:20] [INFO] Scanning market for A+ setups...
[2026-02-01 22:20:25] [INFO] No A+ setups found. Patience.
[2026-02-01 22:20:25] [INFO] Sleeping for 5 minutes...
[2026-02-01 22:25:25] [INFO] 
============================================================
[2026-02-01 22:25:25] [INFO] AlphaStrike Bot Run - 2026-02-01 22:25:25
[2026-02-01 22:25:25] [INFO] ============================================================
[2026-02-01 22:25:25] [INFO] Account Equity: $733.00
[2026-02-01 22:25:25] [INFO] Daily P&L: $+0.00
[2026-02-01 22:25:25] [INFO] Open Positions: 0
[2026-02-01 22:25:25] [INFO] Daily Trades: 0/2
[2026-02-01 22:25:25] [INFO] Scanning market for A+ setups...
[2026-02-01 22:25:30] [INFO] No A+ setups found. Patience.
[2026-02-01 22:25:30] [INFO] Sleeping for 5 minutes...
[2026-02-01 22:30:30] [INFO] 
============================================================
[2026-02-01 22:30:30] [INFO] AlphaStrike Bot Run - 2026-02-01 22:30:30
[2026-02-01 22:30:30] [INFO] ============================================================
[2026-02-01 22:30:30] [INFO] Account Equity: $733.00
[2026-02-01 22:30:30] [INFO] Daily P&L: $+0.00
[2026-02-01 22:30:30] [INFO] Open Positions: 0
[2026-02-01 22:30:30] [INFO] Daily Trades: 0/2
[2026-02-01 22:30:30] [INFO] Scanning market for A+ setups...
[2026-02-01 22:30:35] [INFO] No A+ setups found. Patience.
[2026-02-01 22:30:35] [INFO] Sleeping for 5 minutes...
[2026-02-01 22:35:35] [INFO] 
============================================================
[2026-02-01 22:35:35] [INFO] AlphaStrike Bot Run - 2026-02-01 22:35:35
[2026-02-01 22:35:35] [INFO] ============================================================
[2026-02-01 22:35:35] [INFO] Account Equity: $733.00
[2026-02-01 22:35:35] [INFO] Daily P&L: $+0.00
[2026-02-01 22:35:35] [INFO] Open Positions: 0
[2026-02-01 22:35:35] [INFO] Daily Trades: 0/2
[2026-02-01 22:35:35] [INFO] Scanning market for A+ setups...
[2026-02-01 22:35:40] [INFO] No A+ setups found. Patience.
[2026-02-01 22:35:40] [INFO] Sleeping for 5 minutes...
[2026-02-01 22:40:40] [INFO] 
============================================================
[2026-02-01 22:40:40] [INFO] AlphaStrike Bot Run - 2026-02-01 22:40:40
[2026-02-01 22:40:40] [INFO] ============================================================
[2026-02-01 22:40:40] [INFO] Account Equity: $733.00
[2026-02-01 22:40:40] [INFO] Daily P&L: $+0.00
[2026-02-01 22:40:40] [INFO] Open Positions: 0
[2026-02-01 22:40:40] [INFO] Daily Trades: 0/2
[2026-02-01 22:40:40] [INFO] Scanning market for A+ setups...
[2026-02-01 22:40:45] [INFO] No A+ setups found. Patience.
[2026-02-01 22:40:45] [INFO] Sleeping for 5 minutes...
[2026-02-01 22:45:45] [INFO] 
============================================================
[2026-02-01 22:45:45] [INFO] AlphaStrike Bot Run - 2026-02-01 22:45:45
[2026-02-01 22:45:45] [INFO] ============================================================
[2026-02-01 22:45:45] [INFO] Account Equity: $733.00
[2026-02-01 22:45:45] [INFO] Daily P&L: $+0.00
[2026-02-01 22:45:45] [INFO] Open Positions: 0
[2026-02-01 22:45:45] [INFO] Daily Trades: 0/2
[2026-02-01 22:45:45] [INFO] Scanning market for A+ setups...
[2026-02-01 22:45:50] [INFO] No A+ setups found. Patience.
[2026-02-01 22:45:50] [INFO] Sleeping for 5 minutes...
[2026-02-01 22:50:50] [INFO] 
============================================================
[2026-02-01 22:50:50] [INFO] AlphaStrike Bot Run - 2026-02-01 22:50:50
[2026-02-01 22:50:50] [INFO] ============================================================
[2026-02-01 22:50:50] [INFO] Account Equity: $733.00
[2026-02-01 22:50:50] [INFO] Daily P&L: $+0.00
[2026-02-01 22:50:50] [INFO] Open Positions: 0
[2026-02-01 22:50:50] [INFO] Daily Trades: 0/2
[2026-02-01 22:50:50] [INFO] Scanning market for A+ setups...
[2026-02-01 22:50:55] [INFO] No A+ setups found. Patience.
[2026-02-01 22:50:55] [INFO] Sleeping for 5 minutes...
[2026-02-01 22:55:55] [INFO] 
============================================================
[2026-02-01 22:55:55] [INFO] AlphaStrike Bot Run - 2026-02-01 22:55:55
[2026-02-01 22:55:55] [INFO] ============================================================
[2026-02-01 22:55:55] [INFO] Account Equity: $733.00
[2026-02-01 22:55:55] [INFO] Daily P&L: $+0.00
[2026-02-01 22:55:55] [INFO] Open Positions: 0
[2026-02-01 22:55:55] [INFO] Daily Trades: 0/2
[2026-02-01 22:55:55] [INFO] Scanning market for A+ setups...
[2026-02-01 22:56:00] [INFO] No A+ setups found. Patience.
[2026-02-01 22:56:00] [INFO] Sleeping for 5 minutes...
[2026-02-01 23:01:00] [INFO] 
============================================================
[2026-02-01 23:01:00] [INFO] AlphaStrike Bot Run - 2026-02-01 23:01:00
[2026-02-01 23:01:00] [INFO] ============================================================
[2026-02-01 23:01:00] [INFO] Account Equity: $733.00
[2026-02-01 23:01:00] [INFO] Daily P&L: $+0.00
[2026-02-01 23:01:00] [INFO] Open Positions: 0
[2026-02-01 23:01:00] [INFO] Daily Trades: 0/2
[2026-02-01 23:01:00] [INFO] Scanning market for A+ setups...
[2026-02-01 23:01:06] [INFO] No A+ setups found. Patience.
[2026-02-01 23:01:06] [INFO] Sleeping for 5 minutes...
[2026-02-01 23:06:06] [INFO] 
============================================================
[2026-02-01 23:06:06] [INFO] AlphaStrike Bot Run - 2026-02-01 23:06:06
[2026-02-01 23:06:06] [INFO] ============================================================
[2026-02-01 23:06:06] [INFO] Account Equity: $733.00
[2026-02-01 23:06:06] [INFO] Daily P&L: $+0.00
[2026-02-01 23:06:06] [INFO] Open Positions: 0
[2026-02-01 23:06:06] [INFO] Daily Trades: 0/2
[2026-02-01 23:06:06] [INFO] Scanning market for A+ setups...
[2026-02-01 23:06:11] [INFO] No A+ setups found. Patience.
[2026-02-01 23:06:11] [INFO] Sleeping for 5 minutes...
[2026-02-01 23:11:11] [INFO] 
============================================================
[2026-02-01 23:11:11] [INFO] AlphaStrike Bot Run - 2026-02-01 23:11:11
[2026-02-01 23:11:11] [INFO] ============================================================
[2026-02-01 23:11:11] [INFO] Account Equity: $733.00
[2026-02-01 23:11:11] [INFO] Daily P&L: $+0.00
[2026-02-01 23:11:11] [INFO] Open Positions: 0
[2026-02-01 23:11:11] [INFO] Daily Trades: 0/2
[2026-02-01 23:11:11] [INFO] Scanning market for A+ setups...
[2026-02-01 23:11:16] [INFO] No A+ setups found. Patience.
[2026-02-01 23:11:16] [INFO] Sleeping for 5 minutes...
[2026-02-01 23:16:16] [INFO] 
============================================================
[2026-02-01 23:16:16] [INFO] AlphaStrike Bot Run - 2026-02-01 23:16:16
[2026-02-01 23:16:16] [INFO] ============================================================
[2026-02-01 23:16:16] [INFO] Account Equity: $733.00
[2026-02-01 23:16:16] [INFO] Daily P&L: $+0.00
[2026-02-01 23:16:16] [INFO] Open Positions: 0
[2026-02-01 23:16:16] [INFO] Daily Trades: 0/2
[2026-02-01 23:16:16] [INFO] Scanning market for A+ setups...
[2026-02-01 23:16:21] [INFO] No A+ setups found. Patience.
[2026-02-01 23:16:21] [INFO] Sleeping for 5 minutes...
[2026-02-01 23:21:21] [INFO] 
============================================================
[2026-02-01 23:21:21] [INFO] AlphaStrike Bot Run - 2026-02-01 23:21:21
[2026-02-01 23:21:21] [INFO] ============================================================
[2026-02-01 23:21:21] [INFO] Account Equity: $733.00
[2026-02-01 23:21:21] [INFO] Daily P&L: $+0.00
[2026-02-01 23:21:21] [INFO] Open Positions: 0
[2026-02-01 23:21:21] [INFO] Daily Trades: 0/2
[2026-02-01 23:21:21] [INFO] Scanning market for A+ setups...
[2026-02-01 23:21:26] [INFO] No A+ setups found. Patience.
[2026-02-01 23:21:26] [INFO] Sleeping for 5 minutes...
[2026-02-01 23:26:26] [INFO] 
============================================================
[2026-02-01 23:26:26] [INFO] AlphaStrike Bot Run - 2026-02-01 23:26:26
[2026-02-01 23:26:26] [INFO] ============================================================
[2026-02-01 23:26:26] [INFO] Account Equity: $733.00
[2026-02-01 23:26:26] [INFO] Daily P&L: $+0.00
[2026-02-01 23:26:26] [INFO] Open Positions: 0
[2026-02-01 23:26:26] [INFO] Daily Trades: 0/2
[2026-02-01 23:26:26] [INFO] Scanning market for A+ setups...
[2026-02-01 23:26:31] [INFO] No A+ setups found. Patience.
[2026-02-01 23:26:31] [INFO] Sleeping for 5 minutes...
[2026-02-01 23:31:31] [INFO] 
============================================================
[2026-02-01 23:31:31] [INFO] AlphaStrike Bot Run - 2026-02-01 23:31:31
[2026-02-01 23:31:31] [INFO] ============================================================
[2026-02-01 23:31:31] [INFO] Account Equity: $733.00
[2026-02-01 23:31:31] [INFO] Daily P&L: $+0.00
[2026-02-01 23:31:31] [INFO] Open Positions: 0
[2026-02-01 23:31:31] [INFO] Daily Trades: 0/2
[2026-02-01 23:31:31] [INFO] Scanning market for A+ setups...
[2026-02-01 23:31:36] [INFO] No A+ setups found. Patience.
[2026-02-01 23:31:36] [INFO] Sleeping for 5 minutes...
[2026-02-01 23:36:36] [INFO] 
============================================================
[2026-02-01 23:36:36] [INFO] AlphaStrike Bot Run - 2026-02-01 23:36:36
[2026-02-01 23:36:36] [INFO] ============================================================
[2026-02-01 23:36:36] [INFO] Account Equity: $733.00
[2026-02-01 23:36:36] [INFO] Daily P&L: $+0.00
