\BOOKMARK [1][-]{section.1}{\376\377\000I\000n\000t\000r\000o\000d\000u\000c\000t\000i\000o\000n}{}% 1
\BOOKMARK [2][-]{subsection.1.1}{\376\377\000T\000h\000e\000\040\000A\000g\000e\000n\000t\000\040\000E\000c\000o\000n\000o\000m\000y\000\040\000G\000a\000p}{section.1}% 2
\BOOKMARK [2][-]{subsection.1.2}{\376\377\000C\000o\000n\000t\000r\000i\000b\000u\000t\000i\000o\000n\000s}{section.1}% 3
\BOOKMARK [2][-]{subsection.1.3}{\376\377\000P\000a\000p\000e\000r\000\040\000O\000r\000g\000a\000n\000i\000z\000a\000t\000i\000o\000n}{section.1}% 4
\BOOKMARK [1][-]{section.2}{\376\377\000R\000e\000l\000a\000t\000e\000d\000\040\000W\000o\000r\000k}{}% 5
\BOOKMARK [2][-]{subsection.2.1}{\376\377\000L\000a\000y\000e\000r\000\040\0001\000\040\000B\000l\000o\000c\000k\000c\000h\000a\000i\000n\000s}{section.2}% 6
\BOOKMARK [2][-]{subsection.2.2}{\376\377\000D\000e\000c\000e\000n\000t\000r\000a\000l\000i\000z\000e\000d\000\040\000I\000d\000e\000n\000t\000i\000f\000i\000e\000r\000s\000\040\000a\000n\000d\000\040\000V\000e\000r\000i\000f\000i\000a\000b\000l\000e\000\040\000C\000r\000e\000d\000e\000n\000t\000i\000a\000l\000s}{section.2}% 7
\BOOKMARK [2][-]{subsection.2.3}{\376\377\000A\000I\000\040\000A\000g\000e\000n\000t\000\040\000F\000r\000a\000m\000e\000w\000o\000r\000k\000s\000\040\000a\000n\000d\000\040\000M\000u\000l\000t\000i\000-\000A\000g\000e\000n\000t\000\040\000S\000y\000s\000t\000e\000m\000s}{section.2}% 8
\BOOKMARK [2][-]{subsection.2.4}{\376\377\000T\000o\000k\000e\000n\000\040\000E\000c\000o\000n\000o\000m\000i\000c\000s\000\040\000a\000n\000d\000\040\000M\000e\000c\000h\000a\000n\000i\000s\000m\000\040\000D\000e\000s\000i\000g\000n}{section.2}% 9
\BOOKMARK [2][-]{subsection.2.5}{\376\377\000D\000e\000c\000e\000n\000t\000r\000a\000l\000i\000z\000e\000d\000\040\000G\000o\000v\000e\000r\000n\000a\000n\000c\000e}{section.2}% 10
\BOOKMARK [2][-]{subsection.2.6}{\376\377\000C\000o\000m\000p\000a\000r\000i\000s\000o\000n\000\040\000w\000i\000t\000h\000\040\000A\000g\000e\000n\000t\000-\000S\000p\000e\000c\000i\000f\000i\000c\000\040\000B\000l\000o\000c\000k\000c\000h\000a\000i\000n\000s}{section.2}% 11
\BOOKMARK [2][-]{subsection.2.7}{\376\377\000P\000o\000s\000i\000t\000i\000o\000n\000i\000n\000g}{section.2}% 12
\BOOKMARK [1][-]{section.3}{\376\377\000A\000r\000c\000h\000i\000t\000e\000c\000t\000u\000r\000e}{}% 13
\BOOKMARK [2][-]{subsection.3.1}{\376\377\000S\000y\000s\000t\000e\000m\000\040\000O\000v\000e\000r\000v\000i\000e\000w}{section.3}% 14
\BOOKMARK [2][-]{subsection.3.2}{\376\377\000H\000o\000m\000e\000\040\000C\000h\000a\000i\000n\000\040\000a\000n\000d\000\040\000E\000x\000e\000c\000u\000t\000i\000o\000n\000\040\000E\000n\000v\000i\000r\000o\000n\000m\000e\000n\000t\000\040\000M\000o\000d\000e\000l}{section.3}% 15
\BOOKMARK [2][-]{subsection.3.3}{\376\377\000F\000o\000r\000m\000a\000l\000\040\000S\000y\000s\000t\000e\000m\000\040\000M\000o\000d\000e\000l}{section.3}% 16
\BOOKMARK [2][-]{subsection.3.4}{\376\377\000C\000o\000n\000s\000e\000n\000s\000u\000s}{section.3}% 17
\BOOKMARK [2][-]{subsection.3.5}{\376\377\000R\000u\000n\000t\000i\000m\000e\000\040\000U\000p\000g\000r\000a\000d\000e\000\040\000M\000e\000c\000h\000a\000n\000i\000s\000m}{section.3}% 18
\BOOKMARK [2][-]{subsection.3.6}{\376\377\000S\000t\000o\000r\000a\000g\000e\000\040\000A\000r\000c\000h\000i\000t\000e\000c\000t\000u\000r\000e}{section.3}% 19
\BOOKMARK [2][-]{subsection.3.7}{\376\377\000G\000a\000s\000\040\000M\000o\000d\000e\000l\000:\000\040\000I\000n\000f\000l\000a\000t\000i\000o\000n\000-\000S\000u\000b\000s\000i\000d\000i\000z\000e\000d\000\040\000T\000r\000a\000n\000s\000a\000c\000t\000i\000o\000n\000s}{section.3}% 20
\BOOKMARK [1][-]{section.4}{\376\377\000A\000g\000e\000n\000t\000\040\000D\000I\000D\000\040\000S\000y\000s\000t\000e\000m}{}% 21
\BOOKMARK [2][-]{subsection.4.1}{\376\377\000T\000h\000e\000\040\000d\000i\000d\000:\000c\000l\000a\000w\000\040\000M\000e\000t\000h\000o\000d}{section.4}% 22
\BOOKMARK [2][-]{subsection.4.2}{\376\377\000A\000g\000e\000n\000t\000\040\000L\000i\000f\000e\000c\000y\000c\000l\000e}{section.4}% 23
\BOOKMARK [2][-]{subsection.4.3}{\376\377\000A\000t\000t\000e\000s\000t\000a\000t\000i\000o\000n\000\040\000G\000r\000a\000p\000h}{section.4}% 24
\BOOKMARK [2][-]{subsection.4.4}{\376\377\000D\000I\000D\000\040\000R\000e\000s\000o\000l\000u\000t\000i\000o\000n}{section.4}% 25
\BOOKMARK [2][-]{subsection.4.5}{\376\377\000K\000e\000y\000\040\000R\000o\000t\000a\000t\000i\000o\000n\000\040\000a\000n\000d\000\040\000I\000d\000e\000n\000t\000i\000t\000y\000\040\000C\000o\000n\000t\000i\000n\000u\000i\000t\000y}{section.4}% 26
\BOOKMARK [2][-]{subsection.4.6}{\376\377\000M\000u\000l\000t\000i\000-\000A\000g\000e\000n\000t\000\040\000D\000I\000D\000\040\000S\000c\000h\000e\000m\000e\000s}{section.4}% 27
\BOOKMARK [1][-]{section.5}{\376\377\000T\000o\000k\000e\000n\000\040\000E\000c\000o\000n\000o\000m\000i\000c\000s}{}% 28
\BOOKMARK [2][-]{subsection.5.1}{\376\377\000C\000L\000A\000W\000\040\000T\000o\000k\000e\000n\000\040\000S\000p\000e\000c\000i\000f\000i\000c\000a\000t\000i\000o\000n}{section.5}% 29
\BOOKMARK [2][-]{subsection.5.2}{\376\377\000C\000o\000n\000t\000r\000i\000b\000u\000t\000i\000o\000n\000\040\000S\000c\000o\000r\000i\000n\000g\000\040\000F\000u\000n\000c\000t\000i\000o\000n}{section.5}% 30
\BOOKMARK [2][-]{subsection.5.3}{\376\377\000A\000i\000r\000d\000r\000o\000p\000\040\000C\000o\000m\000p\000u\000t\000a\000t\000i\000o\000n\000\040\000v\000i\000a\000\040\000M\000e\000r\000k\000l\000e\000\040\000T\000r\000e\000e\000s}{section.5}% 31
\BOOKMARK [2][-]{subsection.5.4}{\376\377\000T\000o\000k\000e\000n\000\040\000V\000e\000l\000o\000c\000i\000t\000y\000\040\000a\000n\000d\000\040\000E\000c\000o\000n\000o\000m\000i\000c\000\040\000E\000q\000u\000i\000l\000i\000b\000r\000i\000u\000m}{section.5}% 32
\BOOKMARK [2][-]{subsection.5.5}{\376\377\000T\000o\000k\000e\000n\000\040\000E\000m\000i\000s\000s\000i\000o\000n\000\040\000S\000c\000h\000e\000d\000u\000l\000e\000\040\000a\000n\000d\000\040\000C\000i\000r\000c\000u\000l\000a\000t\000i\000n\000g\000\040\000S\000u\000p\000p\000l\000y}{section.5}% 33
\BOOKMARK [2][-]{subsection.5.6}{\376\377\000S\000t\000a\000k\000i\000n\000g\000\040\000E\000c\000o\000n\000o\000m\000i\000c\000s}{section.5}% 34
\BOOKMARK [1][-]{section.6}{\376\377\000G\000o\000v\000e\000r\000n\000a\000n\000c\000e}{}% 35
\BOOKMARK [2][-]{subsection.6.1}{\376\377\000R\000e\000p\000u\000t\000a\000t\000i\000o\000n\000-\000W\000e\000i\000g\000h\000t\000e\000d\000\040\000V\000o\000t\000i\000n\000g}{section.6}% 36
\BOOKMARK [2][-]{subsection.6.2}{\376\377\000A\000n\000t\000i\000-\000P\000l\000u\000t\000o\000c\000r\000a\000c\000y\000\040\000P\000r\000o\000p\000e\000r\000t\000i\000e\000s}{section.6}% 37
\BOOKMARK [2][-]{subsection.6.3}{\376\377\000G\000o\000v\000e\000r\000n\000a\000n\000c\000e\000\040\000G\000a\000m\000e\000\040\000A\000n\000a\000l\000y\000s\000i\000s}{section.6}% 38
\BOOKMARK [2][-]{subsection.6.4}{\376\377\000P\000r\000o\000p\000o\000s\000a\000l\000\040\000E\000x\000e\000c\000u\000t\000i\000o\000n}{section.6}% 39
\BOOKMARK [1][-]{section.7}{\376\377\000F\000o\000r\000m\000a\000l\000\040\000P\000r\000o\000p\000e\000r\000t\000i\000e\000s}{}% 40
\BOOKMARK [2][-]{subsection.7.1}{\376\377\000S\000y\000b\000i\000l\000\040\000R\000e\000s\000i\000s\000t\000a\000n\000c\000e\000\040\000B\000o\000u\000n\000d}{section.7}% 41
\BOOKMARK [2][-]{subsection.7.2}{\376\377\000R\000e\000p\000u\000t\000a\000t\000i\000o\000n\000\040\000C\000o\000n\000v\000e\000r\000g\000e\000n\000c\000e}{section.7}% 42
\BOOKMARK [2][-]{subsection.7.3}{\376\377\000G\000o\000v\000e\000r\000n\000a\000n\000c\000e\000\040\000L\000i\000v\000e\000n\000e\000s\000s}{section.7}% 43
\BOOKMARK [1][-]{section.8}{\376\377\000S\000e\000c\000u\000r\000i\000t\000y\000\040\000A\000n\000a\000l\000y\000s\000i\000s}{}% 44
\BOOKMARK [2][-]{subsection.8.1}{\376\377\000T\000h\000r\000e\000a\000t\000\040\000M\000o\000d\000e\000l}{section.8}% 45
\BOOKMARK [2][-]{subsection.8.2}{\376\377\000S\000y\000b\000i\000l\000\040\000R\000e\000s\000i\000s\000t\000a\000n\000c\000e}{section.8}% 46
\BOOKMARK [2][-]{subsection.8.3}{\376\377\000C\000o\000l\000l\000u\000s\000i\000o\000n\000\040\000R\000e\000s\000i\000s\000t\000a\000n\000c\000e}{section.8}% 47
\BOOKMARK [2][-]{subsection.8.4}{\376\377\000V\000a\000l\000i\000d\000a\000t\000o\000r\000\040\000S\000e\000c\000u\000r\000i\000t\000y}{section.8}% 48
\BOOKMARK [2][-]{subsection.8.5}{\376\377\000A\000t\000t\000a\000c\000k\000\040\000V\000e\000c\000t\000o\000r\000s\000\040\000a\000n\000d\000\040\000M\000i\000t\000i\000g\000a\000t\000i\000o\000n\000s}{section.8}% 49
\BOOKMARK [2][-]{subsection.8.6}{\376\377\000F\000o\000r\000m\000a\000l\000\040\000S\000e\000c\000u\000r\000i\000t\000y\000\040\000C\000o\000m\000p\000a\000r\000i\000s\000o\000n}{section.8}% 50
\BOOKMARK [1][-]{section.9}{\376\377\000I\000m\000p\000l\000e\000m\000e\000n\000t\000a\000t\000i\000o\000n}{}% 51
\BOOKMARK [2][-]{subsection.9.1}{\376\377\000T\000e\000c\000h\000n\000o\000l\000o\000g\000y\000\040\000S\000t\000a\000c\000k}{section.9}% 52
\BOOKMARK [2][-]{subsection.9.2}{\376\377\000P\000a\000l\000l\000e\000t\000\040\000A\000r\000c\000h\000i\000t\000e\000c\000t\000u\000r\000e}{section.9}% 53
\BOOKMARK [2][-]{subsection.9.3}{\376\377\000T\000e\000s\000t\000n\000e\000t\000\040\000C\000o\000n\000f\000i\000g\000u\000r\000a\000t\000i\000o\000n}{section.9}% 54
\BOOKMARK [2][-]{subsection.9.4}{\376\377\000R\000P\000C\000\040\000a\000n\000d\000\040\000A\000P\000I\000\040\000L\000a\000y\000e\000r}{section.9}% 55
\BOOKMARK [2][-]{subsection.9.5}{\376\377\000I\000m\000p\000l\000e\000m\000e\000n\000t\000a\000t\000i\000o\000n\000\040\000D\000e\000e\000p\000\040\000D\000i\000v\000e}{section.9}% 56
\BOOKMARK [3][-]{subsubsection.9.5.1}{\376\377\000p\000a\000l\000l\000e\000t\000-\000a\000g\000e\000n\000t\000-\000r\000e\000g\000i\000s\000t\000r\000y}{subsection.9.5}% 57
\BOOKMARK [3][-]{subsubsection.9.5.2}{\376\377\000p\000a\000l\000l\000e\000t\000-\000r\000e\000p\000u\000t\000a\000t\000i\000o\000n}{subsection.9.5}% 58
\BOOKMARK [2][-]{subsection.9.6}{\376\377\000C\000o\000d\000e\000\040\000S\000t\000a\000t\000i\000s\000t\000i\000c\000s}{section.9}% 59
\BOOKMARK [1][-]{section.10}{\376\377\000E\000v\000a\000l\000u\000a\000t\000i\000o\000n}{}% 60
\BOOKMARK [2][-]{subsection.10.1}{\376\377\000P\000e\000r\000f\000o\000r\000m\000a\000n\000c\000e\000\040\000B\000e\000n\000c\000h\000m\000a\000r\000k\000s}{section.10}% 61
\BOOKMARK [3][-]{subsubsection.10.1.1}{\376\377\000A\000g\000e\000n\000t\000\040\000R\000e\000g\000i\000s\000t\000r\000a\000t\000i\000o\000n\000\040\000L\000a\000t\000e\000n\000c\000y}{subsection.10.1}% 62
\BOOKMARK [3][-]{subsubsection.10.1.2}{\376\377\000T\000a\000s\000k\000\040\000M\000a\000r\000k\000e\000t\000\040\000T\000h\000r\000o\000u\000g\000h\000p\000u\000t}{subsection.10.1}% 63
\BOOKMARK [3][-]{subsubsection.10.1.3}{\376\377\000R\000e\000p\000u\000t\000a\000t\000i\000o\000n\000\040\000A\000g\000g\000r\000e\000g\000a\000t\000i\000o\000n\000\040\000L\000a\000t\000e\000n\000c\000y}{subsection.10.1}% 64
\BOOKMARK [2][-]{subsection.10.2}{\376\377\000C\000o\000m\000p\000a\000r\000a\000t\000i\000v\000e\000\040\000B\000l\000o\000c\000k\000c\000h\000a\000i\000n\000\040\000P\000e\000r\000f\000o\000r\000m\000a\000n\000c\000e}{section.10}% 65
\BOOKMARK [2][-]{subsection.10.3}{\376\377\000A\000g\000e\000n\000t\000\040\000R\000e\000g\000i\000s\000t\000r\000a\000t\000i\000o\000n}{section.10}% 66
\BOOKMARK [3][-]{subsubsection.10.3.1}{\376\377\000E\000n\000d\000-\000t\000o\000-\000E\000n\000d\000\040\000R\000e\000g\000i\000s\000t\000r\000a\000t\000i\000o\000n\000\040\000T\000r\000a\000c\000e}{subsection.10.3}% 67
\BOOKMARK [3][-]{subsubsection.10.3.2}{\376\377\000R\000e\000p\000u\000t\000a\000t\000i\000o\000n\000\040\000G\000r\000o\000w\000t\000h\000\040\000T\000r\000a\000j\000e\000c\000t\000o\000r\000y}{subsection.10.3}% 68
\BOOKMARK [2][-]{subsection.10.4}{\376\377\000G\000a\000s\000\040\000C\000o\000s\000t\000\040\000A\000n\000a\000l\000y\000s\000i\000s}{section.10}% 69
\BOOKMARK [2][-]{subsection.10.5}{\376\377\000S\000c\000a\000l\000a\000b\000i\000l\000i\000t\000y\000\040\000A\000n\000a\000l\000y\000s\000i\000s}{section.10}% 70
\BOOKMARK [1][-]{section.11}{\376\377\000T\000a\000s\000k\000\040\000M\000a\000r\000k\000e\000t\000\040\000P\000r\000o\000t\000o\000c\000o\000l}{}% 71
\BOOKMARK [2][-]{subsection.11.1}{\376\377\000M\000a\000r\000k\000e\000t\000\040\000S\000t\000r\000u\000c\000t\000u\000r\000e}{section.11}% 72
\BOOKMARK [2][-]{subsection.11.2}{\376\377\000D\000i\000s\000p\000u\000t\000e\000\040\000R\000e\000s\000o\000l\000u\000t\000i\000o\000n}{section.11}% 73
\BOOKMARK [2][-]{subsection.11.3}{\376\377\000E\000c\000o\000n\000o\000m\000i\000c\000\040\000E\000f\000f\000i\000c\000i\000e\000n\000c\000y\000\040\000o\000f\000\040\000t\000h\000e\000\040\000T\000a\000s\000k\000\040\000M\000a\000r\000k\000e\000t}{section.11}% 74
\BOOKMARK [2][-]{subsection.11.4}{\376\377\000F\000e\000e\000\040\000S\000t\000r\000u\000c\000t\000u\000r\000e}{section.11}% 75
\BOOKMARK [1][-]{section.12}{\376\377\000A\000p\000p\000l\000i\000c\000a\000t\000i\000o\000n\000s}{}% 76
\BOOKMARK [2][-]{subsection.12.1}{\376\377\000A\000g\000e\000n\000t\000-\000t\000o\000-\000A\000g\000e\000n\000t\000\040\000C\000o\000m\000m\000e\000r\000c\000e}{section.12}% 77
\BOOKMARK [2][-]{subsection.12.2}{\376\377\000A\000g\000e\000n\000t\000\040\000D\000A\000O\000s}{section.12}% 78
\BOOKMARK [2][-]{subsection.12.3}{\376\377\000C\000r\000o\000s\000s\000-\000C\000h\000a\000i\000n\000\040\000A\000g\000e\000n\000t\000\040\000I\000d\000e\000n\000t\000i\000t\000y}{section.12}% 79
\BOOKMARK [2][-]{subsection.12.4}{\376\377\000D\000e\000F\000i\000\040\000A\000g\000e\000n\000t\000\040\000I\000n\000f\000r\000a\000s\000t\000r\000u\000c\000t\000u\000r\000e}{section.12}% 80
\BOOKMARK [2][-]{subsection.12.5}{\376\377\000S\000c\000i\000e\000n\000t\000i\000f\000i\000c\000\040\000C\000o\000m\000p\000u\000t\000i\000n\000g\000\040\000M\000a\000r\000k\000e\000t\000s}{section.12}% 81
\BOOKMARK [1][-]{section.13}{\376\377\000C\000a\000s\000e\000\040\000S\000t\000u\000d\000i\000e\000s}{}% 82
\BOOKMARK [2][-]{subsection.13.1}{\376\377\000C\000a\000s\000e\000\040\000S\000t\000u\000d\000y\000\040\0001\000:\000\040\000A\000l\000p\000h\000a\000S\000t\000r\000i\000k\000e\000\040\000T\000r\000a\000d\000i\000n\000g\000\040\000A\000g\000e\000n\000t}{section.13}% 83
\BOOKMARK [2][-]{subsection.13.2}{\376\377\000C\000a\000s\000e\000\040\000S\000t\000u\000d\000y\000\040\0002\000:\000\040\000M\000u\000l\000t\000i\000-\000A\000g\000e\000n\000t\000\040\000D\000e\000v\000e\000l\000o\000p\000e\000r\000\040\000E\000c\000o\000s\000y\000s\000t\000e\000m}{section.13}% 84
\BOOKMARK [2][-]{subsection.13.3}{\376\377\000C\000a\000s\000e\000\040\000S\000t\000u\000d\000y\000\040\0003\000:\000\040\000C\000r\000o\000s\000s\000-\000C\000h\000a\000i\000n\000\040\000A\000g\000e\000n\000t\000\040\000I\000d\000e\000n\000t\000i\000t\000y\000\040\000\050\000P\000h\000a\000s\000e\000\040\0002\000\040\000P\000r\000e\000v\000i\000e\000w\000\051}{section.13}% 85
\BOOKMARK [1][-]{section.14}{\376\377\000L\000i\000m\000i\000t\000a\000t\000i\000o\000n\000s\000\040\000\046\000\040\000F\000u\000t\000u\000r\000e\000\040\000W\000o\000r\000k}{}% 86
\BOOKMARK [2][-]{subsection.14.1}{\376\377\000C\000u\000r\000r\000e\000n\000t\000\040\000L\000i\000m\000i\000t\000a\000t\000i\000o\000n\000s}{section.14}% 87
\BOOKMARK [2][-]{subsection.14.2}{\376\377\000C\000o\000m\000p\000a\000r\000a\000t\000i\000v\000e\000\040\000A\000n\000a\000l\000y\000s\000i\000s\000:\000\040\000L\000i\000m\000i\000t\000a\000t\000i\000o\000n\000s\000\040\000v\000s\000.\000\040\000E\000t\000h\000e\000r\000e\000u\000m}{section.14}% 88
\BOOKMARK [2][-]{subsection.14.3}{\376\377\000F\000u\000t\000u\000r\000e\000\040\000D\000i\000r\000e\000c\000t\000i\000o\000n\000s}{section.14}% 89
\BOOKMARK [2][-]{subsection.14.4}{\376\377\000R\000e\000s\000e\000a\000r\000c\000h\000\040\000O\000p\000e\000n\000\040\000P\000r\000o\000b\000l\000e\000m\000s}{section.14}% 90
\BOOKMARK [1][-]{section.15}{\376\377\000C\000o\000n\000c\000l\000u\000s\000i\000o\000n}{}% 91
\BOOKMARK [1][-]{section.16}{\376\377\000B\000r\000o\000a\000d\000e\000r\000\040\000I\000m\000p\000a\000c\000t\000\040\000\046\000\040\000E\000t\000h\000i\000c\000s}{}% 92
\BOOKMARK [2][-]{subsection.16.1}{\376\377\000A\000u\000t\000o\000n\000o\000m\000o\000u\000s\000\040\000A\000g\000e\000n\000t\000\040\000E\000c\000o\000n\000o\000m\000i\000e\000s\000:\000\040\000O\000p\000p\000o\000r\000t\000u\000n\000i\000t\000i\000e\000s\000\040\000a\000n\000d\000\040\000R\000i\000s\000k\000s}{section.16}% 93
\BOOKMARK [2][-]{subsection.16.2}{\376\377\000E\000n\000v\000i\000r\000o\000n\000m\000e\000n\000t\000a\000l\000\040\000C\000o\000n\000s\000i\000d\000e\000r\000a\000t\000i\000o\000n\000s}{section.16}% 94
\BOOKMARK [2][-]{subsection.16.3}{\376\377\000O\000p\000e\000n\000\040\000R\000e\000s\000e\000a\000r\000c\000h\000\040\000P\000r\000o\000b\000l\000e\000m\000s}{section.16}% 95
\BOOKMARK [1][-]{section*.25}{\376\377\000R\000e\000f\000e\000r\000e\000n\000c\000e\000s}{}% 96
\BOOKMARK [1][-]{section*.26}{\376\377\000A\000p\000p\000e\000n\000d\000i\000x\000\040\000A\000:\000\040\000T\000o\000k\000e\000n\000\040\000F\000l\000o\000w\000\040\000D\000i\000a\000g\000r\000a\000m}{}% 97
\BOOKMARK [1][-]{section*.28}{\376\377\000A\000p\000p\000e\000n\000d\000i\000x\000\040\000B\000:\000\040\000F\000o\000r\000m\000a\000l\000\040\000P\000r\000o\000o\000f\000s\000:\000\040\000E\000x\000t\000e\000n\000d\000e\000d}{}% 98
