\BOOKMARK [2][-]{subsection.0.1}{\376\377\000T\000h\000e\000\040\000S\000t\000a\000t\000i\000c\000\040\000A\000g\000e\000n\000t\000\040\000P\000r\000o\000b\000l\000e\000m}{}% 1
\BOOKMARK [2][-]{subsection.0.2}{\376\377\000K\000e\000y\000\040\000I\000n\000s\000i\000g\000h\000t\000:\000\040\000A\000g\000e\000n\000t\000s\000\040\000a\000s\000\040\000G\000e\000n\000o\000m\000e\000s}{}% 2
\BOOKMARK [2][-]{subsection.0.3}{\376\377\000B\000e\000y\000o\000n\000d\000\040\000S\000t\000a\000t\000i\000c\000\040\000A\000g\000e\000n\000t\000s\000:\000\040\000N\000i\000n\000e\000\040\000I\000n\000n\000o\000v\000a\000t\000i\000o\000n\000s}{}% 3
\BOOKMARK [2][-]{subsection.0.4}{\376\377\000C\000o\000n\000t\000r\000i\000b\000u\000t\000i\000o\000n\000s}{}% 4
\BOOKMARK [2][-]{subsection.0.5}{\376\377\000P\000a\000p\000e\000r\000\040\000O\000r\000g\000a\000n\000i\000z\000a\000t\000i\000o\000n}{}% 5
\BOOKMARK [1][-]{section.1}{\376\377\000R\000e\000l\000a\000t\000e\000d\000\040\000W\000o\000r\000k}{}% 6
\BOOKMARK [2][-]{subsection.1.1}{\376\377\000L\000L\000M\000-\000B\000a\000s\000e\000d\000\040\000A\000u\000t\000o\000n\000o\000m\000o\000u\000s\000\040\000A\000g\000e\000n\000t\000s}{section.1}% 7
\BOOKMARK [3][-]{section*.15}{\376\377\000F\000o\000u\000n\000d\000a\000t\000i\000o\000n\000a\000l\000\040\000S\000u\000r\000v\000e\000y\000s\000\040\000a\000n\000d\000\040\000T\000a\000x\000o\000n\000o\000m\000i\000e\000s}{subsection.1.1}% 8
\BOOKMARK [3][-]{section*.16}{\376\377\000T\000a\000s\000k\000\040\000D\000e\000c\000o\000m\000p\000o\000s\000i\000t\000i\000o\000n\000\040\000A\000g\000e\000n\000t\000s}{subsection.1.1}% 9
\BOOKMARK [3][-]{section*.17}{\376\377\000L\000i\000f\000e\000l\000o\000n\000g\000\040\000L\000e\000a\000r\000n\000i\000n\000g\000\040\000A\000g\000e\000n\000t\000s}{subsection.1.1}% 10
\BOOKMARK [3][-]{section*.18}{\376\377\000M\000e\000m\000o\000r\000y\000-\000A\000u\000g\000m\000e\000n\000t\000e\000d\000\040\000A\000g\000e\000n\000t\000s}{subsection.1.1}% 11
\BOOKMARK [3][-]{section*.19}{\376\377\000A\000g\000e\000n\000t\000\040\000F\000r\000a\000m\000e\000w\000o\000r\000k\000s}{subsection.1.1}% 12
\BOOKMARK [3][-]{section*.20}{\376\377\000T\000o\000o\000l\000\040\000U\000s\000e\000\040\000a\000n\000d\000\040\000F\000u\000n\000c\000t\000i\000o\000n\000\040\000C\000a\000l\000l\000i\000n\000g}{subsection.1.1}% 13
\BOOKMARK [3][-]{section*.21}{\376\377\000S\000o\000f\000t\000w\000a\000r\000e\000\040\000E\000n\000g\000i\000n\000e\000e\000r\000i\000n\000g\000\040\000A\000g\000e\000n\000t\000s}{subsection.1.1}% 14
\BOOKMARK [3][-]{section*.22}{\376\377\000C\000o\000n\000t\000i\000n\000u\000a\000l\000\040\000L\000e\000a\000r\000n\000i\000n\000g}{subsection.1.1}% 15
\BOOKMARK [2][-]{subsection.1.2}{\376\377\000M\000u\000l\000t\000i\000-\000A\000g\000e\000n\000t\000\040\000S\000y\000s\000t\000e\000m\000s\000\040\000a\000n\000d\000\040\000C\000o\000m\000m\000u\000n\000i\000c\000a\000t\000i\000o\000n}{section.1}% 16
\BOOKMARK [3][-]{section*.23}{\376\377\000C\000l\000a\000s\000s\000i\000c\000a\000l\000\040\000F\000o\000u\000n\000d\000a\000t\000i\000o\000n\000s}{subsection.1.2}% 17
\BOOKMARK [3][-]{section*.24}{\376\377\000L\000L\000M\000-\000B\000a\000s\000e\000d\000\040\000M\000u\000l\000t\000i\000-\000A\000g\000e\000n\000t\000\040\000S\000y\000s\000t\000e\000m\000s}{subsection.1.2}% 18
\BOOKMARK [3][-]{section*.25}{\376\377\000G\000e\000n\000e\000r\000a\000t\000i\000v\000e\000\040\000A\000g\000e\000n\000t\000s\000\040\000a\000n\000d\000\040\000S\000o\000c\000i\000a\000l\000\040\000S\000i\000m\000u\000l\000a\000t\000i\000o\000n}{subsection.1.2}% 19
\BOOKMARK [3][-]{section*.26}{\376\377\000A\000g\000e\000n\000t\000\040\000E\000v\000a\000l\000u\000a\000t\000i\000o\000n}{subsection.1.2}% 20
\BOOKMARK [2][-]{subsection.1.3}{\376\377\000M\000e\000m\000o\000r\000y\000\040\000A\000r\000c\000h\000i\000t\000e\000c\000t\000u\000r\000e\000s\000\040\000f\000o\000r\000\040\000L\000L\000M\000\040\000A\000g\000e\000n\000t\000s}{section.1}% 21
\BOOKMARK [3][-]{section*.27}{\376\377\000C\000o\000n\000t\000e\000x\000t\000\040\000W\000i\000n\000d\000o\000w\000\040\000E\000x\000t\000e\000n\000s\000i\000o\000n}{subsection.1.3}% 22
\BOOKMARK [3][-]{section*.28}{\376\377\000R\000e\000t\000r\000i\000e\000v\000a\000l\000-\000A\000u\000g\000m\000e\000n\000t\000e\000d\000\040\000G\000e\000n\000e\000r\000a\000t\000i\000o\000n}{subsection.1.3}% 23
\BOOKMARK [3][-]{section*.29}{\376\377\000C\000o\000m\000p\000r\000e\000s\000s\000i\000v\000e\000\040\000M\000e\000m\000o\000r\000y}{subsection.1.3}% 24
\BOOKMARK [3][-]{section*.30}{\376\377\000P\000a\000g\000e\000I\000n\000d\000e\000x\000:\000\040\000O\000u\000r\000\040\000P\000r\000i\000m\000a\000r\000y\000\040\000I\000n\000s\000p\000i\000r\000a\000t\000i\000o\000n}{subsection.1.3}% 25
\BOOKMARK [2][-]{subsection.1.4}{\376\377\000M\000o\000d\000e\000l\000\040\000R\000o\000u\000t\000i\000n\000g\000\040\000a\000n\000d\000\040\000O\000r\000c\000h\000e\000s\000t\000r\000a\000t\000i\000o\000n}{section.1}% 26
\BOOKMARK [3][-]{section*.31}{\376\377\000C\000o\000s\000t\000-\000A\000w\000a\000r\000e\000\040\000R\000o\000u\000t\000i\000n\000g}{subsection.1.4}% 27
\BOOKMARK [3][-]{section*.32}{\376\377\000P\000e\000r\000f\000o\000r\000m\000a\000n\000c\000e\000\040\000O\000p\000t\000i\000m\000i\000z\000a\000t\000i\000o\000n}{subsection.1.4}% 28
\BOOKMARK [3][-]{section*.33}{\376\377\000M\000i\000x\000t\000u\000r\000e\000\040\000o\000f\000\040\000E\000x\000p\000e\000r\000t\000s}{subsection.1.4}% 29
\BOOKMARK [2][-]{subsection.1.5}{\376\377\000G\000e\000n\000e\000t\000i\000c\000\040\000P\000r\000o\000g\000r\000a\000m\000m\000i\000n\000g\000\040\000a\000n\000d\000\040\000S\000e\000l\000f\000-\000M\000o\000d\000i\000f\000y\000i\000n\000g\000\040\000S\000y\000s\000t\000e\000m\000s}{section.1}% 30
\BOOKMARK [3][-]{section*.34}{\376\377\000C\000l\000a\000s\000s\000i\000c\000a\000l\000\040\000G\000e\000n\000e\000t\000i\000c\000\040\000P\000r\000o\000g\000r\000a\000m\000m\000i\000n\000g}{subsection.1.5}% 31
\BOOKMARK [3][-]{section*.35}{\376\377\000L\000L\000M\000-\000G\000u\000i\000d\000e\000d\000\040\000E\000v\000o\000l\000u\000t\000i\000o\000n}{subsection.1.5}% 32
\BOOKMARK [3][-]{section*.36}{\376\377\000S\000e\000l\000f\000-\000M\000o\000d\000i\000f\000y\000i\000n\000g\000\040\000C\000o\000d\000e}{subsection.1.5}% 33
\BOOKMARK [3][-]{section*.37}{\376\377\000D\000e\000l\000i\000b\000e\000r\000a\000t\000e\000\040\000S\000e\000a\000r\000c\000h}{subsection.1.5}% 34
\BOOKMARK [2][-]{subsection.1.6}{\376\377\000S\000e\000l\000f\000-\000G\000o\000v\000e\000r\000n\000a\000n\000c\000e\000\040\000a\000n\000d\000\040\000R\000e\000l\000i\000a\000b\000i\000l\000i\000t\000y}{section.1}% 35
\BOOKMARK [3][-]{section*.38}{\376\377\000W\000r\000i\000t\000e\000-\000A\000h\000e\000a\000d\000\040\000L\000o\000g\000g\000i\000n\000g}{subsection.1.6}% 36
\BOOKMARK [3][-]{section*.39}{\376\377\000A\000s\000s\000e\000r\000t\000i\000o\000n\000-\000B\000a\000s\000e\000d\000\040\000V\000e\000r\000i\000f\000i\000c\000a\000t\000i\000o\000n}{subsection.1.6}% 37
\BOOKMARK [3][-]{section*.40}{\376\377\000B\000e\000h\000a\000v\000i\000o\000r\000a\000l\000\040\000C\000o\000n\000s\000t\000r\000a\000i\000n\000t\000s}{subsection.1.6}% 38
\BOOKMARK [3][-]{section*.41}{\376\377\000C\000o\000s\000t\000\040\000O\000p\000t\000i\000m\000i\000z\000a\000t\000i\000o\000n}{subsection.1.6}% 39
\BOOKMARK [2][-]{subsection.1.7}{\376\377\000B\000l\000o\000c\000k\000c\000h\000a\000i\000n\000\040\000f\000o\000r\000\040\000A\000I\000\040\000A\000g\000e\000n\000t\000s}{section.1}% 40
\BOOKMARK [3][-]{section*.42}{\376\377\000D\000e\000c\000e\000n\000t\000r\000a\000l\000i\000z\000e\000d\000\040\000I\000d\000e\000n\000t\000i\000t\000y}{subsection.1.7}% 41
\BOOKMARK [3][-]{section*.43}{\376\377\000A\000g\000e\000n\000t\000\040\000E\000c\000o\000n\000o\000m\000i\000e\000s}{subsection.1.7}% 42
\BOOKMARK [3][-]{section*.44}{\376\377\000O\000n\000-\000C\000h\000a\000i\000n\000\040\000G\000o\000v\000e\000r\000n\000a\000n\000c\000e}{subsection.1.7}% 43
\BOOKMARK [2][-]{subsection.1.8}{\376\377\000E\000d\000g\000e\000\040\000A\000I\000\040\000a\000n\000d\000\040\000L\000i\000g\000h\000t\000w\000e\000i\000g\000h\000t\000\040\000D\000e\000p\000l\000o\000y\000m\000e\000n\000t}{section.1}% 44
\BOOKMARK [3][-]{section*.45}{\376\377\000T\000i\000n\000y\000M\000L}{subsection.1.8}% 45
\BOOKMARK [3][-]{section*.46}{\376\377\000E\000d\000g\000e\000\040\000C\000o\000m\000p\000u\000t\000i\000n\000g}{subsection.1.8}% 46
\BOOKMARK [2][-]{subsection.1.9}{\376\377\000P\000o\000s\000i\000t\000i\000o\000n\000i\000n\000g\000\040\000o\000f\000\040\000E\000v\000o\000C\000l\000a\000w}{section.1}% 47
\BOOKMARK [1][-]{section.2}{\376\377\000S\000y\000s\000t\000e\000m\000\040\000A\000r\000c\000h\000i\000t\000e\000c\000t\000u\000r\000e}{}% 48
\BOOKMARK [2][-]{subsection.2.1}{\376\377\000D\000e\000s\000i\000g\000n\000\040\000P\000r\000i\000n\000c\000i\000p\000l\000e\000s}{section.2}% 49
\BOOKMARK [3][-]{section*.48}{\376\377\000P\000r\000i\000n\000c\000i\000p\000l\000e\000\040\0001\000:\000\040\000G\000e\000n\000o\000m\000e\000-\000B\000e\000h\000a\000v\000i\000o\000r\000\040\000S\000e\000p\000a\000r\000a\000t\000i\000o\000n}{subsection.2.1}% 50
\BOOKMARK [3][-]{section*.49}{\376\377\000P\000r\000i\000n\000c\000i\000p\000l\000e\000\040\0002\000:\000\040\000S\000k\000i\000l\000l\000\040\000C\000o\000m\000p\000o\000s\000a\000b\000i\000l\000i\000t\000y}{subsection.2.1}% 51
\BOOKMARK [3][-]{section*.50}{\376\377\000P\000r\000i\000n\000c\000i\000p\000l\000e\000\040\0003\000:\000\040\000T\000i\000e\000r\000-\000A\000p\000p\000r\000o\000p\000r\000i\000a\000t\000e\000\040\000D\000e\000p\000l\000o\000y\000m\000e\000n\000t}{subsection.2.1}% 52
\BOOKMARK [3][-]{section*.51}{\376\377\000P\000r\000i\000n\000c\000i\000p\000l\000e\000\040\0004\000:\000\040\000B\000o\000u\000n\000d\000e\000d\000\040\000R\000e\000s\000o\000u\000r\000c\000e\000s}{subsection.2.1}% 53
\BOOKMARK [3][-]{section*.52}{\376\377\000P\000r\000i\000n\000c\000i\000p\000l\000e\000\040\0005\000:\000\040\000E\000v\000o\000l\000u\000t\000i\000o\000n\000a\000r\000y\000\040\000P\000r\000e\000s\000s\000u\000r\000e}{subsection.2.1}% 54
\BOOKMARK [3][-]{section*.53}{\376\377\000P\000r\000i\000n\000c\000i\000p\000l\000e\000\040\0006\000:\000\040\000S\000a\000f\000e\000t\000y\000-\000F\000i\000r\000s\000t\000\040\000C\000o\000n\000s\000t\000r\000a\000i\000n\000t\000s}{subsection.2.1}% 55
\BOOKMARK [2][-]{subsection.2.2}{\376\377\000S\000y\000s\000t\000e\000m\000\040\000O\000v\000e\000r\000v\000i\000e\000w}{section.2}% 56
\BOOKMARK [3][-]{section*.55}{\376\377\000E\000d\000g\000e\000\040\000T\000i\000e\000r}{subsection.2.2}% 57
\BOOKMARK [3][-]{section*.56}{\376\377\000S\000e\000r\000v\000e\000r\000\040\000T\000i\000e\000r}{subsection.2.2}% 58
\BOOKMARK [3][-]{section*.57}{\376\377\000C\000l\000o\000u\000d\000\040\000T\000i\000e\000r}{subsection.2.2}% 59
\BOOKMARK [2][-]{subsection.2.3}{\376\377\000F\000o\000r\000m\000a\000l\000\040\000G\000e\000n\000o\000m\000e\000\040\000D\000e\000f\000i\000n\000i\000t\000i\000o\000n}{section.2}% 60
\BOOKMARK [2][-]{subsection.2.4}{\376\377\000G\000e\000n\000o\000m\000e\000\040\000E\000x\000a\000m\000p\000l\000e}{section.2}% 61
\BOOKMARK [1][-]{section.3}{\376\377\000G\000e\000n\000o\000m\000e\000\040\000E\000n\000g\000i\000n\000e}{}% 62
\BOOKMARK [2][-]{subsection.3.1}{\376\377\000E\000n\000g\000i\000n\000e\000\040\000A\000r\000c\000h\000i\000t\000e\000c\000t\000u\000r\000e}{section.3}% 63
\BOOKMARK [2][-]{subsection.3.2}{\376\377\000S\000k\000i\000l\000l\000\040\000L\000i\000f\000e\000c\000y\000c\000l\000e}{section.3}% 64
\BOOKMARK [2][-]{subsection.3.3}{\376\377\000H\000o\000t\000-\000R\000e\000l\000o\000a\000d\000\040\000P\000r\000o\000t\000o\000c\000o\000l}{section.3}% 65
\BOOKMARK [2][-]{subsection.3.4}{\376\377\000P\000e\000r\000f\000o\000r\000m\000a\000n\000c\000e\000\040\000C\000h\000a\000r\000a\000c\000t\000e\000r\000i\000s\000t\000i\000c\000s}{section.3}% 66
\BOOKMARK [1][-]{section.4}{\376\377\000T\000i\000e\000r\000e\000d\000\040\000M\000e\000m\000o\000r\000y\000\040\000A\000r\000c\000h\000i\000t\000e\000c\000t\000u\000r\000e}{}% 67
\BOOKMARK [2][-]{subsection.4.1}{\376\377\000D\000e\000s\000i\000g\000n\000\040\000I\000n\000s\000p\000i\000r\000a\000t\000i\000o\000n}{section.4}% 68
\BOOKMARK [2][-]{subsection.4.2}{\376\377\000T\000h\000r\000e\000e\000-\000T\000i\000e\000r\000\040\000A\000r\000c\000h\000i\000t\000e\000c\000t\000u\000r\000e}{section.4}% 69
\BOOKMARK [3][-]{section*.62}{\376\377\000T\000i\000e\000r\000\040\0001\000:\000\040\000H\000o\000t\000\040\000M\000e\000m\000o\000r\000y\000\040\000\050\000C\000o\000r\000e\000\051}{subsection.4.2}% 70
\BOOKMARK [3][-]{section*.63}{\376\377\000T\000i\000e\000r\000\040\0002\000:\000\040\000W\000a\000r\000m\000\040\000M\000e\000m\000o\000r\000y}{subsection.4.2}% 71
\BOOKMARK [3][-]{section*.64}{\376\377\000T\000i\000e\000r\000\040\0003\000:\000\040\000C\000o\000l\000d\000\040\000M\000e\000m\000o\000r\000y}{subsection.4.2}% 72
\BOOKMARK [2][-]{subsection.4.3}{\376\377\000T\000r\000e\000e\000-\000S\000t\000r\000u\000c\000t\000u\000r\000e\000d\000\040\000I\000n\000d\000e\000x}{section.4}% 73
\BOOKMARK [2][-]{subsection.4.4}{\376\377\000D\000i\000s\000t\000i\000l\000l\000a\000t\000i\000o\000n\000\040\000E\000n\000g\000i\000n\000e}{section.4}% 74
\BOOKMARK [2][-]{subsection.4.5}{\376\377\000C\000o\000m\000p\000a\000r\000i\000s\000o\000n\000\040\000w\000i\000t\000h\000\040\000V\000e\000c\000t\000o\000r\000\040\000R\000A\000G}{section.4}% 75
\BOOKMARK [2][-]{subsection.4.6}{\376\377\000F\000i\000v\000e\000-\000Y\000e\000a\000r\000\040\000S\000c\000a\000l\000i\000n\000g}{section.4}% 76
\BOOKMARK [1][-]{section.5}{\376\377\000I\000n\000t\000e\000l\000l\000i\000g\000e\000n\000t\000\040\000M\000o\000d\000e\000l\000\040\000R\000o\000u\000t\000e\000r}{}% 77
\BOOKMARK [2][-]{subsection.5.1}{\376\377\000F\000i\000v\000e\000-\000T\000i\000e\000r\000\040\000C\000l\000a\000s\000s\000i\000f\000i\000c\000a\000t\000i\000o\000n}{section.5}% 78
\BOOKMARK [2][-]{subsection.5.2}{\376\377\0001\0005\000-\000D\000i\000m\000e\000n\000s\000i\000o\000n\000\040\000W\000e\000i\000g\000h\000t\000e\000d\000\040\000S\000c\000o\000r\000i\000n\000g}{section.5}% 79
\BOOKMARK [2][-]{subsection.5.3}{\376\377\000A\000u\000t\000o\000m\000a\000t\000i\000c\000\040\000F\000a\000l\000l\000b\000a\000c\000k\000\040\000C\000h\000a\000i\000n\000s}{section.5}% 80
\BOOKMARK [2][-]{subsection.5.4}{\376\377\000C\000o\000s\000t\000\040\000A\000n\000a\000l\000y\000s\000i\000s}{section.5}% 81
\BOOKMARK [1][-]{section.6}{\376\377\000M\000o\000d\000e\000l\000\040\000H\000e\000a\000l\000t\000h\000\040\000R\000e\000g\000i\000s\000t\000r\000y}{}% 82
\BOOKMARK [2][-]{subsection.6.1}{\376\377\000M\000o\000d\000e\000l\000\040\000S\000t\000a\000t\000e\000s}{section.6}% 83
\BOOKMARK [2][-]{subsection.6.2}{\376\377\000E\000r\000r\000o\000r\000\040\000C\000l\000a\000s\000s\000i\000f\000i\000c\000a\000t\000i\000o\000n}{section.6}% 84
\BOOKMARK [2][-]{subsection.6.3}{\376\377\000H\000e\000a\000l\000t\000h\000\040\000M\000e\000t\000r\000i\000c\000s}{section.6}% 85
\BOOKMARK [2][-]{subsection.6.4}{\376\377\000F\000a\000l\000l\000b\000a\000c\000k\000\040\000S\000t\000r\000a\000t\000e\000g\000y}{section.6}% 86
\BOOKMARK [2][-]{subsection.6.5}{\376\377\000P\000e\000r\000s\000i\000s\000t\000e\000n\000c\000e}{section.6}% 87
\BOOKMARK [1][-]{section.7}{\376\377\000A\000g\000e\000n\000t\000i\000c\000\040\000T\000o\000o\000l\000\040\000L\000o\000o\000p}{}% 88
\BOOKMARK [2][-]{subsection.7.1}{\376\377\000T\000o\000o\000l\000\040\000C\000a\000t\000e\000g\000o\000r\000i\000e\000s}{section.7}% 89
\BOOKMARK [2][-]{subsection.7.2}{\376\377\000T\000o\000o\000l\000\040\000L\000o\000o\000p\000\040\000S\000t\000a\000t\000e\000\040\000M\000a\000c\000h\000i\000n\000e}{section.7}% 90
\BOOKMARK [2][-]{subsection.7.3}{\376\377\000T\000o\000o\000l\000\040\000S\000c\000h\000e\000m\000a\000\040\000G\000e\000n\000e\000r\000a\000t\000i\000o\000n}{section.7}% 91
\BOOKMARK [2][-]{subsection.7.4}{\376\377\000S\000e\000c\000u\000r\000i\000t\000y\000:\000\040\000S\000a\000n\000d\000b\000o\000x\000i\000n\000g}{section.7}% 92
\BOOKMARK [2][-]{subsection.7.5}{\376\377\000E\000x\000a\000m\000p\000l\000e\000:\000\040\000M\000u\000l\000t\000i\000-\000T\000o\000o\000l\000\040\000C\000h\000a\000i\000n}{section.7}% 93
\BOOKMARK [1][-]{section.8}{\376\377\000S\000e\000l\000f\000-\000G\000o\000v\000e\000r\000n\000a\000n\000c\000e\000\040\000P\000r\000o\000t\000o\000c\000o\000l\000s}{}% 94
\BOOKMARK [2][-]{subsection.8.1}{\376\377\000W\000A\000L\000:\000\040\000W\000r\000i\000t\000e\000-\000A\000h\000e\000a\000d\000\040\000L\000o\000g}{section.8}% 95
\BOOKMARK [2][-]{subsection.8.2}{\376\377\000V\000B\000R\000:\000\040\000V\000e\000r\000i\000f\000y\000\040\000B\000e\000f\000o\000r\000e\000\040\000R\000e\000p\000o\000r\000t\000i\000n\000g}{section.8}% 96
\BOOKMARK [2][-]{subsection.8.3}{\376\377\000A\000D\000L\000:\000\040\000A\000n\000t\000i\000-\000D\000i\000v\000e\000r\000g\000e\000n\000c\000e\000\040\000L\000i\000m\000i\000t}{section.8}% 97
\BOOKMARK [2][-]{subsection.8.4}{\376\377\000V\000F\000M\000:\000\040\000V\000a\000l\000u\000e\000-\000F\000o\000r\000-\000M\000o\000n\000e\000y}{section.8}% 98
\BOOKMARK [1][-]{section.9}{\376\377\000E\000v\000o\000l\000u\000t\000i\000o\000n\000a\000r\000y\000\040\000F\000r\000a\000m\000e\000w\000o\000r\000k}{}% 99
\BOOKMARK [2][-]{subsection.9.1}{\376\377\000F\000i\000t\000n\000e\000s\000s\000\040\000F\000u\000n\000c\000t\000i\000o\000n}{section.9}% 100
\BOOKMARK [2][-]{subsection.9.2}{\376\377\000M\000u\000t\000a\000t\000i\000o\000n\000\040\000O\000p\000e\000r\000a\000t\000o\000r\000s}{section.9}% 101
\BOOKMARK [2][-]{subsection.9.3}{\376\377\000E\000v\000o\000l\000u\000t\000i\000o\000n\000\040\000L\000o\000o\000p}{section.9}% 102
\BOOKMARK [2][-]{subsection.9.4}{\376\377\000M\000o\000n\000o\000t\000o\000n\000i\000c\000\040\000I\000m\000p\000r\000o\000v\000e\000m\000e\000n\000t\000\040\000G\000u\000a\000r\000a\000n\000t\000e\000e}{section.9}% 103
\BOOKMARK [2][-]{subsection.9.5}{\376\377\000E\000v\000o\000l\000u\000t\000i\000o\000n\000\040\000L\000a\000y\000e\000r\000s\000\040\000R\000o\000a\000d\000m\000a\000p}{section.9}% 104
\BOOKMARK [1][-]{section.10}{\376\377\000C\000l\000a\000w\000C\000h\000a\000i\000n\000\040\000I\000n\000t\000e\000g\000r\000a\000t\000i\000o\000n}{}% 105
\BOOKMARK [2][-]{subsection.10.1}{\376\377\000D\000e\000c\000e\000n\000t\000r\000a\000l\000i\000z\000e\000d\000\040\000I\000d\000e\000n\000t\000i\000t\000y\000\040\000\050\000D\000I\000D\000s\000\051}{section.10}% 106
\BOOKMARK [2][-]{subsection.10.2}{\376\377\000R\000e\000p\000u\000t\000a\000t\000i\000o\000n\000\040\000S\000y\000s\000t\000e\000m}{section.10}% 107
\BOOKMARK [2][-]{subsection.10.3}{\376\377\000G\000e\000n\000o\000m\000e\000\040\000M\000a\000r\000k\000e\000t\000p\000l\000a\000c\000e}{section.10}% 108
\BOOKMARK [2][-]{subsection.10.4}{\376\377\000A\000u\000t\000o\000-\000D\000i\000s\000c\000o\000v\000e\000r\000y}{section.10}% 109
\BOOKMARK [1][-]{section.11}{\376\377\000M\000u\000l\000t\000i\000-\000T\000i\000e\000r\000\040\000D\000e\000p\000l\000o\000y\000m\000e\000n\000t}{}% 110
\BOOKMARK [2][-]{subsection.11.1}{\376\377\000N\000a\000t\000i\000v\000e\000\040\000D\000e\000p\000l\000o\000y\000m\000e\000n\000t\000\040\000\050\000D\000e\000f\000a\000u\000l\000t\000\051}{section.11}% 111
\BOOKMARK [2][-]{subsection.11.2}{\376\377\000C\000o\000n\000t\000a\000i\000n\000e\000r\000\040\000D\000e\000p\000l\000o\000y\000m\000e\000n\000t\000\040\000\050\000P\000o\000d\000m\000a\000n\000\051}{section.11}% 112
\BOOKMARK [2][-]{subsection.11.3}{\376\377\000C\000l\000o\000u\000d\000\040\000S\000a\000n\000d\000b\000o\000x\000\040\000\050\000E\0002\000B\000\051}{section.11}% 113
\BOOKMARK [2][-]{subsection.11.4}{\376\377\000M\000Q\000T\000T\000\040\000C\000o\000m\000m\000u\000n\000i\000c\000a\000t\000i\000o\000n}{section.11}% 114
\BOOKMARK [1][-]{section.12}{\376\377\000I\000m\000p\000l\000e\000m\000e\000n\000t\000a\000t\000i\000o\000n\000\040\000D\000e\000t\000a\000i\000l\000s}{}% 115
\BOOKMARK [2][-]{subsection.12.1}{\376\377\000T\000e\000c\000h\000n\000o\000l\000o\000g\000y\000\040\000S\000t\000a\000c\000k}{section.12}% 116
\BOOKMARK [2][-]{subsection.12.2}{\376\377\000T\000e\000s\000t\000i\000n\000g}{section.12}% 117
\BOOKMARK [2][-]{subsection.12.3}{\376\377\000C\000o\000d\000e\000\040\000O\000r\000g\000a\000n\000i\000z\000a\000t\000i\000o\000n}{section.12}% 118
\BOOKMARK [1][-]{section.13}{\376\377\000E\000v\000a\000l\000u\000a\000t\000i\000o\000n}{}% 119
\BOOKMARK [2][-]{subsection.13.1}{\376\377\000E\000d\000g\000e\000\040\000D\000e\000p\000l\000o\000y\000m\000e\000n\000t}{section.13}% 120
\BOOKMARK [2][-]{subsection.13.2}{\376\377\000M\000e\000m\000o\000r\000y\000\040\000S\000y\000s\000t\000e\000m}{section.13}% 121
\BOOKMARK [2][-]{subsection.13.3}{\376\377\000R\000o\000u\000t\000i\000n\000g\000\040\000C\000o\000s\000t\000\040\000S\000a\000v\000i\000n\000g\000s}{section.13}% 122
\BOOKMARK [2][-]{subsection.13.4}{\376\377\000L\000o\000n\000g\000-\000T\000e\000r\000m\000\040\000S\000t\000a\000b\000i\000l\000i\000t\000y}{section.13}% 123
\BOOKMARK [1][-]{section.14}{\376\377\000L\000i\000m\000i\000t\000a\000t\000i\000o\000n\000s\000\040\000a\000n\000d\000\040\000F\000u\000t\000u\000r\000e\000\040\000W\000o\000r\000k}{}% 124
\BOOKMARK [2][-]{subsection.14.1}{\376\377\000C\000u\000r\000r\000e\000n\000t\000\040\000L\000i\000m\000i\000t\000a\000t\000i\000o\000n\000s}{section.14}% 125
\BOOKMARK [2][-]{subsection.14.2}{\376\377\000F\000u\000t\000u\000r\000e\000\040\000D\000i\000r\000e\000c\000t\000i\000o\000n\000s}{section.14}% 126
\BOOKMARK [1][-]{section.15}{\376\377\000C\000a\000s\000e\000\040\000S\000t\000u\000d\000i\000e\000s}{}% 127
\BOOKMARK [2][-]{subsection.15.1}{\376\377\000C\000a\000s\000e\000\040\000S\000t\000u\000d\000y\000\040\0001\000:\000\040\000T\000r\000a\000d\000i\000n\000g\000\040\000A\000g\000e\000n\000t\000\040\000o\000n\000\040\000R\000a\000s\000p\000b\000e\000r\000r\000y\000\040\000P\000i}{section.15}% 128
\BOOKMARK [3][-]{section*.81}{\376\377\000S\000e\000t\000u\000p}{subsection.15.1}% 129
\BOOKMARK [3][-]{section*.82}{\376\377\000I\000n\000i\000t\000i\000a\000l\000\040\000P\000e\000r\000f\000o\000r\000m\000a\000n\000c\000e}{subsection.15.1}% 130
\BOOKMARK [3][-]{section*.84}{\376\377\000E\000v\000o\000l\000u\000t\000i\000o\000n\000\040\000H\000i\000s\000t\000o\000r\000y}{subsection.15.1}% 131
\BOOKMARK [3][-]{section*.86}{\376\377\000F\000i\000n\000a\000l\000\040\000P\000e\000r\000f\000o\000r\000m\000a\000n\000c\000e}{subsection.15.1}% 132
\BOOKMARK [3][-]{section*.88}{\376\377\000R\000e\000s\000o\000u\000r\000c\000e\000\040\000U\000s\000a\000g\000e}{subsection.15.1}% 133
\BOOKMARK [2][-]{subsection.15.2}{\376\377\000C\000a\000s\000e\000\040\000S\000t\000u\000d\000y\000\040\0002\000:\000\040\000E\000l\000d\000e\000r\000l\000y\000\040\000C\000o\000m\000p\000a\000n\000i\000o\000n\000\040\000A\000g\000e\000n\000t}{section.15}% 134
\BOOKMARK [3][-]{section*.90}{\376\377\000D\000e\000p\000l\000o\000y\000m\000e\000n\000t\000\040\000C\000o\000n\000t\000e\000x\000t}{subsection.15.2}% 135
\BOOKMARK [3][-]{section*.91}{\376\377\000M\000e\000m\000o\000r\000y\000\040\000S\000y\000s\000t\000e\000m\000\040\000i\000n\000\040\000A\000c\000t\000i\000o\000n}{subsection.15.2}% 136
\BOOKMARK [3][-]{section*.92}{\376\377\000E\000v\000o\000l\000u\000t\000i\000o\000n\000\040\000f\000o\000r\000\040\000E\000n\000g\000a\000g\000e\000m\000e\000n\000t}{subsection.15.2}% 137
\BOOKMARK [2][-]{subsection.15.3}{\376\377\000C\000a\000s\000e\000\040\000S\000t\000u\000d\000y\000\040\0003\000:\000\040\000D\000e\000v\000O\000p\000s\000\040\000M\000o\000n\000i\000t\000o\000r\000i\000n\000g\000\040\000A\000g\000e\000n\000t}{section.15}% 138
\BOOKMARK [3][-]{section*.94}{\376\377\000D\000e\000p\000l\000o\000y\000m\000e\000n\000t}{subsection.15.3}% 139
\BOOKMARK [3][-]{section*.95}{\376\377\000I\000n\000t\000e\000l\000l\000i\000g\000e\000n\000t\000\040\000R\000o\000u\000t\000i\000n\000g\000\040\000i\000n\000\040\000A\000c\000t\000i\000o\000n}{subsection.15.3}% 140
\BOOKMARK [3][-]{section*.97}{\376\377\000H\000e\000a\000l\000t\000h\000\040\000R\000e\000g\000i\000s\000t\000r\000y\000\040\000F\000a\000i\000l\000o\000v\000e\000r}{subsection.15.3}% 141
\BOOKMARK [2][-]{subsection.15.4}{\376\377\000C\000r\000o\000s\000s\000-\000C\000a\000s\000e\000\040\000O\000b\000s\000e\000r\000v\000a\000t\000i\000o\000n\000s}{section.15}% 142
\BOOKMARK [1][-]{section.16}{\376\377\000F\000o\000r\000m\000a\000l\000\040\000P\000r\000o\000p\000e\000r\000t\000i\000e\000s\000\040\000a\000n\000d\000\040\000P\000r\000o\000o\000f\000s}{}% 143
\BOOKMARK [2][-]{subsection.16.1}{\376\377\000M\000e\000m\000o\000r\000y\000\040\000B\000o\000u\000n\000d\000e\000d\000n\000e\000s\000s}{section.16}% 144
\BOOKMARK [2][-]{subsection.16.2}{\376\377\000E\000v\000o\000l\000u\000t\000i\000o\000n\000\040\000C\000o\000n\000v\000e\000r\000g\000e\000n\000c\000e}{section.16}% 145
\BOOKMARK [2][-]{subsection.16.3}{\376\377\000R\000o\000u\000t\000e\000r\000\040\000O\000p\000t\000i\000m\000a\000l\000i\000t\000y}{section.16}% 146
\BOOKMARK [2][-]{subsection.16.4}{\376\377\000S\000a\000f\000e\000t\000y\000\040\000I\000n\000v\000a\000r\000i\000a\000n\000t\000\040\000P\000r\000e\000s\000e\000r\000v\000a\000t\000i\000o\000n}{section.16}% 147
\BOOKMARK [1][-]{section.17}{\376\377\000I\000m\000p\000l\000e\000m\000e\000n\000t\000a\000t\000i\000o\000n\000\040\000D\000e\000e\000p\000\040\000D\000i\000v\000e}{}% 148
\BOOKMARK [2][-]{subsection.17.1}{\376\377\000R\000u\000s\000t\000\040\000E\000d\000g\000e\000\040\000A\000g\000e\000n\000t\000\040\000A\000r\000c\000h\000i\000t\000e\000c\000t\000u\000r\000e}{section.17}% 149
\BOOKMARK [2][-]{subsection.17.2}{\376\377\000K\000e\000y\000\040\000D\000a\000t\000a\000\040\000S\000t\000r\000u\000c\000t\000u\000r\000e\000s}{section.17}% 150
\BOOKMARK [3][-]{section*.102}{\376\377\000G\000e\000n\000o\000m\000e\000\040\000R\000e\000p\000r\000e\000s\000e\000n\000t\000a\000t\000i\000o\000n}{subsection.17.2}% 151
\BOOKMARK [3][-]{section*.103}{\376\377\000M\000e\000m\000o\000r\000y\000\040\000T\000r\000e\000e\000\040\000N\000o\000d\000e}{subsection.17.2}% 152
\BOOKMARK [3][-]{section*.104}{\376\377\000H\000e\000a\000l\000t\000h\000\040\000R\000e\000g\000i\000s\000t\000r\000y\000\040\000S\000t\000a\000t\000e}{subsection.17.2}% 153
\BOOKMARK [2][-]{subsection.17.3}{\376\377\000G\000o\000\040\000O\000r\000c\000h\000e\000s\000t\000r\000a\000t\000o\000r\000\040\000A\000r\000c\000h\000i\000t\000e\000c\000t\000u\000r\000e}{section.17}% 154
\BOOKMARK [2][-]{subsection.17.4}{\376\377\000C\000o\000n\000f\000i\000g\000u\000r\000a\000t\000i\000o\000n\000\040\000S\000c\000h\000e\000m\000a}{section.17}% 155
\BOOKMARK [2][-]{subsection.17.5}{\376\377\000T\000e\000s\000t\000i\000n\000g\000\040\000I\000n\000f\000r\000a\000s\000t\000r\000u\000c\000t\000u\000r\000e}{section.17}% 156
\BOOKMARK [2][-]{subsection.17.6}{\376\377\000D\000e\000p\000l\000o\000y\000m\000e\000n\000t\000\040\000A\000u\000t\000o\000m\000a\000t\000i\000o\000n}{section.17}% 157
\BOOKMARK [1][-]{section.18}{\376\377\000C\000o\000n\000c\000l\000u\000s\000i\000o\000n}{}% 158
