\BOOKMARK [1][-]{section.1}{\376\377\000I\000n\000t\000r\000o\000d\000u\000c\000t\000i\000o\000n}{}% 1
\BOOKMARK [2][-]{subsection.1.1}{\376\377\000T\000h\000e\000\040\000S\000t\000a\000t\000i\000c\000\040\000A\000g\000e\000n\000t\000\040\000P\000r\000o\000b\000l\000e\000m\000s}{section.1}% 2
\BOOKMARK [2][-]{subsection.1.2}{\376\377\000K\000e\000y\000\040\000I\000n\000s\000i\000g\000h\000t\000:\000\040\000A\000g\000e\000n\000t\000s\000\040\000a\000s\000\040\000G\000e\000n\000o\000m\000e\000s}{section.1}% 3
\BOOKMARK [2][-]{subsection.1.3}{\376\377\000C\000o\000n\000t\000r\000i\000b\000u\000t\000i\000o\000n\000s}{section.1}% 4
\BOOKMARK [2][-]{subsection.1.4}{\376\377\000P\000a\000p\000e\000r\000\040\000O\000r\000g\000a\000n\000i\000z\000a\000t\000i\000o\000n}{section.1}% 5
\BOOKMARK [1][-]{section.2}{\376\377\000R\000e\000l\000a\000t\000e\000d\000\040\000W\000o\000r\000k}{}% 6
\BOOKMARK [2][-]{subsection.2.1}{\376\377\000L\000L\000M\000-\000B\000a\000s\000e\000d\000\040\000A\000u\000t\000o\000n\000o\000m\000o\000u\000s\000\040\000A\000g\000e\000n\000t\000s}{section.2}% 7
\BOOKMARK [3][-]{subsubsection.2.1.1}{\376\377\000F\000o\000u\000n\000d\000a\000t\000i\000o\000n\000a\000l\000\040\000S\000u\000r\000v\000e\000y\000s\000\040\000a\000n\000d\000\040\000T\000a\000x\000o\000n\000o\000m\000i\000e\000s}{subsection.2.1}% 8
\BOOKMARK [3][-]{subsubsection.2.1.2}{\376\377\000T\000a\000s\000k\000\040\000D\000e\000c\000o\000m\000p\000o\000s\000i\000t\000i\000o\000n\000\040\000A\000g\000e\000n\000t\000s}{subsection.2.1}% 9
\BOOKMARK [3][-]{subsubsection.2.1.3}{\376\377\000L\000i\000f\000e\000l\000o\000n\000g\000\040\000L\000e\000a\000r\000n\000i\000n\000g\000\040\000A\000g\000e\000n\000t\000s}{subsection.2.1}% 10
\BOOKMARK [3][-]{subsubsection.2.1.4}{\376\377\000M\000e\000m\000o\000r\000y\000-\000A\000u\000g\000m\000e\000n\000t\000e\000d\000\040\000A\000g\000e\000n\000t\000s}{subsection.2.1}% 11
\BOOKMARK [3][-]{subsubsection.2.1.5}{\376\377\000A\000g\000e\000n\000t\000\040\000F\000r\000a\000m\000e\000w\000o\000r\000k\000s}{subsection.2.1}% 12
\BOOKMARK [3][-]{subsubsection.2.1.6}{\376\377\000T\000o\000o\000l\000\040\000U\000s\000e\000\040\000a\000n\000d\000\040\000F\000u\000n\000c\000t\000i\000o\000n\000\040\000C\000a\000l\000l\000i\000n\000g}{subsection.2.1}% 13
\BOOKMARK [3][-]{subsubsection.2.1.7}{\376\377\000S\000o\000f\000t\000w\000a\000r\000e\000\040\000E\000n\000g\000i\000n\000e\000e\000r\000i\000n\000g\000\040\000A\000g\000e\000n\000t\000s}{subsection.2.1}% 14
\BOOKMARK [3][-]{subsubsection.2.1.8}{\376\377\000C\000o\000n\000t\000i\000n\000u\000a\000l\000\040\000L\000e\000a\000r\000n\000i\000n\000g}{subsection.2.1}% 15
\BOOKMARK [2][-]{subsection.2.2}{\376\377\000M\000u\000l\000t\000i\000-\000A\000g\000e\000n\000t\000\040\000S\000y\000s\000t\000e\000m\000s\000\040\000a\000n\000d\000\040\000C\000o\000m\000m\000u\000n\000i\000c\000a\000t\000i\000o\000n}{section.2}% 16
\BOOKMARK [3][-]{subsubsection.2.2.1}{\376\377\000C\000l\000a\000s\000s\000i\000c\000a\000l\000\040\000F\000o\000u\000n\000d\000a\000t\000i\000o\000n\000s}{subsection.2.2}% 17
\BOOKMARK [3][-]{subsubsection.2.2.2}{\376\377\000L\000L\000M\000-\000B\000a\000s\000e\000d\000\040\000M\000u\000l\000t\000i\000-\000A\000g\000e\000n\000t\000\040\000S\000y\000s\000t\000e\000m\000s}{subsection.2.2}% 18
\BOOKMARK [3][-]{subsubsection.2.2.3}{\376\377\000G\000e\000n\000e\000r\000a\000t\000i\000v\000e\000\040\000A\000g\000e\000n\000t\000s\000\040\000a\000n\000d\000\040\000S\000o\000c\000i\000a\000l\000\040\000S\000i\000m\000u\000l\000a\000t\000i\000o\000n}{subsection.2.2}% 19
\BOOKMARK [3][-]{subsubsection.2.2.4}{\376\377\000A\000g\000e\000n\000t\000\040\000E\000v\000a\000l\000u\000a\000t\000i\000o\000n}{subsection.2.2}% 20
\BOOKMARK [2][-]{subsection.2.3}{\376\377\000M\000e\000m\000o\000r\000y\000\040\000A\000r\000c\000h\000i\000t\000e\000c\000t\000u\000r\000e\000s\000\040\000f\000o\000r\000\040\000L\000L\000M\000\040\000A\000g\000e\000n\000t\000s}{section.2}% 21
\BOOKMARK [3][-]{subsubsection.2.3.1}{\376\377\000C\000o\000n\000t\000e\000x\000t\000\040\000W\000i\000n\000d\000o\000w\000\040\000E\000x\000t\000e\000n\000s\000i\000o\000n}{subsection.2.3}% 22
\BOOKMARK [3][-]{subsubsection.2.3.2}{\376\377\000R\000e\000t\000r\000i\000e\000v\000a\000l\000-\000A\000u\000g\000m\000e\000n\000t\000e\000d\000\040\000G\000e\000n\000e\000r\000a\000t\000i\000o\000n}{subsection.2.3}% 23
\BOOKMARK [3][-]{subsubsection.2.3.3}{\376\377\000C\000o\000m\000p\000r\000e\000s\000s\000i\000v\000e\000\040\000M\000e\000m\000o\000r\000y}{subsection.2.3}% 24
\BOOKMARK [3][-]{subsubsection.2.3.4}{\376\377\000P\000a\000g\000e\000I\000n\000d\000e\000x\000:\000\040\000O\000u\000r\000\040\000P\000r\000i\000m\000a\000r\000y\000\040\000I\000n\000s\000p\000i\000r\000a\000t\000i\000o\000n}{subsection.2.3}% 25
\BOOKMARK [2][-]{subsection.2.4}{\376\377\000M\000o\000d\000e\000l\000\040\000R\000o\000u\000t\000i\000n\000g\000\040\000a\000n\000d\000\040\000O\000r\000c\000h\000e\000s\000t\000r\000a\000t\000i\000o\000n}{section.2}% 26
\BOOKMARK [3][-]{subsubsection.2.4.1}{\376\377\000C\000o\000s\000t\000-\000A\000w\000a\000r\000e\000\040\000R\000o\000u\000t\000i\000n\000g}{subsection.2.4}% 27
\BOOKMARK [3][-]{subsubsection.2.4.2}{\376\377\000P\000e\000r\000f\000o\000r\000m\000a\000n\000c\000e\000\040\000O\000p\000t\000i\000m\000i\000z\000a\000t\000i\000o\000n}{subsection.2.4}% 28
\BOOKMARK [3][-]{subsubsection.2.4.3}{\376\377\000M\000i\000x\000t\000u\000r\000e\000\040\000o\000f\000\040\000E\000x\000p\000e\000r\000t\000s}{subsection.2.4}% 29
\BOOKMARK [2][-]{subsection.2.5}{\376\377\000G\000e\000n\000e\000t\000i\000c\000\040\000P\000r\000o\000g\000r\000a\000m\000m\000i\000n\000g\000\040\000a\000n\000d\000\040\000S\000e\000l\000f\000-\000M\000o\000d\000i\000f\000y\000i\000n\000g\000\040\000S\000y\000s\000t\000e\000m\000s}{section.2}% 30
\BOOKMARK [2][-]{subsection.2.6}{\376\377\000S\000e\000l\000f\000-\000G\000o\000v\000e\000r\000n\000a\000n\000c\000e\000\040\000a\000n\000d\000\040\000R\000e\000l\000i\000a\000b\000i\000l\000i\000t\000y}{section.2}% 31
\BOOKMARK [2][-]{subsection.2.7}{\376\377\000B\000l\000o\000c\000k\000c\000h\000a\000i\000n\000\040\000f\000o\000r\000\040\000A\000I\000\040\000A\000g\000e\000n\000t\000s}{section.2}% 32
\BOOKMARK [2][-]{subsection.2.8}{\376\377\000E\000d\000g\000e\000\040\000A\000I\000\040\000a\000n\000d\000\040\000L\000i\000g\000h\000t\000w\000e\000i\000g\000h\000t\000\040\000D\000e\000p\000l\000o\000y\000m\000e\000n\000t}{section.2}% 33
\BOOKMARK [2][-]{subsection.2.9}{\376\377\000P\000o\000s\000i\000t\000i\000o\000n\000i\000n\000g\000\040\000o\000f\000\040\000E\000v\000o\000C\000l\000a\000w}{section.2}% 34
\BOOKMARK [1][-]{section.3}{\376\377\000S\000y\000s\000t\000e\000m\000\040\000A\000r\000c\000h\000i\000t\000e\000c\000t\000u\000r\000e}{}% 35
\BOOKMARK [2][-]{subsection.3.1}{\376\377\000D\000e\000s\000i\000g\000n\000\040\000P\000r\000i\000n\000c\000i\000p\000l\000e\000s}{section.3}% 36
\BOOKMARK [3][-]{subsubsection.3.1.1}{\376\377\000P\000r\000i\000n\000c\000i\000p\000l\000e\000\040\0001\000:\000\040\000G\000e\000n\000o\000m\000e\000-\000B\000e\000h\000a\000v\000i\000o\000r\000\040\000S\000e\000p\000a\000r\000a\000t\000i\000o\000n}{subsection.3.1}% 37
\BOOKMARK [3][-]{subsubsection.3.1.2}{\376\377\000P\000r\000i\000n\000c\000i\000p\000l\000e\000\040\0002\000:\000\040\000S\000k\000i\000l\000l\000\040\000C\000o\000m\000p\000o\000s\000a\000b\000i\000l\000i\000t\000y}{subsection.3.1}% 38
\BOOKMARK [3][-]{subsubsection.3.1.3}{\376\377\000P\000r\000i\000n\000c\000i\000p\000l\000e\000\040\0003\000:\000\040\000T\000i\000e\000r\000-\000A\000p\000p\000r\000o\000p\000r\000i\000a\000t\000e\000\040\000D\000e\000p\000l\000o\000y\000m\000e\000n\000t}{subsection.3.1}% 39
\BOOKMARK [3][-]{subsubsection.3.1.4}{\376\377\000P\000r\000i\000n\000c\000i\000p\000l\000e\000\040\0004\000:\000\040\000B\000o\000u\000n\000d\000e\000d\000\040\000R\000e\000s\000o\000u\000r\000c\000e\000s}{subsection.3.1}% 40
\BOOKMARK [3][-]{subsubsection.3.1.5}{\376\377\000P\000r\000i\000n\000c\000i\000p\000l\000e\000\040\0005\000:\000\040\000E\000v\000o\000l\000u\000t\000i\000o\000n\000a\000r\000y\000\040\000P\000r\000e\000s\000s\000u\000r\000e}{subsection.3.1}% 41
\BOOKMARK [3][-]{subsubsection.3.1.6}{\376\377\000P\000r\000i\000n\000c\000i\000p\000l\000e\000\040\0006\000:\000\040\000S\000a\000f\000e\000t\000y\000-\000F\000i\000r\000s\000t\000\040\000C\000o\000n\000s\000t\000r\000a\000i\000n\000t\000s}{subsection.3.1}% 42
\BOOKMARK [2][-]{subsection.3.2}{\376\377\000S\000y\000s\000t\000e\000m\000\040\000O\000v\000e\000r\000v\000i\000e\000w}{section.3}% 43
\BOOKMARK [3][-]{subsubsection.3.2.1}{\376\377\000E\000d\000g\000e\000\040\000T\000i\000e\000r}{subsection.3.2}% 44
\BOOKMARK [3][-]{subsubsection.3.2.2}{\376\377\000S\000e\000r\000v\000e\000r\000\040\000T\000i\000e\000r}{subsection.3.2}% 45
\BOOKMARK [3][-]{subsubsection.3.2.3}{\376\377\000C\000l\000o\000u\000d\000\040\000T\000i\000e\000r}{subsection.3.2}% 46
\BOOKMARK [2][-]{subsection.3.3}{\376\377\000F\000o\000r\000m\000a\000l\000\040\000G\000e\000n\000o\000m\000e\000\040\000D\000e\000f\000i\000n\000i\000t\000i\000o\000n}{section.3}% 47
\BOOKMARK [2][-]{subsection.3.4}{\376\377\000G\000e\000n\000o\000m\000e\000\040\000E\000x\000a\000m\000p\000l\000e}{section.3}% 48
\BOOKMARK [1][-]{section.4}{\376\377\000G\000e\000n\000o\000m\000e\000\040\000E\000n\000g\000i\000n\000e}{}% 49
\BOOKMARK [2][-]{subsection.4.1}{\376\377\000E\000n\000g\000i\000n\000e\000\040\000A\000r\000c\000h\000i\000t\000e\000c\000t\000u\000r\000e}{section.4}% 50
\BOOKMARK [2][-]{subsection.4.2}{\376\377\000S\000k\000i\000l\000l\000\040\000L\000i\000f\000e\000c\000y\000c\000l\000e}{section.4}% 51
\BOOKMARK [2][-]{subsection.4.3}{\376\377\000H\000o\000t\000-\000R\000e\000l\000o\000a\000d\000\040\000P\000r\000o\000t\000o\000c\000o\000l}{section.4}% 52
\BOOKMARK [1][-]{section.5}{\376\377\000T\000i\000e\000r\000e\000d\000\040\000M\000e\000m\000o\000r\000y\000\040\000A\000r\000c\000h\000i\000t\000e\000c\000t\000u\000r\000e}{}% 53
\BOOKMARK [2][-]{subsection.5.1}{\376\377\000D\000e\000s\000i\000g\000n\000\040\000I\000n\000s\000p\000i\000r\000a\000t\000i\000o\000n}{section.5}% 54
\BOOKMARK [2][-]{subsection.5.2}{\376\377\000T\000h\000r\000e\000e\000-\000T\000i\000e\000r\000\040\000A\000r\000c\000h\000i\000t\000e\000c\000t\000u\000r\000e}{section.5}% 55
\BOOKMARK [3][-]{subsubsection.5.2.1}{\376\377\000T\000i\000e\000r\000\040\0001\000:\000\040\000H\000o\000t\000\040\000M\000e\000m\000o\000r\000y\000\040\000\050\000C\000o\000r\000e\000\051}{subsection.5.2}% 56
\BOOKMARK [3][-]{subsubsection.5.2.2}{\376\377\000T\000i\000e\000r\000\040\0002\000:\000\040\000W\000a\000r\000m\000\040\000M\000e\000m\000o\000r\000y}{subsection.5.2}% 57
\BOOKMARK [3][-]{subsubsection.5.2.3}{\376\377\000T\000i\000e\000r\000\040\0003\000:\000\040\000C\000o\000l\000d\000\040\000M\000e\000m\000o\000r\000y}{subsection.5.2}% 58
\BOOKMARK [2][-]{subsection.5.3}{\376\377\000T\000r\000e\000e\000-\000S\000t\000r\000u\000c\000t\000u\000r\000e\000d\000\040\000I\000n\000d\000e\000x}{section.5}% 59
\BOOKMARK [2][-]{subsection.5.4}{\376\377\000D\000i\000s\000t\000i\000l\000l\000a\000t\000i\000o\000n\000\040\000E\000n\000g\000i\000n\000e}{section.5}% 60
\BOOKMARK [2][-]{subsection.5.5}{\376\377\000C\000o\000m\000p\000a\000r\000i\000s\000o\000n\000\040\000w\000i\000t\000h\000\040\000V\000e\000c\000t\000o\000r\000\040\000R\000A\000G}{section.5}% 61
\BOOKMARK [2][-]{subsection.5.6}{\376\377\000F\000i\000v\000e\000-\000Y\000e\000a\000r\000\040\000S\000c\000a\000l\000i\000n\000g}{section.5}% 62
\BOOKMARK [1][-]{section.6}{\376\377\000I\000n\000t\000e\000l\000l\000i\000g\000e\000n\000t\000\040\000M\000o\000d\000e\000l\000\040\000R\000o\000u\000t\000e\000r}{}% 63
\BOOKMARK [2][-]{subsection.6.1}{\376\377\000F\000i\000v\000e\000-\000T\000i\000e\000r\000\040\000C\000l\000a\000s\000s\000i\000f\000i\000c\000a\000t\000i\000o\000n}{section.6}% 64
\BOOKMARK [2][-]{subsection.6.2}{\376\377\0001\0005\000-\000D\000i\000m\000e\000n\000s\000i\000o\000n\000\040\000W\000e\000i\000g\000h\000t\000e\000d\000\040\000S\000c\000o\000r\000i\000n\000g}{section.6}% 65
\BOOKMARK [2][-]{subsection.6.3}{\376\377\000A\000u\000t\000o\000m\000a\000t\000i\000c\000\040\000F\000a\000l\000l\000b\000a\000c\000k\000\040\000C\000h\000a\000i\000n\000s}{section.6}% 66
\BOOKMARK [2][-]{subsection.6.4}{\376\377\000C\000o\000s\000t\000\040\000A\000n\000a\000l\000y\000s\000i\000s}{section.6}% 67
\BOOKMARK [1][-]{section.7}{\376\377\000M\000o\000d\000e\000l\000\040\000H\000e\000a\000l\000t\000h\000\040\000R\000e\000g\000i\000s\000t\000r\000y}{}% 68
\BOOKMARK [2][-]{subsection.7.1}{\376\377\000M\000o\000d\000e\000l\000\040\000S\000t\000a\000t\000e\000s}{section.7}% 69
\BOOKMARK [2][-]{subsection.7.2}{\376\377\000E\000r\000r\000o\000r\000\040\000C\000l\000a\000s\000s\000i\000f\000i\000c\000a\000t\000i\000o\000n}{section.7}% 70
\BOOKMARK [2][-]{subsection.7.3}{\376\377\000H\000e\000a\000l\000t\000h\000\040\000M\000e\000t\000r\000i\000c\000s}{section.7}% 71
\BOOKMARK [2][-]{subsection.7.4}{\376\377\000F\000a\000l\000l\000b\000a\000c\000k\000\040\000S\000t\000r\000a\000t\000e\000g\000y}{section.7}% 72
\BOOKMARK [2][-]{subsection.7.5}{\376\377\000P\000e\000r\000s\000i\000s\000t\000e\000n\000c\000e}{section.7}% 73
\BOOKMARK [1][-]{section.8}{\376\377\000A\000g\000e\000n\000t\000i\000c\000\040\000T\000o\000o\000l\000\040\000L\000o\000o\000p}{}% 74
\BOOKMARK [2][-]{subsection.8.1}{\376\377\000T\000o\000o\000l\000\040\000C\000a\000t\000e\000g\000o\000r\000i\000e\000s}{section.8}% 75
\BOOKMARK [2][-]{subsection.8.2}{\376\377\000T\000o\000o\000l\000\040\000L\000o\000o\000p\000\040\000S\000t\000a\000t\000e\000\040\000M\000a\000c\000h\000i\000n\000e}{section.8}% 76
\BOOKMARK [2][-]{subsection.8.3}{\376\377\000T\000o\000o\000l\000\040\000S\000c\000h\000e\000m\000a\000\040\000G\000e\000n\000e\000r\000a\000t\000i\000o\000n}{section.8}% 77
\BOOKMARK [2][-]{subsection.8.4}{\376\377\000S\000e\000c\000u\000r\000i\000t\000y\000:\000\040\000S\000a\000n\000d\000b\000o\000x\000i\000n\000g}{section.8}% 78
\BOOKMARK [2][-]{subsection.8.5}{\376\377\000E\000x\000a\000m\000p\000l\000e\000:\000\040\000M\000u\000l\000t\000i\000-\000T\000o\000o\000l\000\040\000C\000h\000a\000i\000n}{section.8}% 79
\BOOKMARK [1][-]{section.9}{\376\377\000S\000e\000l\000f\000-\000G\000o\000v\000e\000r\000n\000a\000n\000c\000e\000\040\000M\000e\000c\000h\000a\000n\000i\000s\000m\000s}{}% 80
\BOOKMARK [2][-]{subsection.9.1}{\376\377\000W\000A\000L\000:\000\040\000W\000r\000i\000t\000e\000-\000A\000h\000e\000a\000d\000\040\000L\000o\000g}{section.9}% 81
\BOOKMARK [2][-]{subsection.9.2}{\376\377\000V\000B\000R\000:\000\040\000V\000e\000r\000i\000f\000y\000\040\000B\000e\000f\000o\000r\000e\000\040\000R\000e\000p\000o\000r\000t\000i\000n\000g}{section.9}% 82
\BOOKMARK [2][-]{subsection.9.3}{\376\377\000A\000D\000L\000:\000\040\000A\000n\000t\000i\000-\000D\000i\000v\000e\000r\000g\000e\000n\000c\000e\000\040\000L\000i\000m\000i\000t}{section.9}% 83
\BOOKMARK [2][-]{subsection.9.4}{\376\377\000V\000F\000M\000:\000\040\000V\000a\000l\000u\000e\000-\000F\000o\000r\000-\000M\000o\000n\000e\000y}{section.9}% 84
\BOOKMARK [1][-]{section.10}{\376\377\000E\000v\000o\000l\000u\000t\000i\000o\000n\000a\000r\000y\000\040\000F\000r\000a\000m\000e\000w\000o\000r\000k}{}% 85
\BOOKMARK [2][-]{subsection.10.1}{\376\377\000F\000i\000t\000n\000e\000s\000s\000\040\000F\000u\000n\000c\000t\000i\000o\000n}{section.10}% 86
\BOOKMARK [2][-]{subsection.10.2}{\376\377\000M\000u\000t\000a\000t\000i\000o\000n\000\040\000O\000p\000e\000r\000a\000t\000o\000r\000s}{section.10}% 87
\BOOKMARK [2][-]{subsection.10.3}{\376\377\000E\000v\000o\000l\000u\000t\000i\000o\000n\000\040\000L\000o\000o\000p}{section.10}% 88
\BOOKMARK [2][-]{subsection.10.4}{\376\377\000M\000o\000n\000o\000t\000o\000n\000i\000c\000\040\000I\000m\000p\000r\000o\000v\000e\000m\000e\000n\000t\000\040\000G\000u\000a\000r\000a\000n\000t\000e\000e}{section.10}% 89
\BOOKMARK [2][-]{subsection.10.5}{\376\377\000E\000v\000o\000l\000u\000t\000i\000o\000n\000\040\000L\000a\000y\000e\000r\000s\000\040\000R\000o\000a\000d\000m\000a\000p}{section.10}% 90
\BOOKMARK [1][-]{section.11}{\376\377\000C\000l\000a\000w\000C\000h\000a\000i\000n\000\040\000I\000n\000t\000e\000g\000r\000a\000t\000i\000o\000n}{}% 91
\BOOKMARK [2][-]{subsection.11.1}{\376\377\000D\000e\000c\000e\000n\000t\000r\000a\000l\000i\000z\000e\000d\000\040\000I\000d\000e\000n\000t\000i\000t\000y\000\040\000\050\000D\000I\000D\000s\000\051}{section.11}% 92
\BOOKMARK [2][-]{subsection.11.2}{\376\377\000R\000e\000p\000u\000t\000a\000t\000i\000o\000n\000\040\000S\000y\000s\000t\000e\000m}{section.11}% 93
\BOOKMARK [2][-]{subsection.11.3}{\376\377\000G\000e\000n\000o\000m\000e\000\040\000M\000a\000r\000k\000e\000t\000p\000l\000a\000c\000e}{section.11}% 94
\BOOKMARK [2][-]{subsection.11.4}{\376\377\000A\000u\000t\000o\000-\000D\000i\000s\000c\000o\000v\000e\000r\000y}{section.11}% 95
\BOOKMARK [1][-]{section.12}{\376\377\000D\000e\000p\000l\000o\000y\000m\000e\000n\000t\000\040\000a\000n\000d\000\040\000E\000v\000a\000l\000u\000a\000t\000i\000o\000n}{}% 96
\BOOKMARK [2][-]{subsection.12.1}{\376\377\000N\000a\000t\000i\000v\000e\000\040\000D\000e\000p\000l\000o\000y\000m\000e\000n\000t\000\040\000\050\000D\000e\000f\000a\000u\000l\000t\000\051}{section.12}% 97
\BOOKMARK [2][-]{subsection.12.2}{\376\377\000C\000o\000n\000t\000a\000i\000n\000e\000r\000\040\000D\000e\000p\000l\000o\000y\000m\000e\000n\000t\000\040\000\050\000P\000o\000d\000m\000a\000n\000\051}{section.12}% 98
\BOOKMARK [2][-]{subsection.12.3}{\376\377\000C\000l\000o\000u\000d\000\040\000S\000a\000n\000d\000b\000o\000x\000\040\000\050\000E\0002\000B\000\051}{section.12}% 99
\BOOKMARK [2][-]{subsection.12.4}{\376\377\000M\000Q\000T\000T\000\040\000C\000o\000m\000m\000u\000n\000i\000c\000a\000t\000i\000o\000n}{section.12}% 100
\BOOKMARK [1][-]{section.13}{\376\377\000I\000m\000p\000l\000e\000m\000e\000n\000t\000a\000t\000i\000o\000n\000\040\000D\000e\000t\000a\000i\000l\000s}{}% 101
\BOOKMARK [2][-]{subsection.13.1}{\376\377\000T\000e\000c\000h\000n\000o\000l\000o\000g\000y\000\040\000S\000t\000a\000c\000k}{section.13}% 102
\BOOKMARK [2][-]{subsection.13.2}{\376\377\000T\000e\000s\000t\000i\000n\000g}{section.13}% 103
\BOOKMARK [2][-]{subsection.13.3}{\376\377\000C\000o\000d\000e\000\040\000O\000r\000g\000a\000n\000i\000z\000a\000t\000i\000o\000n}{section.13}% 104
\BOOKMARK [1][-]{section.14}{\376\377\000E\000v\000a\000l\000u\000a\000t\000i\000o\000n}{}% 105
\BOOKMARK [2][-]{subsection.14.1}{\376\377\000E\000d\000g\000e\000\040\000D\000e\000p\000l\000o\000y\000m\000e\000n\000t}{section.14}% 106
\BOOKMARK [2][-]{subsection.14.2}{\376\377\000M\000e\000m\000o\000r\000y\000\040\000S\000y\000s\000t\000e\000m}{section.14}% 107
\BOOKMARK [2][-]{subsection.14.3}{\376\377\000R\000o\000u\000t\000i\000n\000g\000\040\000C\000o\000s\000t\000\040\000S\000a\000v\000i\000n\000g\000s}{section.14}% 108
\BOOKMARK [2][-]{subsection.14.4}{\376\377\000L\000o\000n\000g\000-\000T\000e\000r\000m\000\040\000S\000t\000a\000b\000i\000l\000i\000t\000y}{section.14}% 109
\BOOKMARK [1][-]{section.15}{\376\377\000L\000i\000m\000i\000t\000a\000t\000i\000o\000n\000s\000\040\000a\000n\000d\000\040\000F\000u\000t\000u\000r\000e\000\040\000W\000o\000r\000k}{}% 110
\BOOKMARK [2][-]{subsection.15.1}{\376\377\000C\000u\000r\000r\000e\000n\000t\000\040\000L\000i\000m\000i\000t\000a\000t\000i\000o\000n\000s}{section.15}% 111
\BOOKMARK [2][-]{subsection.15.2}{\376\377\000F\000u\000t\000u\000r\000e\000\040\000D\000i\000r\000e\000c\000t\000i\000o\000n\000s}{section.15}% 112
\BOOKMARK [1][-]{section.16}{\376\377\000C\000a\000s\000e\000\040\000S\000t\000u\000d\000i\000e\000s}{}% 113
\BOOKMARK [2][-]{subsection.16.1}{\376\377\000C\000a\000s\000e\000\040\000S\000t\000u\000d\000y\000\040\0001\000:\000\040\000T\000r\000a\000d\000i\000n\000g\000\040\000A\000g\000e\000n\000t\000\040\000o\000n\000\040\000R\000a\000s\000p\000b\000e\000r\000r\000y\000\040\000P\000i}{section.16}% 114
\BOOKMARK [3][-]{subsubsection.16.1.1}{\376\377\000S\000e\000t\000u\000p}{subsection.16.1}% 115
\BOOKMARK [3][-]{subsubsection.16.1.2}{\376\377\000I\000n\000i\000t\000i\000a\000l\000\040\000P\000e\000r\000f\000o\000r\000m\000a\000n\000c\000e}{subsection.16.1}% 116
\BOOKMARK [3][-]{subsubsection.16.1.3}{\376\377\000E\000v\000o\000l\000u\000t\000i\000o\000n\000\040\000H\000i\000s\000t\000o\000r\000y}{subsection.16.1}% 117
\BOOKMARK [3][-]{subsubsection.16.1.4}{\376\377\000F\000i\000n\000a\000l\000\040\000P\000e\000r\000f\000o\000r\000m\000a\000n\000c\000e}{subsection.16.1}% 118
\BOOKMARK [3][-]{subsubsection.16.1.5}{\376\377\000R\000e\000s\000o\000u\000r\000c\000e\000\040\000U\000s\000a\000g\000e}{subsection.16.1}% 119
\BOOKMARK [2][-]{subsection.16.2}{\376\377\000C\000a\000s\000e\000\040\000S\000t\000u\000d\000y\000\040\0002\000:\000\040\000E\000l\000d\000e\000r\000l\000y\000\040\000C\000o\000m\000p\000a\000n\000i\000o\000n\000\040\000A\000g\000e\000n\000t}{section.16}% 120
\BOOKMARK [3][-]{subsubsection.16.2.1}{\376\377\000D\000e\000p\000l\000o\000y\000m\000e\000n\000t\000\040\000C\000o\000n\000t\000e\000x\000t}{subsection.16.2}% 121
\BOOKMARK [3][-]{subsubsection.16.2.2}{\376\377\000M\000e\000m\000o\000r\000y\000\040\000S\000y\000s\000t\000e\000m\000\040\000i\000n\000\040\000A\000c\000t\000i\000o\000n}{subsection.16.2}% 122
\BOOKMARK [3][-]{subsubsection.16.2.3}{\376\377\000E\000v\000o\000l\000u\000t\000i\000o\000n\000\040\000f\000o\000r\000\040\000E\000n\000g\000a\000g\000e\000m\000e\000n\000t}{subsection.16.2}% 123
\BOOKMARK [2][-]{subsection.16.3}{\376\377\000C\000a\000s\000e\000\040\000S\000t\000u\000d\000y\000\040\0003\000:\000\040\000D\000e\000v\000O\000p\000s\000\040\000M\000o\000n\000i\000t\000o\000r\000i\000n\000g\000\040\000A\000g\000e\000n\000t}{section.16}% 124
\BOOKMARK [3][-]{subsubsection.16.3.1}{\376\377\000D\000e\000p\000l\000o\000y\000m\000e\000n\000t}{subsection.16.3}% 125
\BOOKMARK [3][-]{subsubsection.16.3.2}{\376\377\000I\000n\000t\000e\000l\000l\000i\000g\000e\000n\000t\000\040\000R\000o\000u\000t\000i\000n\000g\000\040\000i\000n\000\040\000A\000c\000t\000i\000o\000n}{subsection.16.3}% 126
\BOOKMARK [3][-]{subsubsection.16.3.3}{\376\377\000H\000e\000a\000l\000t\000h\000\040\000R\000e\000g\000i\000s\000t\000r\000y\000\040\000F\000a\000i\000l\000o\000v\000e\000r}{subsection.16.3}% 127
\BOOKMARK [2][-]{subsection.16.4}{\376\377\000C\000r\000o\000s\000s\000-\000C\000a\000s\000e\000\040\000O\000b\000s\000e\000r\000v\000a\000t\000i\000o\000n\000s}{section.16}% 128
\BOOKMARK [1][-]{section.17}{\376\377\000I\000m\000p\000l\000e\000m\000e\000n\000t\000a\000t\000i\000o\000n\000\040\000D\000e\000e\000p\000\040\000D\000i\000v\000e}{}% 129
\BOOKMARK [2][-]{subsection.17.1}{\376\377\000R\000u\000s\000t\000\040\000E\000d\000g\000e\000\040\000A\000g\000e\000n\000t\000\040\000A\000r\000c\000h\000i\000t\000e\000c\000t\000u\000r\000e}{section.17}% 130
\BOOKMARK [2][-]{subsection.17.2}{\376\377\000K\000e\000y\000\040\000D\000a\000t\000a\000\040\000S\000t\000r\000u\000c\000t\000u\000r\000e\000s}{section.17}% 131
\BOOKMARK [3][-]{lstlisting.-18}{\376\377\000G\000e\000n\000o\000m\000e\000\040\000R\000e\000p\000r\000e\000s\000e\000n\000t\000a\000t\000i\000o\000n}{subsection.17.2}% 132
\BOOKMARK [3][-]{lstlisting.-19}{\376\377\000M\000e\000m\000o\000r\000y\000\040\000T\000r\000e\000e\000\040\000N\000o\000d\000e}{subsection.17.2}% 133
\BOOKMARK [3][-]{lstlisting.-20}{\376\377\000H\000e\000a\000l\000t\000h\000\040\000R\000e\000g\000i\000s\000t\000r\000y\000\040\000S\000t\000a\000t\000e}{subsection.17.2}% 134
\BOOKMARK [2][-]{subsection.17.3}{\376\377\000G\000o\000\040\000O\000r\000c\000h\000e\000s\000t\000r\000a\000t\000o\000r\000\040\000A\000r\000c\000h\000i\000t\000e\000c\000t\000u\000r\000e}{section.17}% 135
\BOOKMARK [2][-]{subsection.17.4}{\376\377\000C\000o\000n\000f\000i\000g\000u\000r\000a\000t\000i\000o\000n\000\040\000S\000c\000h\000e\000m\000a}{section.17}% 136
\BOOKMARK [2][-]{subsection.17.5}{\376\377\000T\000e\000s\000t\000i\000n\000g\000\040\000I\000n\000f\000r\000a\000s\000t\000r\000u\000c\000t\000u\000r\000e}{section.17}% 137
\BOOKMARK [2][-]{subsection.17.6}{\376\377\000D\000e\000p\000l\000o\000y\000m\000e\000n\000t\000\040\000A\000u\000t\000o\000m\000a\000t\000i\000o\000n}{section.17}% 138
\BOOKMARK [1][-]{section.18}{\376\377\000C\000o\000n\000c\000l\000u\000s\000i\000o\000n}{}% 139
\BOOKMARK [1][-]{section*.19}{\376\377\000A\000p\000p\000e\000n\000d\000i\000x\000\040\000A\000:\000\040\000F\000o\000r\000m\000a\000l\000\040\000P\000r\000o\000p\000e\000r\000t\000i\000e\000s\000\040\000a\000n\000d\000\040\000P\000r\000o\000o\000f\000s}{}% 140
\BOOKMARK [2][-]{subsection.Appendix.A.1}{\376\377\000M\000e\000m\000o\000r\000y\000\040\000B\000o\000u\000n\000d\000e\000d\000n\000e\000s\000s}{section*.19}% 141
\BOOKMARK [2][-]{subsection.Appendix.A.2}{\376\377\000E\000v\000o\000l\000u\000t\000i\000o\000n\000\040\000C\000o\000n\000v\000e\000r\000g\000e\000n\000c\000e}{section*.19}% 142
\BOOKMARK [2][-]{subsection.Appendix.A.3}{\376\377\000R\000o\000u\000t\000e\000r\000\040\000O\000p\000t\000i\000m\000a\000l\000i\000t\000y}{section*.19}% 143
\BOOKMARK [2][-]{subsection.Appendix.A.4}{\376\377\000S\000a\000f\000e\000t\000y\000\040\000I\000n\000v\000a\000r\000i\000a\000n\000t\000\040\000P\000r\000e\000s\000e\000r\000v\000a\000t\000i\000o\000n}{section*.19}% 144
\BOOKMARK [1][-]{section*.20}{\376\377\000R\000e\000f\000e\000r\000e\000n\000c\000e\000s}{}% 145
